<?xml version="1.0" encoding="UTF-8"?>
<coverage generated="1653208863057" clover="3.2.0">
  <project timestamp="1653208863057" name="All files">
    <metrics statements="356" coveredstatements="212" conditionals="51" coveredconditionals="27" methods="100" coveredmethods="60" elements="507" coveredelements="299" complexity="0" loc="356" ncloc="356" packages="1" files="7" classes="7"/>
    <file name="aptos_account.ts" path="/Users/innodeed/Documents/learning/git/aptos-web3.js/src/aptos_account.ts">
      <metrics statements="23" coveredstatements="23" conditionals="5" coveredconditionals="5" methods="8" coveredmethods="8"/>
      <line num="1" count="4" type="stmt"/>
      <line num="2" count="4" type="stmt"/>
      <line num="3" count="4" type="stmt"/>
      <line num="4" count="4" type="stmt"/>
      <line num="13" count="4" type="stmt"/>
      <line num="21" count="4" type="stmt"/>
      <line num="26" count="16" type="cond" truecount="2" falsecount="0"/>
      <line num="27" count="8" type="stmt"/>
      <line num="29" count="8" type="stmt"/>
      <line num="31" count="16" type="cond" truecount="2" falsecount="0"/>
      <line num="36" count="33" type="stmt"/>
      <line num="42" count="18" type="cond" truecount="1" falsecount="0"/>
      <line num="43" count="11" type="stmt"/>
      <line num="44" count="11" type="stmt"/>
      <line num="45" count="11" type="stmt"/>
      <line num="46" count="11" type="stmt"/>
      <line num="48" count="18" type="stmt"/>
      <line num="53" count="9" type="stmt"/>
      <line num="57" count="7" type="stmt"/>
      <line num="58" count="7" type="stmt"/>
      <line num="62" count="7" type="stmt"/>
      <line num="63" count="7" type="stmt"/>
      <line num="67" count="1" type="stmt"/>
    </file>
    <file name="aptos_client.ts" path="/Users/innodeed/Documents/learning/git/aptos-web3.js/src/aptos_client.ts">
      <metrics statements="80" coveredstatements="75" conditionals="20" coveredconditionals="18" methods="21" coveredmethods="21"/>
      <line num="2" count="4" type="stmt"/>
      <line num="3" count="4" type="stmt"/>
      <line num="4" count="4" type="stmt"/>
      <line num="5" count="4" type="stmt"/>
      <line num="6" count="4" type="stmt"/>
      <line num="7" count="4" type="stmt"/>
      <line num="11" count="4" type="stmt"/>
      <line num="17" count="4" type="stmt"/>
      <line num="18" count="8" type="cond" truecount="8" falsecount="0"/>
      <line num="19" count="4" type="cond" truecount="4" falsecount="0"/>
      <line num="20" count="4" type="stmt"/>
      <line num="21" count="4" type="stmt"/>
      <line num="22" count="4" type="stmt"/>
      <line num="28" count="4" type="stmt"/>
      <line num="33" count="63" type="cond" truecount="1" falsecount="0"/>
      <line num="34" count="4" type="cond" truecount="1" falsecount="0"/>
      <line num="35" count="2" type="stmt"/>
      <line num="37" count="2" type="stmt"/>
      <line num="41" count="4" type="stmt"/>
      <line num="54" count="13" type="stmt"/>
      <line num="57" count="13" type="stmt"/>
      <line num="60" count="50" type="stmt"/>
      <line num="65" count="13" type="stmt"/>
      <line num="66" count="13" type="stmt"/>
      <line num="67" count="13" type="stmt"/>
      <line num="72" count="7" type="stmt"/>
      <line num="73" count="7" type="stmt"/>
      <line num="74" count="7" type="stmt"/>
      <line num="82" count="1" type="stmt"/>
      <line num="83" count="1" type="stmt"/>
      <line num="84" count="1" type="stmt"/>
      <line num="92" count="1" type="stmt"/>
      <line num="93" count="1" type="stmt"/>
      <line num="94" count="1" type="stmt"/>
      <line num="103" count="1" type="stmt"/>
      <line num="104" count="1" type="stmt"/>
      <line num="105" count="1" type="stmt"/>
      <line num="113" count="6" type="stmt"/>
      <line num="114" count="6" type="stmt"/>
      <line num="115" count="6" type="stmt"/>
      <line num="124" count="1" type="stmt"/>
      <line num="129" count="1" type="stmt"/>
      <line num="130" count="1" type="stmt"/>
      <line num="140" count="6" type="stmt"/>
      <line num="141" count="6" type="stmt"/>
      <line num="142" count="6" type="stmt"/>
      <line num="159" count="6" type="stmt"/>
      <line num="160" count="6" type="stmt"/>
      <line num="162" count="6" type="stmt"/>
      <line num="163" count="6" type="stmt"/>
      <line num="172" count="6" type="stmt"/>
      <line num="173" count="6" type="stmt"/>
      <line num="175" count="6" type="stmt"/>
      <line num="181" count="6" type="stmt"/>
      <line num="185" count="1" type="stmt"/>
      <line num="186" count="1" type="stmt"/>
      <line num="187" count="1" type="stmt"/>
      <line num="196" count="2" type="stmt"/>
      <line num="202" count="2" type="stmt"/>
      <line num="203" count="2" type="stmt"/>
      <line num="211" count="6" type="stmt"/>
      <line num="212" count="6" type="stmt"/>
      <line num="213" count="6" type="stmt"/>
      <line num="217" count="1" type="stmt"/>
      <line num="218" count="1" type="stmt"/>
      <line num="219" count="1" type="stmt"/>
      <line num="223" count="1" type="stmt"/>
      <line num="224" count="1" type="stmt"/>
      <line num="225" count="1" type="stmt"/>
      <line num="229" count="16" type="stmt"/>
      <line num="231" count="16" type="cond" truecount="0" falsecount="1"/>
      <line num="232" count="0" type="stmt"/>
      <line num="234" count="16" type="stmt"/>
      <line num="235" count="16" type="stmt"/>
      <line num="240" count="16" type="stmt"/>
      <line num="242" count="16" type="stmt"/>
      <line num="244" count="0" type="stmt"/>
      <line num="245" count="0" type="stmt"/>
      <line num="246" count="0" type="cond" truecount="0" falsecount="1"/>
      <line num="247" count="0" type="stmt"/>
    </file>
    <file name="faucet_client.ts" path="/Users/innodeed/Documents/learning/git/aptos-web3.js/src/faucet_client.ts">
      <metrics statements="16" coveredstatements="16" conditionals="0" coveredconditionals="0" methods="3" coveredmethods="3"/>
      <line num="2" count="3" type="stmt"/>
      <line num="3" count="3" type="stmt"/>
      <line num="5" count="3" type="stmt"/>
      <line num="7" count="3" type="stmt"/>
      <line num="11" count="3" type="stmt"/>
      <line num="12" count="3" type="stmt"/>
      <line num="18" count="7" type="stmt"/>
      <line num="19" count="7" type="stmt"/>
      <line num="20" count="7" type="stmt"/>
      <line num="22" count="7" type="stmt"/>
      <line num="23" count="7" type="stmt"/>
      <line num="24" count="7" type="stmt"/>
      <line num="25" count="10" type="stmt"/>
      <line num="26" count="10" type="stmt"/>
      <line num="28" count="7" type="stmt"/>
      <line num="29" count="7" type="stmt"/>
    </file>
    <file name="hex_string.ts" path="/Users/innodeed/Documents/learning/git/aptos-web3.js/src/hex_string.ts">
      <metrics statements="17" coveredstatements="17" conditionals="3" coveredconditionals="3" methods="10" coveredmethods="10"/>
      <line num="1" count="6" type="stmt"/>
      <line num="7" count="6" type="stmt"/>
      <line num="12" count="3" type="stmt"/>
      <line num="16" count="2" type="stmt"/>
      <line num="20" count="78" type="cond" truecount="1" falsecount="0"/>
      <line num="21" count="52" type="stmt"/>
      <line num="23" count="26" type="stmt"/>
      <line num="27" count="74" type="cond" truecount="2" falsecount="0"/>
      <line num="28" count="34" type="stmt"/>
      <line num="30" count="40" type="stmt"/>
      <line num="35" count="87" type="stmt"/>
      <line num="39" count="25" type="stmt"/>
      <line num="43" count="14" type="stmt"/>
      <line num="47" count="4" type="stmt"/>
      <line num="48" count="4" type="stmt"/>
      <line num="52" count="14" type="stmt"/>
      <line num="56" count="5" type="stmt"/>
    </file>
    <file name="token_client.ts" path="/Users/innodeed/Documents/learning/git/aptos-web3.js/src/token_client.ts">
      <metrics statements="35" coveredstatements="21" conditionals="4" coveredconditionals="0" methods="10" coveredmethods="6"/>
      <line num="6" count="2" type="stmt"/>
      <line num="7" count="2" type="stmt"/>
      <line num="9" count="2" type="stmt"/>
      <line num="13" count="2" type="stmt"/>
      <line num="17" count="4" type="stmt"/>
      <line num="20" count="4" type="stmt"/>
      <line num="21" count="4" type="stmt"/>
      <line num="22" count="4" type="stmt"/>
      <line num="23" count="4" type="stmt"/>
      <line num="33" count="1" type="stmt"/>
      <line num="43" count="1" type="stmt"/>
      <line num="44" count="1" type="stmt"/>
      <line num="56" count="1" type="stmt"/>
      <line num="70" count="1" type="stmt"/>
      <line num="71" count="1" type="stmt"/>
      <line num="83" count="1" type="stmt"/>
      <line num="95" count="1" type="stmt"/>
      <line num="96" count="1" type="stmt"/>
      <line num="107" count="1" type="stmt"/>
      <line num="118" count="1" type="stmt"/>
      <line num="119" count="1" type="stmt"/>
      <line num="129" count="0" type="stmt"/>
      <line num="135" count="0" type="stmt"/>
      <line num="136" count="0" type="stmt"/>
      <line num="140" count="0" type="stmt"/>
      <line num="150" count="0" type="cond" truecount="0" falsecount="2"/>
      <line num="151" count="0" type="stmt"/>
      <line num="152" count="0" type="cond" truecount="0" falsecount="2"/>
      <line num="153" count="0" type="stmt"/>
      <line num="155" count="0" type="stmt"/>
      <line num="161" count="0" type="stmt"/>
      <line num="162" count="0" type="stmt"/>
      <line num="163" count="0" type="stmt"/>
      <line num="169" count="0" type="stmt"/>
      <line num="175" count="0" type="stmt"/>
    </file>
    <file name="util.ts" path="/Users/innodeed/Documents/learning/git/aptos-web3.js/src/util.ts">
      <metrics statements="3" coveredstatements="1" conditionals="0" coveredconditionals="0" methods="2" coveredmethods="0"/>
      <line num="5" count="4" type="stmt"/>
      <line num="6" count="0" type="stmt"/>
      <line num="7" count="0" type="stmt"/>
    </file>
    <file name="wallet_client.ts" path="/Users/innodeed/Documents/learning/git/aptos-web3.js/src/wallet_client.ts">
      <metrics statements="182" coveredstatements="59" conditionals="19" coveredconditionals="1" methods="46" coveredmethods="12"/>
      <line num="1" count="1" type="stmt"/>
      <line num="2" count="1" type="stmt"/>
      <line num="3" count="1" type="stmt"/>
      <line num="4" count="1" type="stmt"/>
      <line num="5" count="1" type="stmt"/>
      <line num="8" count="1" type="stmt"/>
      <line num="9" count="1" type="stmt"/>
      <line num="15" count="1" type="stmt"/>
      <line num="17" count="1" type="stmt"/>
      <line num="18" count="1" type="stmt"/>
      <line num="22" count="1" type="stmt"/>
      <line num="23" count="1" type="stmt"/>
      <line num="24" count="1" type="stmt"/>
      <line num="43" count="1" type="stmt"/>
      <line num="46" count="1" type="stmt"/>
      <line num="50" count="0" type="stmt"/>
      <line num="58" count="0" type="stmt"/>
      <line num="66" count="0" type="stmt"/>
      <line num="71" count="1" type="stmt"/>
      <line num="78" count="2" type="stmt"/>
      <line num="81" count="2" type="stmt"/>
      <line num="82" count="2" type="stmt"/>
      <line num="83" count="2" type="cond" truecount="1" falsecount="0"/>
      <line num="84" count="2" type="stmt"/>
      <line num="87" count="0" type="stmt"/>
      <line num="102" count="1" type="stmt"/>
      <line num="109" count="1" type="stmt"/>
      <line num="113" count="1" type="stmt"/>
      <line num="117" count="1" type="stmt"/>
      <line num="118" count="1" type="stmt"/>
      <line num="125" count="0" type="stmt"/>
      <line num="129" count="0" type="cond" truecount="0" falsecount="1"/>
      <line num="130" count="0" type="stmt"/>
      <line num="132" count="0" type="cond" truecount="0" falsecount="1"/>
      <line num="133" count="0" type="stmt"/>
      <line num="135" count="0" type="stmt"/>
      <line num="139" count="1" type="stmt"/>
      <line num="146" count="1" type="stmt"/>
      <line num="147" count="1" type="stmt"/>
      <line num="148" count="1" type="stmt"/>
      <line num="149" count="1" type="stmt"/>
      <line num="154" count="0" type="cond" truecount="0" falsecount="1"/>
      <line num="155" count="0" type="stmt"/>
      <line num="157" count="0" type="stmt"/>
      <line num="158" count="0" type="stmt"/>
      <line num="159" count="0" type="stmt"/>
      <line num="160" count="0" type="stmt"/>
      <line num="161" count="0" type="stmt"/>
      <line num="162" count="0" type="stmt"/>
      <line num="163" count="0" type="stmt"/>
      <line num="164" count="0" type="stmt"/>
      <line num="165" count="0" type="stmt"/>
      <line num="166" count="0" type="stmt"/>
      <line num="167" count="0" type="stmt"/>
      <line num="168" count="0" type="cond" truecount="0" falsecount="1"/>
      <line num="169" count="0" type="stmt"/>
      <line num="170" count="0" type="stmt"/>
      <line num="176" count="0" type="cond" truecount="0" falsecount="1"/>
      <line num="177" count="0" type="stmt"/>
      <line num="179" count="0" type="stmt"/>
      <line num="180" count="0" type="stmt"/>
      <line num="182" count="0" type="stmt"/>
      <line num="183" count="0" type="cond" truecount="0" falsecount="1"/>
      <line num="184" count="0" type="stmt"/>
      <line num="185" count="0" type="stmt"/>
      <line num="186" count="0" type="stmt"/>
      <line num="189" count="0" type="cond" truecount="0" falsecount="1"/>
      <line num="190" count="0" type="stmt"/>
      <line num="192" count="0" type="stmt"/>
      <line num="197" count="0" type="stmt"/>
      <line num="201" count="2" type="stmt"/>
      <line num="202" count="2" type="stmt"/>
      <line num="203" count="2" type="stmt"/>
      <line num="207" count="2" type="stmt"/>
      <line num="208" count="2" type="stmt"/>
      <line num="209" count="2" type="stmt"/>
      <line num="210" count="2" type="stmt"/>
      <line num="211" count="2" type="stmt"/>
      <line num="212" count="2" type="stmt"/>
      <line num="213" count="2" type="stmt"/>
      <line num="214" count="2" type="stmt"/>
      <line num="220" count="2" type="cond" truecount="0" falsecount="1"/>
      <line num="221" count="0" type="stmt"/>
      <line num="222" count="0" type="stmt"/>
      <line num="223" count="0" type="stmt"/>
      <line num="224" count="0" type="stmt"/>
      <line num="226" count="2" type="stmt"/>
      <line num="227" count="2" type="stmt"/>
      <line num="229" count="0" type="stmt"/>
      <line num="233" count="0" type="stmt"/>
      <line num="238" count="0" type="stmt"/>
      <line num="239" count="0" type="stmt"/>
      <line num="240" count="0" type="stmt"/>
      <line num="241" count="0" type="stmt"/>
      <line num="245" count="2" type="stmt"/>
      <line num="246" count="2" type="stmt"/>
      <line num="247" count="2" type="stmt"/>
      <line num="248" count="2" type="stmt"/>
      <line num="252" count="1" type="stmt"/>
      <line num="256" count="2" type="stmt"/>
      <line num="257" count="2" type="stmt"/>
      <line num="265" count="1" type="stmt"/>
      <line num="266" count="1" type="cond" truecount="0" falsecount="1"/>
      <line num="267" count="0" type="stmt"/>
      <line num="270" count="1" type="stmt"/>
      <line num="273" count="1" type="cond" truecount="0" falsecount="1"/>
      <line num="274" count="0" type="stmt"/>
      <line num="277" count="1" type="stmt"/>
      <line num="282" count="1" type="stmt"/>
      <line num="284" count="1" type="stmt"/>
      <line num="286" count="0" type="stmt"/>
      <line num="289" count="0" type="stmt"/>
      <line num="290" count="0" type="cond" truecount="0" falsecount="2"/>
      <line num="291" count="0" type="stmt"/>
      <line num="293" count="0" type="stmt"/>
      <line num="299" count="0" type="stmt"/>
      <line num="303" count="0" type="stmt"/>
      <line num="312" count="0" type="stmt"/>
      <line num="328" count="0" type="stmt"/>
      <line num="346" count="0" type="stmt"/>
      <line num="363" count="0" type="stmt"/>
      <line num="368" count="0" type="stmt"/>
      <line num="383" count="0" type="stmt"/>
      <line num="402" count="0" type="stmt"/>
      <line num="408" count="0" type="stmt"/>
      <line num="412" count="0" type="stmt"/>
      <line num="416" count="0" type="stmt"/>
      <line num="417" count="0" type="stmt"/>
      <line num="418" count="0" type="cond" truecount="0" falsecount="1"/>
      <line num="419" count="0" type="stmt"/>
      <line num="421" count="0" type="stmt"/>
      <line num="424" count="0" type="stmt"/>
      <line num="428" count="0" type="stmt"/>
      <line num="429" count="0" type="stmt"/>
      <line num="430" count="0" type="stmt"/>
      <line num="442" count="0" type="stmt"/>
      <line num="449" count="0" type="cond" truecount="0" falsecount="1"/>
      <line num="450" count="0" type="stmt"/>
      <line num="453" count="0" type="stmt"/>
      <line num="458" count="0" type="stmt"/>
      <line num="463" count="0" type="stmt"/>
      <line num="469" count="0" type="stmt"/>
      <line num="475" count="0" type="stmt"/>
      <line num="476" count="0" type="stmt"/>
      <line num="477" count="0" type="cond" truecount="0" falsecount="1"/>
      <line num="479" count="0" type="stmt"/>
      <line num="482" count="0" type="stmt"/>
      <line num="485" count="0" type="stmt"/>
      <line num="489" count="0" type="stmt"/>
      <line num="490" count="0" type="stmt"/>
      <line num="491" count="0" type="stmt"/>
      <line num="493" count="0" type="stmt"/>
      <line num="494" count="0" type="stmt"/>
      <line num="495" count="0" type="stmt"/>
      <line num="497" count="0" type="stmt"/>
      <line num="503" count="0" type="stmt"/>
      <line num="505" count="0" type="stmt"/>
      <line num="510" count="0" type="stmt"/>
      <line num="511" count="0" type="stmt"/>
      <line num="512" count="0" type="stmt"/>
      <line num="514" count="0" type="stmt"/>
      <line num="520" count="0" type="stmt"/>
      <line num="526" count="0" type="stmt"/>
      <line num="527" count="0" type="stmt"/>
      <line num="528" count="0" type="stmt"/>
      <line num="530" count="0" type="stmt"/>
      <line num="536" count="0" type="stmt"/>
      <line num="548" count="0" type="stmt"/>
      <line num="549" count="0" type="stmt"/>
      <line num="550" count="0" type="stmt"/>
      <line num="552" count="0" type="stmt"/>
      <line num="558" count="0" type="stmt"/>
      <line num="574" count="0" type="stmt"/>
      <line num="584" count="0" type="stmt"/>
      <line num="594" count="0" type="stmt"/>
      <line num="600" count="0" type="stmt"/>
      <line num="615" count="0" type="stmt"/>
      <line num="621" count="0" type="stmt"/>
      <line num="636" count="0" type="stmt"/>
      <line num="642" count="0" type="stmt"/>
      <line num="646" count="0" type="stmt"/>
      <line num="650" count="0" type="stmt"/>
    </file>
  </project>
</coverage>
