<?xml version="1.0" encoding="UTF-8"?>
<coverage generated="1656573593229" clover="3.2.0">
  <project timestamp="1656573593229" name="All files">
    <metrics statements="375" coveredstatements="229" conditionals="52" coveredconditionals="28" methods="104" coveredmethods="65" elements="531" coveredelements="322" complexity="0" loc="375" ncloc="375" packages="1" files="7" classes="7"/>
    <file name="aptos_account.ts" path="/Users/innodeed/Documents/learning/git/aptos-web3.js/src/aptos_account.ts">
      <metrics statements="23" coveredstatements="23" conditionals="5" coveredconditionals="5" methods="8" coveredmethods="8"/>
      <line num="1" count="4" type="stmt"/>
      <line num="2" count="4" type="stmt"/>
      <line num="3" count="4" type="stmt"/>
      <line num="4" count="4" type="stmt"/>
      <line num="13" count="4" type="stmt"/>
      <line num="21" count="4" type="stmt"/>
      <line num="26" count="16" type="cond" truecount="2" falsecount="0"/>
      <line num="27" count="8" type="stmt"/>
      <line num="29" count="8" type="stmt"/>
      <line num="31" count="16" type="cond" truecount="2" falsecount="0"/>
      <line num="36" count="34" type="stmt"/>
      <line num="42" count="18" type="cond" truecount="1" falsecount="0"/>
      <line num="43" count="11" type="stmt"/>
      <line num="44" count="11" type="stmt"/>
      <line num="45" count="11" type="stmt"/>
      <line num="46" count="11" type="stmt"/>
      <line num="48" count="18" type="stmt"/>
      <line num="53" count="8" type="stmt"/>
      <line num="57" count="6" type="stmt"/>
      <line num="58" count="6" type="stmt"/>
      <line num="62" count="6" type="stmt"/>
      <line num="63" count="6" type="stmt"/>
      <line num="67" count="1" type="stmt"/>
    </file>
    <file name="aptos_client.ts" path="/Users/innodeed/Documents/learning/git/aptos-web3.js/src/aptos_client.ts">
      <metrics statements="80" coveredstatements="75" conditionals="20" coveredconditionals="18" methods="21" coveredmethods="21"/>
      <line num="2" count="4" type="stmt"/>
      <line num="3" count="4" type="stmt"/>
      <line num="4" count="4" type="stmt"/>
      <line num="5" count="4" type="stmt"/>
      <line num="6" count="4" type="stmt"/>
      <line num="7" count="4" type="stmt"/>
      <line num="11" count="4" type="stmt"/>
      <line num="17" count="4" type="stmt"/>
      <line num="18" count="8" type="cond" truecount="8" falsecount="0"/>
      <line num="19" count="4" type="cond" truecount="4" falsecount="0"/>
      <line num="20" count="4" type="stmt"/>
      <line num="21" count="4" type="stmt"/>
      <line num="22" count="4" type="stmt"/>
      <line num="28" count="4" type="stmt"/>
      <line num="33" count="65" type="cond" truecount="1" falsecount="0"/>
      <line num="34" count="4" type="cond" truecount="1" falsecount="0"/>
      <line num="35" count="2" type="stmt"/>
      <line num="37" count="2" type="stmt"/>
      <line num="41" count="4" type="stmt"/>
      <line num="54" count="13" type="stmt"/>
      <line num="57" count="13" type="stmt"/>
      <line num="60" count="52" type="stmt"/>
      <line num="65" count="13" type="stmt"/>
      <line num="66" count="13" type="stmt"/>
      <line num="67" count="13" type="stmt"/>
      <line num="72" count="6" type="stmt"/>
      <line num="73" count="6" type="stmt"/>
      <line num="74" count="6" type="stmt"/>
      <line num="82" count="2" type="stmt"/>
      <line num="83" count="2" type="stmt"/>
      <line num="84" count="2" type="stmt"/>
      <line num="92" count="1" type="stmt"/>
      <line num="93" count="1" type="stmt"/>
      <line num="94" count="1" type="stmt"/>
      <line num="103" count="1" type="stmt"/>
      <line num="104" count="1" type="stmt"/>
      <line num="105" count="1" type="stmt"/>
      <line num="113" count="8" type="stmt"/>
      <line num="114" count="8" type="stmt"/>
      <line num="115" count="8" type="stmt"/>
      <line num="124" count="1" type="stmt"/>
      <line num="129" count="1" type="stmt"/>
      <line num="130" count="1" type="stmt"/>
      <line num="140" count="5" type="stmt"/>
      <line num="141" count="5" type="stmt"/>
      <line num="142" count="5" type="stmt"/>
      <line num="159" count="5" type="stmt"/>
      <line num="160" count="5" type="stmt"/>
      <line num="162" count="5" type="stmt"/>
      <line num="163" count="5" type="stmt"/>
      <line num="172" count="5" type="stmt"/>
      <line num="173" count="5" type="stmt"/>
      <line num="175" count="5" type="stmt"/>
      <line num="181" count="5" type="stmt"/>
      <line num="185" count="1" type="stmt"/>
      <line num="186" count="1" type="stmt"/>
      <line num="187" count="1" type="stmt"/>
      <line num="196" count="2" type="stmt"/>
      <line num="202" count="2" type="stmt"/>
      <line num="203" count="2" type="stmt"/>
      <line num="211" count="5" type="stmt"/>
      <line num="212" count="5" type="stmt"/>
      <line num="213" count="5" type="stmt"/>
      <line num="217" count="1" type="stmt"/>
      <line num="218" count="1" type="stmt"/>
      <line num="219" count="1" type="stmt"/>
      <line num="223" count="4" type="stmt"/>
      <line num="224" count="4" type="stmt"/>
      <line num="225" count="4" type="stmt"/>
      <line num="229" count="15" type="stmt"/>
      <line num="231" count="15" type="cond" truecount="0" falsecount="1"/>
      <line num="232" count="0" type="stmt"/>
      <line num="234" count="15" type="stmt"/>
      <line num="235" count="15" type="stmt"/>
      <line num="240" count="15" type="stmt"/>
      <line num="242" count="15" type="stmt"/>
      <line num="244" count="0" type="stmt"/>
      <line num="245" count="0" type="stmt"/>
      <line num="246" count="0" type="cond" truecount="0" falsecount="1"/>
      <line num="247" count="0" type="stmt"/>
    </file>
    <file name="faucet_client.ts" path="/Users/innodeed/Documents/learning/git/aptos-web3.js/src/faucet_client.ts">
      <metrics statements="16" coveredstatements="16" conditionals="0" coveredconditionals="0" methods="3" coveredmethods="3"/>
      <line num="2" count="3" type="stmt"/>
      <line num="3" count="3" type="stmt"/>
      <line num="5" count="3" type="stmt"/>
      <line num="7" count="3" type="stmt"/>
      <line num="11" count="3" type="stmt"/>
      <line num="12" count="3" type="stmt"/>
      <line num="18" count="7" type="stmt"/>
      <line num="19" count="7" type="stmt"/>
      <line num="20" count="7" type="stmt"/>
      <line num="22" count="7" type="stmt"/>
      <line num="23" count="7" type="stmt"/>
      <line num="24" count="7" type="stmt"/>
      <line num="25" count="10" type="stmt"/>
      <line num="26" count="10" type="stmt"/>
      <line num="28" count="7" type="stmt"/>
      <line num="29" count="7" type="stmt"/>
    </file>
    <file name="hex_string.ts" path="/Users/innodeed/Documents/learning/git/aptos-web3.js/src/hex_string.ts">
      <metrics statements="17" coveredstatements="17" conditionals="3" coveredconditionals="3" methods="10" coveredmethods="10"/>
      <line num="1" count="6" type="stmt"/>
      <line num="7" count="6" type="stmt"/>
      <line num="12" count="3" type="stmt"/>
      <line num="16" count="2" type="stmt"/>
      <line num="20" count="76" type="cond" truecount="1" falsecount="0"/>
      <line num="21" count="49" type="stmt"/>
      <line num="23" count="27" type="stmt"/>
      <line num="27" count="71" type="cond" truecount="2" falsecount="0"/>
      <line num="28" count="34" type="stmt"/>
      <line num="30" count="37" type="stmt"/>
      <line num="35" count="83" type="stmt"/>
      <line num="39" count="24" type="stmt"/>
      <line num="43" count="15" type="stmt"/>
      <line num="47" count="4" type="stmt"/>
      <line num="48" count="4" type="stmt"/>
      <line num="52" count="13" type="stmt"/>
      <line num="56" count="5" type="stmt"/>
    </file>
    <file name="token_client.ts" path="/Users/innodeed/Documents/learning/git/aptos-web3.js/src/token_client.ts">
      <metrics statements="43" coveredstatements="19" conditionals="4" coveredconditionals="0" methods="11" coveredmethods="5"/>
      <line num="6" count="2" type="stmt"/>
      <line num="7" count="2" type="stmt"/>
      <line num="15" count="2" type="stmt"/>
      <line num="19" count="2" type="stmt"/>
      <line num="23" count="3" type="stmt"/>
      <line num="26" count="3" type="stmt"/>
      <line num="27" count="3" type="stmt"/>
      <line num="28" count="3" type="stmt"/>
      <line num="29" count="3" type="stmt"/>
      <line num="33" count="2" type="stmt"/>
      <line num="35" count="2" type="stmt"/>
      <line num="45" count="1" type="stmt"/>
      <line num="55" count="1" type="stmt"/>
      <line num="56" count="1" type="stmt"/>
      <line num="57" count="1" type="stmt"/>
      <line num="69" count="1" type="stmt"/>
      <line num="84" count="1" type="stmt"/>
      <line num="85" count="1" type="stmt"/>
      <line num="86" count="1" type="stmt"/>
      <line num="98" count="0" type="stmt"/>
      <line num="110" count="0" type="stmt"/>
      <line num="111" count="0" type="stmt"/>
      <line num="112" count="0" type="stmt"/>
      <line num="123" count="0" type="stmt"/>
      <line num="134" count="0" type="stmt"/>
      <line num="135" count="0" type="stmt"/>
      <line num="136" count="0" type="stmt"/>
      <line num="146" count="0" type="stmt"/>
      <line num="152" count="0" type="stmt"/>
      <line num="153" count="0" type="stmt"/>
      <line num="154" count="0" type="stmt"/>
      <line num="155" count="0" type="stmt"/>
      <line num="159" count="0" type="stmt"/>
      <line num="169" count="0" type="cond" truecount="0" falsecount="2"/>
      <line num="170" count="0" type="stmt"/>
      <line num="171" count="0" type="cond" truecount="0" falsecount="2"/>
      <line num="172" count="0" type="stmt"/>
      <line num="174" count="0" type="stmt"/>
      <line num="180" count="0" type="stmt"/>
      <line num="181" count="0" type="stmt"/>
      <line num="182" count="0" type="stmt"/>
      <line num="188" count="0" type="stmt"/>
      <line num="194" count="0" type="stmt"/>
    </file>
    <file name="util.ts" path="/Users/innodeed/Documents/learning/git/aptos-web3.js/src/util.ts">
      <metrics statements="3" coveredstatements="1" conditionals="0" coveredconditionals="0" methods="2" coveredmethods="0"/>
      <line num="5" count="4" type="stmt"/>
      <line num="6" count="0" type="stmt"/>
      <line num="7" count="0" type="stmt"/>
    </file>
    <file name="wallet_client.ts" path="/Users/innodeed/Documents/learning/git/aptos-web3.js/src/wallet_client.ts">
      <metrics statements="193" coveredstatements="78" conditionals="20" coveredconditionals="2" methods="49" coveredmethods="18"/>
      <line num="1" count="1" type="stmt"/>
      <line num="2" count="1" type="stmt"/>
      <line num="3" count="1" type="stmt"/>
      <line num="4" count="1" type="stmt"/>
      <line num="5" count="1" type="stmt"/>
      <line num="8" count="1" type="stmt"/>
      <line num="9" count="1" type="stmt"/>
      <line num="11" count="1" type="stmt"/>
      <line num="12" count="1" type="stmt"/>
      <line num="13" count="1" type="stmt"/>
      <line num="15" count="1" type="stmt"/>
      <line num="16" count="1" type="stmt"/>
      <line num="17" count="1" type="stmt"/>
      <line num="36" count="1" type="stmt"/>
      <line num="39" count="1" type="stmt"/>
      <line num="43" count="0" type="stmt"/>
      <line num="51" count="0" type="stmt"/>
      <line num="59" count="0" type="stmt"/>
      <line num="64" count="1" type="stmt"/>
      <line num="68" count="1" type="stmt"/>
      <line num="69" count="1" type="stmt"/>
      <line num="76" count="4" type="stmt"/>
      <line num="79" count="4" type="stmt"/>
      <line num="80" count="4" type="stmt"/>
      <line num="81" count="4" type="cond" truecount="1" falsecount="0"/>
      <line num="82" count="4" type="stmt"/>
      <line num="85" count="0" type="stmt"/>
      <line num="100" count="1" type="stmt"/>
      <line num="107" count="1" type="stmt"/>
      <line num="111" count="1" type="stmt"/>
      <line num="115" count="1" type="stmt"/>
      <line num="116" count="1" type="stmt"/>
      <line num="123" count="0" type="stmt"/>
      <line num="127" count="0" type="cond" truecount="0" falsecount="1"/>
      <line num="128" count="0" type="stmt"/>
      <line num="130" count="0" type="cond" truecount="0" falsecount="1"/>
      <line num="131" count="0" type="stmt"/>
      <line num="133" count="0" type="stmt"/>
      <line num="137" count="1" type="stmt"/>
      <line num="144" count="1" type="stmt"/>
      <line num="145" count="1" type="stmt"/>
      <line num="146" count="1" type="stmt"/>
      <line num="147" count="1" type="stmt"/>
      <line num="152" count="0" type="cond" truecount="0" falsecount="1"/>
      <line num="153" count="0" type="stmt"/>
      <line num="155" count="0" type="stmt"/>
      <line num="156" count="0" type="stmt"/>
      <line num="157" count="0" type="stmt"/>
      <line num="158" count="0" type="stmt"/>
      <line num="159" count="0" type="stmt"/>
      <line num="160" count="0" type="stmt"/>
      <line num="161" count="0" type="stmt"/>
      <line num="162" count="0" type="stmt"/>
      <line num="163" count="0" type="stmt"/>
      <line num="164" count="0" type="stmt"/>
      <line num="165" count="0" type="stmt"/>
      <line num="166" count="0" type="cond" truecount="0" falsecount="1"/>
      <line num="167" count="0" type="stmt"/>
      <line num="168" count="0" type="stmt"/>
      <line num="174" count="0" type="cond" truecount="0" falsecount="1"/>
      <line num="175" count="0" type="stmt"/>
      <line num="177" count="0" type="stmt"/>
      <line num="178" count="0" type="stmt"/>
      <line num="180" count="0" type="stmt"/>
      <line num="181" count="0" type="cond" truecount="0" falsecount="1"/>
      <line num="182" count="0" type="stmt"/>
      <line num="183" count="0" type="stmt"/>
      <line num="184" count="0" type="stmt"/>
      <line num="187" count="0" type="cond" truecount="0" falsecount="1"/>
      <line num="188" count="0" type="stmt"/>
      <line num="190" count="0" type="stmt"/>
      <line num="195" count="0" type="stmt"/>
      <line num="199" count="2" type="stmt"/>
      <line num="200" count="2" type="stmt"/>
      <line num="201" count="2" type="stmt"/>
      <line num="205" count="2" type="stmt"/>
      <line num="206" count="2" type="stmt"/>
      <line num="207" count="2" type="stmt"/>
      <line num="208" count="2" type="stmt"/>
      <line num="209" count="2" type="stmt"/>
      <line num="210" count="2" type="stmt"/>
      <line num="211" count="2" type="stmt"/>
      <line num="212" count="2" type="stmt"/>
      <line num="218" count="2" type="cond" truecount="0" falsecount="1"/>
      <line num="219" count="0" type="stmt"/>
      <line num="220" count="0" type="stmt"/>
      <line num="221" count="0" type="stmt"/>
      <line num="222" count="0" type="stmt"/>
      <line num="224" count="2" type="stmt"/>
      <line num="225" count="2" type="stmt"/>
      <line num="227" count="0" type="stmt"/>
      <line num="231" count="0" type="stmt"/>
      <line num="236" count="0" type="stmt"/>
      <line num="237" count="0" type="stmt"/>
      <line num="238" count="0" type="stmt"/>
      <line num="239" count="0" type="stmt"/>
      <line num="243" count="2" type="stmt"/>
      <line num="244" count="2" type="stmt"/>
      <line num="245" count="2" type="stmt"/>
      <line num="246" count="2" type="stmt"/>
      <line num="250" count="1" type="stmt"/>
      <line num="254" count="4" type="stmt"/>
      <line num="255" count="4" type="stmt"/>
      <line num="259" count="0" type="stmt"/>
      <line num="262" count="0" type="stmt"/>
      <line num="276" count="0" type="stmt"/>
      <line num="284" count="1" type="stmt"/>
      <line num="285" count="1" type="cond" truecount="0" falsecount="1"/>
      <line num="286" count="0" type="stmt"/>
      <line num="289" count="1" type="stmt"/>
      <line num="292" count="1" type="cond" truecount="0" falsecount="1"/>
      <line num="293" count="0" type="stmt"/>
      <line num="296" count="1" type="stmt"/>
      <line num="301" count="1" type="stmt"/>
      <line num="303" count="1" type="stmt"/>
      <line num="305" count="0" type="stmt"/>
      <line num="308" count="0" type="stmt"/>
      <line num="309" count="0" type="cond" truecount="0" falsecount="2"/>
      <line num="310" count="0" type="stmt"/>
      <line num="312" count="0" type="stmt"/>
      <line num="318" count="1" type="stmt"/>
      <line num="322" count="0" type="stmt"/>
      <line num="331" count="0" type="stmt"/>
      <line num="347" count="0" type="stmt"/>
      <line num="365" count="0" type="stmt"/>
      <line num="382" count="0" type="stmt"/>
      <line num="387" count="0" type="stmt"/>
      <line num="402" count="0" type="stmt"/>
      <line num="422" count="1" type="stmt"/>
      <line num="428" count="1" type="stmt"/>
      <line num="432" count="1" type="stmt"/>
      <line num="433" count="1" type="stmt"/>
      <line num="437" count="0" type="stmt"/>
      <line num="441" count="0" type="stmt"/>
      <line num="442" count="0" type="stmt"/>
      <line num="443" count="0" type="cond" truecount="0" falsecount="1"/>
      <line num="444" count="0" type="stmt"/>
      <line num="446" count="0" type="stmt"/>
      <line num="449" count="0" type="stmt"/>
      <line num="453" count="0" type="stmt"/>
      <line num="454" count="0" type="stmt"/>
      <line num="461" count="0" type="cond" truecount="0" falsecount="1"/>
      <line num="462" count="0" type="stmt"/>
      <line num="469" count="0" type="stmt"/>
      <line num="481" count="2" type="stmt"/>
      <line num="488" count="2" type="cond" truecount="1" falsecount="0"/>
      <line num="489" count="2" type="stmt"/>
      <line num="492" count="0" type="stmt"/>
      <line num="497" count="1" type="stmt"/>
      <line num="502" count="1" type="stmt"/>
      <line num="508" count="0" type="stmt"/>
      <line num="514" count="1" type="stmt"/>
      <line num="515" count="1" type="stmt"/>
      <line num="516" count="0" type="cond" truecount="0" falsecount="1"/>
      <line num="518" count="0" type="stmt"/>
      <line num="521" count="0" type="stmt"/>
      <line num="524" count="1" type="stmt"/>
      <line num="528" count="1" type="stmt"/>
      <line num="529" count="1" type="stmt"/>
      <line num="530" count="1" type="stmt"/>
      <line num="532" count="0" type="stmt"/>
      <line num="533" count="0" type="stmt"/>
      <line num="534" count="0" type="stmt"/>
      <line num="536" count="0" type="stmt"/>
      <line num="542" count="0" type="stmt"/>
      <line num="546" count="0" type="stmt"/>
      <line num="547" count="0" type="stmt"/>
      <line num="549" count="1" type="stmt"/>
      <line num="554" count="0" type="stmt"/>
      <line num="555" count="0" type="stmt"/>
      <line num="556" count="0" type="stmt"/>
      <line num="558" count="0" type="stmt"/>
      <line num="564" count="0" type="stmt"/>
      <line num="570" count="0" type="stmt"/>
      <line num="571" count="0" type="stmt"/>
      <line num="572" count="0" type="stmt"/>
      <line num="574" count="0" type="stmt"/>
      <line num="580" count="0" type="stmt"/>
      <line num="592" count="0" type="stmt"/>
      <line num="593" count="0" type="stmt"/>
      <line num="594" count="0" type="stmt"/>
      <line num="596" count="0" type="stmt"/>
      <line num="602" count="0" type="stmt"/>
      <line num="618" count="0" type="stmt"/>
      <line num="628" count="0" type="stmt"/>
      <line num="638" count="0" type="stmt"/>
      <line num="644" count="0" type="stmt"/>
      <line num="659" count="0" type="stmt"/>
      <line num="665" count="0" type="stmt"/>
      <line num="680" count="0" type="stmt"/>
      <line num="686" count="0" type="stmt"/>
      <line num="690" count="0" type="stmt"/>
      <line num="694" count="0" type="stmt"/>
    </file>
  </project>
</coverage>
