{"/Users/innodeed/Documents/learning/git/aptos-web3.js/src/aptos_account.ts": {"path":"/Users/innodeed/Documents/learning/git/aptos-web3.js/src/aptos_account.ts","statementMap":{"0":{"start":{"line":1,"column":0},"end":{"line":1,"column":34}},"1":{"start":{"line":2,"column":0},"end":{"line":2,"column":32}},"2":{"start":{"line":3,"column":0},"end":{"line":3,"column":33}},"3":{"start":{"line":4,"column":0},"end":{"line":4,"column":57}},"4":{"start":{"line":42,"column":4},"end":{"line":46,"column":null}},"5":{"start":{"line":43,"column":6},"end":{"line":43,"column":81}},"6":{"start":{"line":45,"column":6},"end":{"line":45,"column":44}},"7":{"start":{"line":47,"column":4},"end":{"line":47,"column":76}},"8":{"start":{"line":30,"column":4},"end":{"line":30,"column":93}},"9":{"start":{"line":57,"column":4},"end":{"line":57,"column":31}},"10":{"start":{"line":67,"column":4},"end":{"line":72,"column":null}},"11":{"start":{"line":68,"column":19},"end":{"line":68,"column":41}},"12":{"start":{"line":69,"column":6},"end":{"line":69,"column":58}},"13":{"start":{"line":70,"column":6},"end":{"line":70,"column":26}},"14":{"start":{"line":71,"column":6},"end":{"line":71,"column":53}},"15":{"start":{"line":73,"column":4},"end":{"line":73,"column":30}},"16":{"start":{"line":82,"column":4},"end":{"line":82,"column":84}},"17":{"start":{"line":91,"column":22},"end":{"line":91,"column":66}},"18":{"start":{"line":92,"column":4},"end":{"line":92,"column":82}},"19":{"start":{"line":101,"column":19},"end":{"line":101,"column":57}},"20":{"start":{"line":102,"column":4},"end":{"line":102,"column":35}},"21":{"start":{"line":119,"column":4},"end":{"line":123,"column":6}},"22":{"start":{"line":16,"column":0},"end":{"line":16,"column":13}}},"fnMap":{"0":{"name":"(anonymous_6)","decl":{"start":{"line":41,"column":2},"end":{"line":41,"column":14}},"loc":{"start":{"line":41,"column":80},"end":{"line":48,"column":3}}},"1":{"name":"(anonymous_7)","decl":{"start":{"line":29,"column":2},"end":{"line":29,"column":8}},"loc":{"start":{"line":29,"column":55},"end":{"line":31,"column":3}}},"2":{"name":"(anonymous_8)","decl":{"start":{"line":56,"column":2},"end":{"line":56,"column":9}},"loc":{"start":{"line":56,"column":9},"end":{"line":58,"column":3}}},"3":{"name":"(anonymous_9)","decl":{"start":{"line":66,"column":2},"end":{"line":66,"column":9}},"loc":{"start":{"line":66,"column":9},"end":{"line":74,"column":3}}},"4":{"name":"(anonymous_10)","decl":{"start":{"line":81,"column":2},"end":{"line":81,"column":8}},"loc":{"start":{"line":81,"column":8},"end":{"line":83,"column":3}}},"5":{"name":"(anonymous_11)","decl":{"start":{"line":90,"column":2},"end":{"line":90,"column":12}},"loc":{"start":{"line":90,"column":27},"end":{"line":93,"column":3}}},"6":{"name":"(anonymous_12)","decl":{"start":{"line":100,"column":2},"end":{"line":100,"column":15}},"loc":{"start":{"line":100,"column":41},"end":{"line":103,"column":3}}},"7":{"name":"(anonymous_13)","decl":{"start":{"line":118,"column":2},"end":{"line":118,"column":20}},"loc":{"start":{"line":118,"column":20},"end":{"line":124,"column":3}}}},"branchMap":{"0":{"loc":{"start":{"line":42,"column":4},"end":{"line":46,"column":null}},"type":"if","locations":[{"start":{"line":42,"column":4},"end":{"line":46,"column":null}},{"start":{"line":44,"column":11},"end":{"line":46,"column":null}}]},"1":{"loc":{"start":{"line":47,"column":43},"end":{"line":47,"column":74}},"type":"binary-expr","locations":[{"start":{"line":47,"column":43},"end":{"line":47,"column":50}},{"start":{"line":47,"column":54},"end":{"line":47,"column":74}}]},"2":{"loc":{"start":{"line":67,"column":4},"end":{"line":72,"column":null}},"type":"if","locations":[{"start":{"line":67,"column":4},"end":{"line":72,"column":null}}]}},"s":{"0":1,"1":1,"2":1,"3":1,"4":2,"5":2,"6":0,"7":2,"8":0,"9":0,"10":3,"11":1,"12":1,"13":1,"14":1,"15":3,"16":1,"17":1,"18":1,"19":0,"20":0,"21":0,"22":1},"f":{"0":2,"1":0,"2":0,"3":3,"4":1,"5":1,"6":0,"7":0},"b":{"0":[2,0],"1":[2,1],"2":[1]}}
,"/Users/innodeed/Documents/learning/git/aptos-web3.js/src/aptos_client.ts": {"path":"/Users/innodeed/Documents/learning/git/aptos-web3.js/src/aptos_client.ts","statementMap":{"0":{"start":{"line":2,"column":0},"end":{"line":2,"column":53}},"1":{"start":{"line":3,"column":0},"end":{"line":3,"column":42}},"2":{"start":{"line":4,"column":0},"end":{"line":4,"column":38}},"3":{"start":{"line":5,"column":0},"end":{"line":5,"column":50}},"4":{"start":{"line":6,"column":0},"end":{"line":6,"column":62}},"5":{"start":{"line":7,"column":0},"end":{"line":7,"column":57}},"6":{"start":{"line":8,"column":0},"end":{"line":8,"column":31}},"7":{"start":{"line":11,"column":0},"end":{"line":11,"column":38}},"8":{"start":{"line":13,"column":0},"end":{"line":13,"column":83}},"9":{"start":{"line":21,"column":17},"end":{"line":21,"column":46}},"10":{"start":{"line":22,"column":24},"end":{"line":22,"column":100}},"11":{"start":{"line":22,"column":87},"end":{"line":22,"column":90}},"12":{"start":{"line":23,"column":4},"end":{"line":23,"column":116}},"13":{"start":{"line":24,"column":4},"end":{"line":24,"column":29}},"14":{"start":{"line":25,"column":4},"end":{"line":25,"column":35}},"15":{"start":{"line":26,"column":4},"end":{"line":26,"column":54}},"16":{"start":{"line":15,"column":0},"end":{"line":15,"column":13}},"17":{"start":{"line":37,"column":2},"end":{"line":42,"column":null}},"18":{"start":{"line":38,"column":4},"end":{"line":40,"column":null}},"19":{"start":{"line":39,"column":6},"end":{"line":39,"column":92}},"20":{"start":{"line":41,"column":4},"end":{"line":41,"column":58}},"21":{"start":{"line":32,"column":0},"end":{"line":32,"column":16}},"22":{"start":{"line":70,"column":4},"end":{"line":70,"column":27}},"23":{"start":{"line":73,"column":4},"end":{"line":78,"column":7}},"24":{"start":{"line":76,"column":28},"end":{"line":76,"column":32}},"25":{"start":{"line":81,"column":4},"end":{"line":81,"column":46}},"26":{"start":{"line":82,"column":4},"end":{"line":82,"column":42}},"27":{"start":{"line":83,"column":4},"end":{"line":83,"column":42}},"28":{"start":{"line":84,"column":4},"end":{"line":84,"column":54}},"29":{"start":{"line":100,"column":21},"end":{"line":100,"column":91}},"30":{"start":{"line":101,"column":4},"end":{"line":101,"column":34}},"31":{"start":{"line":102,"column":4},"end":{"line":102,"column":25}},"32":{"start":{"line":117,"column":21},"end":{"line":117,"column":110}},"33":{"start":{"line":118,"column":4},"end":{"line":118,"column":34}},"34":{"start":{"line":119,"column":4},"end":{"line":119,"column":25}},"35":{"start":{"line":134,"column":21},"end":{"line":134,"column":105}},"36":{"start":{"line":135,"column":4},"end":{"line":135,"column":34}},"37":{"start":{"line":136,"column":4},"end":{"line":136,"column":25}},"38":{"start":{"line":153,"column":21},"end":{"line":153,"column":116}},"39":{"start":{"line":154,"column":4},"end":{"line":154,"column":34}},"40":{"start":{"line":155,"column":4},"end":{"line":155,"column":25}},"41":{"start":{"line":175,"column":21},"end":{"line":175,"column":107}},"42":{"start":{"line":176,"column":4},"end":{"line":176,"column":34}},"43":{"start":{"line":177,"column":4},"end":{"line":177,"column":25}},"44":{"start":{"line":199,"column":21},"end":{"line":202,"column":null}},"45":{"start":{"line":204,"column":4},"end":{"line":204,"column":34}},"46":{"start":{"line":205,"column":4},"end":{"line":205,"column":25}},"47":{"start":{"line":210,"column":23},"end":{"line":214,"column":43}},"48":{"start":{"line":212,"column":24},"end":{"line":212,"column":62}},"49":{"start":{"line":213,"column":6},"end":{"line":213,"column":76}},"50":{"start":{"line":216,"column":4},"end":{"line":216,"column":35}},"51":{"start":{"line":222,"column":23},"end":{"line":226,"column":43}},"52":{"start":{"line":224,"column":30},"end":{"line":224,"column":48}},"53":{"start":{"line":225,"column":6},"end":{"line":225,"column":67}},"54":{"start":{"line":228,"column":4},"end":{"line":228,"column":35}},"55":{"start":{"line":255,"column":26},"end":{"line":255,"column":50}},"56":{"start":{"line":256,"column":20},"end":{"line":256,"column":56}},"57":{"start":{"line":257,"column":4},"end":{"line":267,"column":6}},"58":{"start":{"line":278,"column":21},"end":{"line":278,"column":77}},"59":{"start":{"line":279,"column":4},"end":{"line":279,"column":46}},"60":{"start":{"line":281,"column":24},"end":{"line":281,"column":37}},"61":{"start":{"line":282,"column":4},"end":{"line":282,"column":19}},"62":{"start":{"line":295,"column":20},"end":{"line":295,"column":63}},"63":{"start":{"line":296,"column":25},"end":{"line":296,"column":72}},"64":{"start":{"line":298,"column":61},"end":{"line":302,"column":6}},"65":{"start":{"line":304,"column":4},"end":{"line":304,"column":62}},"66":{"start":{"line":314,"column":21},"end":{"line":314,"column":68}},"67":{"start":{"line":315,"column":4},"end":{"line":315,"column":59}},"68":{"start":{"line":316,"column":4},"end":{"line":316,"column":25}},"69":{"start":{"line":338,"column":21},"end":{"line":342,"column":null}},"70":{"start":{"line":344,"column":4},"end":{"line":344,"column":77}},"71":{"start":{"line":345,"column":4},"end":{"line":345,"column":25}},"72":{"start":{"line":354,"column":21},"end":{"line":354,"column":80}},"73":{"start":{"line":355,"column":4},"end":{"line":355,"column":52}},"74":{"start":{"line":356,"column":4},"end":{"line":356,"column":25}},"75":{"start":{"line":364,"column":61},"end":{"line":369,"column":6}},"76":{"start":{"line":371,"column":20},"end":{"line":371,"column":70}},"77":{"start":{"line":372,"column":21},"end":{"line":372,"column":73}},"78":{"start":{"line":373,"column":4},"end":{"line":373,"column":43}},"79":{"start":{"line":374,"column":4},"end":{"line":374,"column":28}},"80":{"start":{"line":384,"column":23},"end":{"line":384,"column":45}},"81":{"start":{"line":386,"column":21},"end":{"line":393,"column":6}},"82":{"start":{"line":395,"column":4},"end":{"line":395,"column":45}},"83":{"start":{"line":396,"column":4},"end":{"line":396,"column":25}},"84":{"start":{"line":406,"column":23},"end":{"line":406,"column":45}},"85":{"start":{"line":408,"column":21},"end":{"line":415,"column":6}},"86":{"start":{"line":417,"column":4},"end":{"line":417,"column":43}},"87":{"start":{"line":418,"column":4},"end":{"line":418,"column":28}},"88":{"start":{"line":429,"column":21},"end":{"line":429,"column":67}},"89":{"start":{"line":430,"column":4},"end":{"line":430,"column":34}},"90":{"start":{"line":431,"column":4},"end":{"line":431,"column":25}},"91":{"start":{"line":444,"column":21},"end":{"line":444,"column":77}},"92":{"start":{"line":445,"column":4},"end":{"line":445,"column":56}},"93":{"start":{"line":446,"column":4},"end":{"line":446,"column":25}},"94":{"start":{"line":462,"column":21},"end":{"line":462,"column":68}},"95":{"start":{"line":464,"column":4},"end":{"line":466,"column":null}},"96":{"start":{"line":465,"column":6},"end":{"line":465,"column":18}},"97":{"start":{"line":467,"column":4},"end":{"line":467,"column":43}},"98":{"start":{"line":468,"column":4},"end":{"line":468,"column":56}},"99":{"start":{"line":485,"column":16},"end":{"line":485,"column":17}},"100":{"start":{"line":487,"column":4},"end":{"line":494,"column":null}},"101":{"start":{"line":489,"column":6},"end":{"line":489,"column":24}},"102":{"start":{"line":490,"column":6},"end":{"line":490,"column":17}},"103":{"start":{"line":491,"column":6},"end":{"line":493,"column":null}},"104":{"start":{"line":492,"column":8},"end":{"line":492,"column":73}},"105":{"start":{"line":512,"column":19},"end":{"line":517,"column":6}},"106":{"start":{"line":518,"column":4},"end":{"line":518,"column":23}},"107":{"start":{"line":527,"column":19},"end":{"line":527,"column":51}},"108":{"start":{"line":528,"column":4},"end":{"line":528,"column":27}},"109":{"start":{"line":543,"column":22},"end":{"line":543,"column":74}},"110":{"start":{"line":544,"column":4},"end":{"line":544,"column":21}},"111":{"start":{"line":526,"column":2},"end":{"line":529,"column":null}},"112":{"start":{"line":49,"column":0},"end":{"line":49,"column":13}}},"fnMap":{"0":{"name":"(anonymous_1)","decl":{"start":{"line":20,"column":2},"end":{"line":20,"column":14}},"loc":{"start":{"line":20,"column":101},"end":{"line":27,"column":3}}},"1":{"name":"(anonymous_2)","decl":{"start":{"line":22,"column":80},"end":{"line":22,"column":81}},"loc":{"start":{"line":22,"column":87},"end":{"line":22,"column":90}}},"2":{"name":"raiseForStatus","decl":{"start":{"line":32,"column":16},"end":{"line":32,"column":30}},"loc":{"start":{"line":35,"column":22},"end":{"line":43,"column":1}}},"3":{"name":"(anonymous_4)","decl":{"start":{"line":69,"column":2},"end":{"line":69,"column":14}},"loc":{"start":{"line":69,"column":57},"end":{"line":85,"column":3}}},"4":{"name":"(anonymous_5)","decl":{"start":{"line":76,"column":22},"end":{"line":76,"column":25}},"loc":{"start":{"line":76,"column":28},"end":{"line":76,"column":32}}},"5":{"name":"(anonymous_6)","decl":{"start":{"line":99,"column":2},"end":{"line":99,"column":7}},"loc":{"start":{"line":99,"column":49},"end":{"line":103,"column":3}}},"6":{"name":"(anonymous_7)","decl":{"start":{"line":113,"column":2},"end":{"line":113,"column":7}},"loc":{"start":{"line":115,"column":46},"end":{"line":120,"column":3}}},"7":{"name":"(anonymous_8)","decl":{"start":{"line":130,"column":2},"end":{"line":130,"column":7}},"loc":{"start":{"line":132,"column":45},"end":{"line":137,"column":3}}},"8":{"name":"(anonymous_9)","decl":{"start":{"line":148,"column":2},"end":{"line":148,"column":7}},"loc":{"start":{"line":151,"column":45},"end":{"line":156,"column":3}}},"9":{"name":"(anonymous_10)","decl":{"start":{"line":171,"column":2},"end":{"line":171,"column":7}},"loc":{"start":{"line":173,"column":45},"end":{"line":178,"column":3}}},"10":{"name":"(anonymous_11)","decl":{"start":{"line":194,"column":2},"end":{"line":194,"column":7}},"loc":{"start":{"line":197,"column":45},"end":{"line":206,"column":3}}},"11":{"name":"(anonymous_12)","decl":{"start":{"line":209,"column":2},"end":{"line":209,"column":8}},"loc":{"start":{"line":209,"column":97},"end":{"line":217,"column":3}}},"12":{"name":"(anonymous_13)","decl":{"start":{"line":210,"column":53},"end":{"line":210,"column":54}},"loc":{"start":{"line":210,"column":104},"end":{"line":214,"column":5}}},"13":{"name":"(anonymous_14)","decl":{"start":{"line":220,"column":2},"end":{"line":220,"column":8}},"loc":{"start":{"line":220,"column":96},"end":{"line":229,"column":3}}},"14":{"name":"(anonymous_15)","decl":{"start":{"line":222,"column":53},"end":{"line":222,"column":54}},"loc":{"start":{"line":222,"column":105},"end":{"line":226,"column":5}}},"15":{"name":"(anonymous_16)","decl":{"start":{"line":250,"column":2},"end":{"line":250,"column":7}},"loc":{"start":{"line":253,"column":51},"end":{"line":268,"column":3}}},"16":{"name":"(anonymous_17)","decl":{"start":{"line":277,"column":2},"end":{"line":277,"column":7}},"loc":{"start":{"line":277,"column":69},"end":{"line":283,"column":3}}},"17":{"name":"(anonymous_18)","decl":{"start":{"line":291,"column":2},"end":{"line":291,"column":7}},"loc":{"start":{"line":293,"column":44},"end":{"line":305,"column":3}}},"18":{"name":"(anonymous_19)","decl":{"start":{"line":313,"column":2},"end":{"line":313,"column":7}},"loc":{"start":{"line":313,"column":59},"end":{"line":317,"column":3}}},"19":{"name":"(anonymous_20)","decl":{"start":{"line":332,"column":2},"end":{"line":332,"column":7}},"loc":{"start":{"line":336,"column":46},"end":{"line":346,"column":3}}},"20":{"name":"(anonymous_21)","decl":{"start":{"line":353,"column":2},"end":{"line":353,"column":7}},"loc":{"start":{"line":353,"column":74},"end":{"line":357,"column":3}}},"21":{"name":"(anonymous_22)","decl":{"start":{"line":360,"column":2},"end":{"line":360,"column":7}},"loc":{"start":{"line":362,"column":44},"end":{"line":375,"column":3}}},"22":{"name":"(anonymous_23)","decl":{"start":{"line":382,"column":2},"end":{"line":382,"column":7}},"loc":{"start":{"line":382,"column":56},"end":{"line":397,"column":3}}},"23":{"name":"(anonymous_24)","decl":{"start":{"line":404,"column":2},"end":{"line":404,"column":7}},"loc":{"start":{"line":404,"column":47},"end":{"line":419,"column":3}}},"24":{"name":"(anonymous_25)","decl":{"start":{"line":428,"column":2},"end":{"line":428,"column":7}},"loc":{"start":{"line":428,"column":66},"end":{"line":432,"column":3}}},"25":{"name":"(anonymous_26)","decl":{"start":{"line":443,"column":2},"end":{"line":443,"column":7}},"loc":{"start":{"line":443,"column":47},"end":{"line":447,"column":3}}},"26":{"name":"(anonymous_27)","decl":{"start":{"line":461,"column":2},"end":{"line":461,"column":7}},"loc":{"start":{"line":461,"column":57},"end":{"line":469,"column":3}}},"27":{"name":"(anonymous_28)","decl":{"start":{"line":484,"column":2},"end":{"line":484,"column":7}},"loc":{"start":{"line":484,"column":57},"end":{"line":495,"column":3}}},"28":{"name":"(anonymous_29)","decl":{"start":{"line":511,"column":2},"end":{"line":511,"column":7}},"loc":{"start":{"line":511,"column":48},"end":{"line":519,"column":3}}},"29":{"name":"(anonymous_30)","decl":{"start":{"line":526,"column":2},"end":{"line":526,"column":7}},"loc":{"start":{"line":526,"column":45},"end":{"line":529,"column":3}}},"30":{"name":"(anonymous_31)","decl":{"start":{"line":542,"column":2},"end":{"line":542,"column":7}},"loc":{"start":{"line":542,"column":89},"end":{"line":545,"column":3}}}},"branchMap":{"0":{"loc":{"start":{"line":23,"column":33},"end":{"line":23,"column":71}},"type":"cond-expr","locations":[{"start":{"line":23,"column":47},"end":{"line":23,"column":66}},{"start":{"line":23,"column":69},"end":{"line":23,"column":71}}]},"1":{"loc":{"start":{"line":23,"column":74},"end":{"line":23,"column":112}},"type":"cond-expr","locations":[{"start":{"line":23,"column":88},"end":{"line":23,"column":107}},{"start":{"line":23,"column":110},"end":{"line":23,"column":112}}]},"2":{"loc":{"start":{"line":37,"column":2},"end":{"line":42,"column":null}},"type":"if","locations":[{"start":{"line":37,"column":2},"end":{"line":42,"column":null}}]},"3":{"loc":{"start":{"line":38,"column":4},"end":{"line":40,"column":null}},"type":"if","locations":[{"start":{"line":38,"column":4},"end":{"line":40,"column":null}}]},"4":{"loc":{"start":{"line":77,"column":10},"end":{"line":77,"column":22}},"type":"binary-expr","locations":[{"start":{"line":77,"column":10},"end":{"line":77,"column":16}},{"start":{"line":77,"column":20},"end":{"line":77,"column":22}}]},"5":{"loc":{"start":{"line":266,"column":10},"end":{"line":266,"column":23}},"type":"binary-expr","locations":[{"start":{"line":266,"column":10},"end":{"line":266,"column":17}},{"start":{"line":266,"column":21},"end":{"line":266,"column":23}}]},"6":{"loc":{"start":{"line":464,"column":4},"end":{"line":466,"column":null}},"type":"if","locations":[{"start":{"line":464,"column":4},"end":{"line":466,"column":null}}]},"7":{"loc":{"start":{"line":491,"column":6},"end":{"line":493,"column":null}},"type":"if","locations":[{"start":{"line":491,"column":6},"end":{"line":493,"column":null}}]},"8":{"loc":{"start":{"line":511,"column":22},"end":{"line":511,"column":48}},"type":"default-arg","locations":[{"start":{"line":511,"column":46},"end":{"line":511,"column":48}}]},"9":{"loc":{"start":{"line":526,"column":19},"end":{"line":526,"column":45}},"type":"default-arg","locations":[{"start":{"line":526,"column":43},"end":{"line":526,"column":45}}]}},"s":{"0":1,"1":1,"2":1,"3":1,"4":1,"5":1,"6":1,"7":1,"8":1,"9":0,"10":0,"11":0,"12":0,"13":0,"14":0,"15":0,"16":1,"17":3,"18":0,"19":0,"20":0,"21":1,"22":2,"23":2,"24":2,"25":2,"26":2,"27":2,"28":2,"29":0,"30":0,"31":0,"32":0,"33":0,"34":0,"35":0,"36":0,"37":0,"38":0,"39":0,"40":0,"41":0,"42":0,"43":0,"44":0,"45":0,"46":0,"47":0,"48":0,"49":0,"50":0,"51":0,"52":0,"53":0,"54":0,"55":0,"56":0,"57":0,"58":0,"59":0,"60":0,"61":0,"62":0,"63":0,"64":0,"65":0,"66":0,"67":0,"68":0,"69":0,"70":0,"71":0,"72":0,"73":0,"74":0,"75":0,"76":0,"77":0,"78":0,"79":0,"80":0,"81":0,"82":0,"83":0,"84":0,"85":0,"86":0,"87":0,"88":0,"89":0,"90":0,"91":0,"92":0,"93":0,"94":2,"95":2,"96":0,"97":2,"98":2,"99":1,"100":1,"101":1,"102":1,"103":1,"104":0,"105":0,"106":0,"107":0,"108":0,"109":0,"110":0,"111":1,"112":1},"f":{"0":0,"1":0,"2":3,"3":2,"4":2,"5":0,"6":0,"7":0,"8":0,"9":0,"10":0,"11":0,"12":0,"13":0,"14":0,"15":0,"16":0,"17":0,"18":0,"19":0,"20":0,"21":0,"22":0,"23":0,"24":0,"25":0,"26":2,"27":1,"28":0,"29":0,"30":0},"b":{"0":[0,0],"1":[0,0],"2":[0],"3":[0],"4":[2,2],"5":[0,0],"6":[0],"7":[0],"8":[0],"9":[0]}}
,"/Users/innodeed/Documents/learning/git/aptos-web3.js/src/faucet_client.ts": {"path":"/Users/innodeed/Documents/learning/git/aptos-web3.js/src/faucet_client.ts","statementMap":{"0":{"start":{"line":2,"column":0},"end":{"line":2,"column":26}},"1":{"start":{"line":3,"column":0},"end":{"line":3,"column":80}},"2":{"start":{"line":5,"column":0},"end":{"line":5,"column":57}},"3":{"start":{"line":21,"column":4},"end":{"line":21,"column":27}},"4":{"start":{"line":22,"column":4},"end":{"line":22,"column":31}},"5":{"start":{"line":33,"column":16},"end":{"line":33,"column":105}},"6":{"start":{"line":34,"column":21},"end":{"line":34,"column":93}},"7":{"start":{"line":34,"column":86},"end":{"line":34,"column":90}},"8":{"start":{"line":35,"column":4},"end":{"line":35,"column":34}},"9":{"start":{"line":37,"column":22},"end":{"line":37,"column":35}},"10":{"start":{"line":38,"column":21},"end":{"line":38,"column":23}},"11":{"start":{"line":39,"column":4},"end":{"line":42,"column":null}},"12":{"start":{"line":39,"column":17},"end":{"line":39,"column":18}},"13":{"start":{"line":40,"column":22},"end":{"line":40,"column":34}},"14":{"start":{"line":41,"column":6},"end":{"line":41,"column":54}},"15":{"start":{"line":43,"column":4},"end":{"line":43,"column":32}},"16":{"start":{"line":44,"column":4},"end":{"line":44,"column":21}},"17":{"start":{"line":10,"column":0},"end":{"line":10,"column":13}}},"fnMap":{"0":{"name":"(anonymous_1)","decl":{"start":{"line":20,"column":2},"end":{"line":20,"column":14}},"loc":{"start":{"line":20,"column":76},"end":{"line":23,"column":3}}},"1":{"name":"(anonymous_2)","decl":{"start":{"line":32,"column":2},"end":{"line":32,"column":7}},"loc":{"start":{"line":32,"column":59},"end":{"line":45,"column":3}}},"2":{"name":"(anonymous_3)","decl":{"start":{"line":34,"column":80},"end":{"line":34,"column":83}},"loc":{"start":{"line":34,"column":86},"end":{"line":34,"column":90}}}},"branchMap":{},"s":{"0":1,"1":1,"2":1,"3":1,"4":1,"5":1,"6":1,"7":1,"8":1,"9":1,"10":1,"11":1,"12":1,"13":1,"14":1,"15":1,"16":1,"17":1},"f":{"0":1,"1":1,"2":1},"b":{}}
,"/Users/innodeed/Documents/learning/git/aptos-web3.js/src/hex_string.ts": {"path":"/Users/innodeed/Documents/learning/git/aptos-web3.js/src/hex_string.ts","statementMap":{"0":{"start":{"line":1,"column":0},"end":{"line":1,"column":33}},"1":{"start":{"line":63,"column":4},"end":{"line":67,"column":null}},"2":{"start":{"line":64,"column":6},"end":{"line":64,"column":33}},"3":{"start":{"line":66,"column":6},"end":{"line":66,"column":40}},"4":{"start":{"line":21,"column":4},"end":{"line":21,"column":49}},"5":{"start":{"line":30,"column":4},"end":{"line":30,"column":50}},"6":{"start":{"line":46,"column":4},"end":{"line":48,"column":null}},"7":{"start":{"line":47,"column":6},"end":{"line":47,"column":38}},"8":{"start":{"line":49,"column":4},"end":{"line":49,"column":21}},"9":{"start":{"line":75,"column":4},"end":{"line":75,"column":26}},"10":{"start":{"line":88,"column":4},"end":{"line":88,"column":35}},"11":{"start":{"line":96,"column":4},"end":{"line":96,"column":22}},"12":{"start":{"line":108,"column":20},"end":{"line":108,"column":55}},"13":{"start":{"line":109,"column":4},"end":{"line":109,"column":26}},"14":{"start":{"line":117,"column":4},"end":{"line":117,"column":47}},"15":{"start":{"line":125,"column":4},"end":{"line":125,"column":44}},"16":{"start":{"line":11,"column":0},"end":{"line":11,"column":13}}},"fnMap":{"0":{"name":"(anonymous_0)","decl":{"start":{"line":62,"column":2},"end":{"line":62,"column":14}},"loc":{"start":{"line":62,"column":55},"end":{"line":68,"column":3}}},"1":{"name":"(anonymous_1)","decl":{"start":{"line":20,"column":2},"end":{"line":20,"column":8}},"loc":{"start":{"line":20,"column":34},"end":{"line":22,"column":3}}},"2":{"name":"(anonymous_2)","decl":{"start":{"line":29,"column":2},"end":{"line":29,"column":8}},"loc":{"start":{"line":29,"column":39},"end":{"line":31,"column":3}}},"3":{"name":"(anonymous_3)","decl":{"start":{"line":45,"column":2},"end":{"line":45,"column":8}},"loc":{"start":{"line":45,"column":41},"end":{"line":50,"column":3}}},"4":{"name":"(anonymous_4)","decl":{"start":{"line":74,"column":2},"end":{"line":74,"column":5}},"loc":{"start":{"line":74,"column":5},"end":{"line":76,"column":3}}},"5":{"name":"(anonymous_5)","decl":{"start":{"line":87,"column":2},"end":{"line":87,"column":10}},"loc":{"start":{"line":87,"column":10},"end":{"line":89,"column":3}}},"6":{"name":"(anonymous_6)","decl":{"start":{"line":95,"column":2},"end":{"line":95,"column":10}},"loc":{"start":{"line":95,"column":10},"end":{"line":97,"column":3}}},"7":{"name":"(anonymous_7)","decl":{"start":{"line":107,"column":2},"end":{"line":107,"column":15}},"loc":{"start":{"line":107,"column":15},"end":{"line":110,"column":3}}},"8":{"name":"(anonymous_8)","decl":{"start":{"line":116,"column":2},"end":{"line":116,"column":10}},"loc":{"start":{"line":116,"column":10},"end":{"line":118,"column":3}}},"9":{"name":"(anonymous_9)","decl":{"start":{"line":124,"column":2},"end":{"line":124,"column":14}},"loc":{"start":{"line":124,"column":14},"end":{"line":126,"column":3}}}},"branchMap":{"0":{"loc":{"start":{"line":63,"column":4},"end":{"line":67,"column":null}},"type":"if","locations":[{"start":{"line":63,"column":4},"end":{"line":67,"column":null}},{"start":{"line":65,"column":11},"end":{"line":67,"column":null}}]},"1":{"loc":{"start":{"line":46,"column":4},"end":{"line":48,"column":null}},"type":"if","locations":[{"start":{"line":46,"column":4},"end":{"line":48,"column":null}}]}},"s":{"0":1,"1":5,"2":2,"3":3,"4":0,"5":0,"6":5,"7":4,"8":1,"9":4,"10":1,"11":2,"12":0,"13":0,"14":0,"15":0,"16":1},"f":{"0":5,"1":0,"2":0,"3":5,"4":4,"5":1,"6":2,"7":0,"8":0,"9":0},"b":{"0":[2,3],"1":[4]}}
,"/Users/innodeed/Documents/learning/git/aptos-web3.js/src/token_client.ts": {"path":"/Users/innodeed/Documents/learning/git/aptos-web3.js/src/token_client.ts","statementMap":{"0":{"start":{"line":4,"column":0},"end":{"line":4,"column":57}},"1":{"start":{"line":17,"column":4},"end":{"line":17,"column":35}},"2":{"start":{"line":27,"column":23},"end":{"line":29,"column":6}},"3":{"start":{"line":30,"column":22},"end":{"line":30,"column":81}},"4":{"start":{"line":31,"column":16},"end":{"line":31,"column":67}},"5":{"start":{"line":32,"column":4},"end":{"line":32,"column":56}},"6":{"start":{"line":33,"column":4},"end":{"line":33,"column":37}},"7":{"start":{"line":50,"column":46},"end":{"line":59,"column":6}},"8":{"start":{"line":60,"column":28},"end":{"line":60,"column":80}},"9":{"start":{"line":61,"column":4},"end":{"line":61,"column":27}},"10":{"start":{"line":84,"column":46},"end":{"line":97,"column":6}},"11":{"start":{"line":98,"column":28},"end":{"line":98,"column":80}},"12":{"start":{"line":99,"column":4},"end":{"line":99,"column":27}},"13":{"start":{"line":120,"column":46},"end":{"line":131,"column":6}},"14":{"start":{"line":132,"column":28},"end":{"line":132,"column":80}},"15":{"start":{"line":133,"column":4},"end":{"line":133,"column":27}},"16":{"start":{"line":152,"column":46},"end":{"line":157,"column":6}},"17":{"start":{"line":158,"column":28},"end":{"line":158,"column":80}},"18":{"start":{"line":159,"column":4},"end":{"line":159,"column":27}},"19":{"start":{"line":178,"column":46},"end":{"line":183,"column":6}},"20":{"start":{"line":184,"column":28},"end":{"line":184,"column":80}},"21":{"start":{"line":185,"column":4},"end":{"line":185,"column":27}},"22":{"start":{"line":209,"column":22},"end":{"line":209,"column":73}},"23":{"start":{"line":210,"column":57},"end":{"line":210,"column":116}},"24":{"start":{"line":210,"column":79},"end":{"line":210,"column":115}},"25":{"start":{"line":211,"column":43},"end":{"line":211,"column":75}},"26":{"start":{"line":212,"column":66},"end":{"line":216,"column":6}},"27":{"start":{"line":218,"column":28},"end":{"line":218,"column":102}},"28":{"start":{"line":219,"column":4},"end":{"line":219,"column":27}},"29":{"start":{"line":246,"column":52},"end":{"line":248,"column":null}},"30":{"start":{"line":250,"column":23},"end":{"line":250,"column":49}},"31":{"start":{"line":251,"column":20},"end":{"line":255,"column":6}},"32":{"start":{"line":257,"column":61},"end":{"line":261,"column":6}},"33":{"start":{"line":263,"column":22},"end":{"line":263,"column":91}},"34":{"start":{"line":264,"column":4},"end":{"line":264,"column":26}},"35":{"start":{"line":272,"column":4},"end":{"line":276,"column":7}},"36":{"start":{"line":301,"column":52},"end":{"line":303,"column":null}},"37":{"start":{"line":305,"column":23},"end":{"line":305,"column":45}},"38":{"start":{"line":307,"column":61},"end":{"line":311,"column":6}},"39":{"start":{"line":313,"column":22},"end":{"line":313,"column":91}},"40":{"start":{"line":314,"column":4},"end":{"line":314,"column":26}},"41":{"start":{"line":9,"column":0},"end":{"line":9,"column":13}}},"fnMap":{"0":{"name":"(anonymous_0)","decl":{"start":{"line":16,"column":2},"end":{"line":16,"column":14}},"loc":{"start":{"line":16,"column":38},"end":{"line":18,"column":3}}},"1":{"name":"(anonymous_1)","decl":{"start":{"line":26,"column":2},"end":{"line":26,"column":7}},"loc":{"start":{"line":26,"column":121},"end":{"line":34,"column":3}}},"2":{"name":"(anonymous_2)","decl":{"start":{"line":44,"column":2},"end":{"line":44,"column":7}},"loc":{"start":{"line":48,"column":15},"end":{"line":62,"column":3}}},"3":{"name":"(anonymous_3)","decl":{"start":{"line":75,"column":2},"end":{"line":75,"column":7}},"loc":{"start":{"line":82,"column":38},"end":{"line":100,"column":3}}},"4":{"name":"(anonymous_4)","decl":{"start":{"line":112,"column":2},"end":{"line":112,"column":7}},"loc":{"start":{"line":118,"column":18},"end":{"line":134,"column":3}}},"5":{"name":"(anonymous_5)","decl":{"start":{"line":145,"column":2},"end":{"line":145,"column":7}},"loc":{"start":{"line":150,"column":16},"end":{"line":160,"column":3}}},"6":{"name":"(anonymous_6)","decl":{"start":{"line":171,"column":2},"end":{"line":171,"column":7}},"loc":{"start":{"line":176,"column":16},"end":{"line":186,"column":3}}},"7":{"name":"(anonymous_7)","decl":{"start":{"line":208,"column":2},"end":{"line":208,"column":7}},"loc":{"start":{"line":208,"column":73},"end":{"line":220,"column":3}}},"8":{"name":"(anonymous_8)","decl":{"start":{"line":210,"column":72},"end":{"line":210,"column":73}},"loc":{"start":{"line":210,"column":79},"end":{"line":210,"column":115}}},"9":{"name":"(anonymous_9)","decl":{"start":{"line":245,"column":2},"end":{"line":245,"column":7}},"loc":{"start":{"line":245,"column":87},"end":{"line":265,"column":3}}},"10":{"name":"(anonymous_10)","decl":{"start":{"line":271,"column":2},"end":{"line":271,"column":7}},"loc":{"start":{"line":271,"column":90},"end":{"line":277,"column":3}}},"11":{"name":"(anonymous_11)","decl":{"start":{"line":300,"column":2},"end":{"line":300,"column":7}},"loc":{"start":{"line":300,"column":81},"end":{"line":315,"column":3}}}},"branchMap":{"0":{"loc":{"start":{"line":26,"column":90},"end":{"line":26,"column":121}},"type":"default-arg","locations":[{"start":{"line":26,"column":115},"end":{"line":26,"column":121}}]},"1":{"loc":{"start":{"line":273,"column":15},"end":{"line":273,"column":69}},"type":"cond-expr","locations":[{"start":{"line":273,"column":46},"end":{"line":273,"column":59}},{"start":{"line":273,"column":62},"end":{"line":273,"column":69}}]}},"s":{"0":1,"1":1,"2":0,"3":0,"4":0,"5":0,"6":0,"7":0,"8":0,"9":0,"10":0,"11":0,"12":0,"13":0,"14":0,"15":0,"16":0,"17":0,"18":0,"19":0,"20":0,"21":0,"22":0,"23":0,"24":0,"25":0,"26":0,"27":0,"28":0,"29":0,"30":0,"31":0,"32":0,"33":0,"34":0,"35":0,"36":0,"37":0,"38":0,"39":0,"40":0,"41":1},"f":{"0":1,"1":0,"2":0,"3":0,"4":0,"5":0,"6":0,"7":0,"8":0,"9":0,"10":0,"11":0},"b":{"0":[0],"1":[0,0]}}
,"/Users/innodeed/Documents/learning/git/aptos-web3.js/src/util.ts": {"path":"/Users/innodeed/Documents/learning/git/aptos-web3.js/src/util.ts","statementMap":{"0":{"start":{"line":6,"column":2},"end":{"line":8,"column":5}},"1":{"start":{"line":7,"column":4},"end":{"line":7,"column":32}},"2":{"start":{"line":5,"column":0},"end":{"line":5,"column":7}}},"fnMap":{"0":{"name":"sleep","decl":{"start":{"line":5,"column":22},"end":{"line":5,"column":27}},"loc":{"start":{"line":5,"column":42},"end":{"line":9,"column":1}}},"1":{"name":"(anonymous_1)","decl":{"start":{"line":6,"column":21},"end":{"line":6,"column":22}},"loc":{"start":{"line":6,"column":33},"end":{"line":8,"column":3}}}},"branchMap":{},"s":{"0":1,"1":1,"2":1},"f":{"0":1,"1":1},"b":{}}
,"/Users/innodeed/Documents/learning/git/aptos-web3.js/src/wallet_client.ts": {"path":"/Users/innodeed/Documents/learning/git/aptos-web3.js/src/wallet_client.ts","statementMap":{"0":{"start":{"line":1,"column":0},"end":{"line":1,"column":47}},"1":{"start":{"line":2,"column":0},"end":{"line":2,"column":45}},"2":{"start":{"line":3,"column":0},"end":{"line":3,"column":45}},"3":{"start":{"line":4,"column":0},"end":{"line":4,"column":47}},"4":{"start":{"line":5,"column":0},"end":{"line":5,"column":57}},"5":{"start":{"line":7,"column":0},"end":{"line":7,"column":33}},"6":{"start":{"line":10,"column":0},"end":{"line":10,"column":38}},"7":{"start":{"line":11,"column":0},"end":{"line":11,"column":58}},"8":{"start":{"line":13,"column":18},"end":{"line":13,"column":41}},"9":{"start":{"line":14,"column":0},"end":{"line":14,"column":32}},"10":{"start":{"line":15,"column":0},"end":{"line":15,"column":28}},"11":{"start":{"line":17,"column":18},"end":{"line":17,"column":24}},"12":{"start":{"line":18,"column":21},"end":{"line":18,"column":22}},"13":{"start":{"line":19,"column":20},"end":{"line":19,"column":22}},"14":{"start":{"line":44,"column":4},"end":{"line":44,"column":63}},"15":{"start":{"line":45,"column":4},"end":{"line":45,"column":49}},"16":{"start":{"line":46,"column":4},"end":{"line":46,"column":57}},"17":{"start":{"line":51,"column":4},"end":{"line":53,"column":null}},"18":{"start":{"line":52,"column":6},"end":{"line":52,"column":57}},"19":{"start":{"line":54,"column":27},"end":{"line":54,"column":68}},"20":{"start":{"line":55,"column":17},"end":{"line":55,"column":56}},"21":{"start":{"line":56,"column":45},"end":{"line":56,"column":47}},"22":{"start":{"line":57,"column":4},"end":{"line":96,"column":null}},"23":{"start":{"line":57,"column":17},"end":{"line":57,"column":18}},"24":{"start":{"line":58,"column":17},"end":{"line":58,"column":22}},"25":{"start":{"line":59,"column":20},"end":{"line":59,"column":22}},"26":{"start":{"line":60,"column":22},"end":{"line":60,"column":24}},"27":{"start":{"line":61,"column":27},"end":{"line":61,"column":29}},"28":{"start":{"line":62,"column":20},"end":{"line":62,"column":22}},"29":{"start":{"line":63,"column":6},"end":{"line":87,"column":null}},"30":{"start":{"line":63,"column":19},"end":{"line":63,"column":20}},"31":{"start":{"line":64,"column":22},"end":{"line":64,"column":69}},"32":{"start":{"line":65,"column":32},"end":{"line":65,"column":66}},"33":{"start":{"line":66,"column":8},"end":{"line":80,"column":null}},"34":{"start":{"line":67,"column":10},"end":{"line":67,"column":45}},"35":{"start":{"line":68,"column":10},"end":{"line":68,"column":46}},"36":{"start":{"line":69,"column":27},"end":{"line":73,"column":null}},"37":{"start":{"line":75,"column":10},"end":{"line":77,"column":null}},"38":{"start":{"line":76,"column":12},"end":{"line":76,"column":18}},"39":{"start":{"line":78,"column":27},"end":{"line":78,"column":48}},"40":{"start":{"line":79,"column":10},"end":{"line":79,"column":48}},"41":{"start":{"line":81,"column":8},"end":{"line":81,"column":58}},"42":{"start":{"line":82,"column":8},"end":{"line":86,"column":null}},"43":{"start":{"line":83,"column":10},"end":{"line":83,"column":22}},"44":{"start":{"line":84,"column":10},"end":{"line":84,"column":62}},"45":{"start":{"line":85,"column":10},"end":{"line":85,"column":16}},"46":{"start":{"line":88,"column":6},"end":{"line":90,"column":null}},"47":{"start":{"line":89,"column":8},"end":{"line":89,"column":14}},"48":{"start":{"line":91,"column":6},"end":{"line":95,"column":9}},"49":{"start":{"line":97,"column":4},"end":{"line":97,"column":53}},"50":{"start":{"line":101,"column":15},"end":{"line":101,"column":55}},"51":{"start":{"line":102,"column":26},"end":{"line":102,"column":59}},"52":{"start":{"line":103,"column":4},"end":{"line":103,"column":55}},"53":{"start":{"line":107,"column":27},"end":{"line":107,"column":68}},"54":{"start":{"line":108,"column":17},"end":{"line":108,"column":56}},"55":{"start":{"line":109,"column":4},"end":{"line":130,"column":null}},"56":{"start":{"line":109,"column":17},"end":{"line":109,"column":18}},"57":{"start":{"line":110,"column":29},"end":{"line":110,"column":60}},"58":{"start":{"line":111,"column":20},"end":{"line":111,"column":47}},"59":{"start":{"line":112,"column":30},"end":{"line":112,"column":64}},"60":{"start":{"line":113,"column":22},"end":{"line":113,"column":46}},"61":{"start":{"line":114,"column":23},"end":{"line":118,"column":null}},"62":{"start":{"line":120,"column":6},"end":{"line":123,"column":null}},"63":{"start":{"line":121,"column":25},"end":{"line":121,"column":46}},"64":{"start":{"line":122,"column":8},"end":{"line":122,"column":17}},"65":{"start":{"line":124,"column":6},"end":{"line":124,"column":60}},"66":{"start":{"line":125,"column":6},"end":{"line":129,"column":8}},"67":{"start":{"line":131,"column":4},"end":{"line":131,"column":51}},"68":{"start":{"line":135,"column":4},"end":{"line":135,"column":49}},"69":{"start":{"line":140,"column":27},"end":{"line":140,"column":68}},"70":{"start":{"line":141,"column":17},"end":{"line":141,"column":56}},"71":{"start":{"line":142,"column":18},"end":{"line":142,"column":59}},"72":{"start":{"line":143,"column":4},"end":{"line":143,"column":46}},"73":{"start":{"line":147,"column":27},"end":{"line":147,"column":68}},"74":{"start":{"line":148,"column":17},"end":{"line":148,"column":56}},"75":{"start":{"line":149,"column":18},"end":{"line":149,"column":54}},"76":{"start":{"line":150,"column":4},"end":{"line":150,"column":64}},"77":{"start":{"line":154,"column":4},"end":{"line":154,"column":64}},"78":{"start":{"line":158,"column":18},"end":{"line":158,"column":19}},"79":{"start":{"line":159,"column":27},"end":{"line":159,"column":78}},"80":{"start":{"line":160,"column":4},"end":{"line":165,"column":null}},"81":{"start":{"line":161,"column":23},"end":{"line":161,"column":37}},"82":{"start":{"line":162,"column":6},"end":{"line":164,"column":null}},"83":{"start":{"line":163,"column":8},"end":{"line":163,"column":62}},"84":{"start":{"line":166,"column":4},"end":{"line":166,"column":36}},"85":{"start":{"line":170,"column":17},"end":{"line":170,"column":78}},"86":{"start":{"line":171,"column":25},"end":{"line":184,"column":7}},"87":{"start":{"line":171,"column":50},"end":{"line":184,"column":6}},"88":{"start":{"line":185,"column":4},"end":{"line":185,"column":24}},"89":{"start":{"line":193,"column":4},"end":{"line":222,"column":null}},"90":{"start":{"line":194,"column":6},"end":{"line":196,"column":null}},"91":{"start":{"line":195,"column":8},"end":{"line":195,"column":63}},"92":{"start":{"line":203,"column":10},"end":{"line":212,"column":8}},"93":{"start":{"line":214,"column":6},"end":{"line":214,"column":78}},"94":{"start":{"line":216,"column":22},"end":{"line":216,"column":47}},"95":{"start":{"line":217,"column":6},"end":{"line":221,"column":null}},"96":{"start":{"line":218,"column":8},"end":{"line":218,"column":78}},"97":{"start":{"line":220,"column":8},"end":{"line":220,"column":39}},"98":{"start":{"line":226,"column":4},"end":{"line":226,"column":66}},"99":{"start":{"line":230,"column":4},"end":{"line":234,"column":6}},"100":{"start":{"line":243,"column":4},"end":{"line":248,"column":6}},"101":{"start":{"line":260,"column":4},"end":{"line":268,"column":6}},"102":{"start":{"line":279,"column":4},"end":{"line":286,"column":6}},"103":{"start":{"line":296,"column":4},"end":{"line":302,"column":6}},"104":{"start":{"line":312,"column":4},"end":{"line":318,"column":6}},"105":{"start":{"line":332,"column":8},"end":{"line":337,"column":6}},"106":{"start":{"line":339,"column":20},"end":{"line":341,"column":null}},"107":{"start":{"line":344,"column":17},"end":{"line":344,"column":63}},"108":{"start":{"line":345,"column":19},"end":{"line":345,"column":77}},"109":{"start":{"line":347,"column":4},"end":{"line":347,"column":43}},"110":{"start":{"line":351,"column":22},"end":{"line":351,"column":81}},"111":{"start":{"line":352,"column":16},"end":{"line":352,"column":67}},"112":{"start":{"line":353,"column":4},"end":{"line":353,"column":56}},"113":{"start":{"line":354,"column":4},"end":{"line":354,"column":37}},"114":{"start":{"line":358,"column":4},"end":{"line":358,"column":71}},"115":{"start":{"line":362,"column":4},"end":{"line":364,"column":7}},"116":{"start":{"line":363,"column":6},"end":{"line":363,"column":67}},"117":{"start":{"line":367,"column":4},"end":{"line":369,"column":7}},"118":{"start":{"line":368,"column":6},"end":{"line":368,"column":66}},"119":{"start":{"line":373,"column":4},"end":{"line":373,"column":72}},"120":{"start":{"line":377,"column":4},"end":{"line":377,"column":63}},"121":{"start":{"line":381,"column":4},"end":{"line":381,"column":58}},"122":{"start":{"line":385,"column":34},"end":{"line":387,"column":null}},"123":{"start":{"line":389,"column":22},"end":{"line":389,"column":56}},"124":{"start":{"line":390,"column":26},"end":{"line":390,"column":67}},"125":{"start":{"line":391,"column":4},"end":{"line":393,"column":null}},"126":{"start":{"line":392,"column":6},"end":{"line":392,"column":54}},"127":{"start":{"line":394,"column":30},"end":{"line":396,"column":39}},"128":{"start":{"line":397,"column":23},"end":{"line":400,"column":6}},"129":{"start":{"line":401,"column":21},"end":{"line":401,"column":67}},"130":{"start":{"line":402,"column":30},"end":{"line":406,"column":null}},"131":{"start":{"line":409,"column":4},"end":{"line":415,"column":null}},"132":{"start":{"line":410,"column":6},"end":{"line":414,"column":8}},"133":{"start":{"line":417,"column":4},"end":{"line":421,"column":6}},"134":{"start":{"line":429,"column":21},"end":{"line":433,"column":null}},"135":{"start":{"line":436,"column":4},"end":{"line":438,"column":null}},"136":{"start":{"line":437,"column":6},"end":{"line":437,"column":16}},"137":{"start":{"line":440,"column":4},"end":{"line":440,"column":33}},"138":{"start":{"line":445,"column":26},"end":{"line":448,"column":null}},"139":{"start":{"line":450,"column":27},"end":{"line":453,"column":null}},"140":{"start":{"line":456,"column":6},"end":{"line":460,"column":8}},"141":{"start":{"line":462,"column":19},"end":{"line":462,"column":21}},"142":{"start":{"line":463,"column":4},"end":{"line":471,"column":null}},"143":{"start":{"line":464,"column":6},"end":{"line":470,"column":null}},"144":{"start":{"line":466,"column":10},"end":{"line":466,"column":42}},"145":{"start":{"line":469,"column":8},"end":{"line":469,"column":36}},"146":{"start":{"line":472,"column":4},"end":{"line":472,"column":20}},"147":{"start":{"line":476,"column":21},"end":{"line":476,"column":52}},"148":{"start":{"line":477,"column":17},"end":{"line":477,"column":19}},"149":{"start":{"line":478,"column":4},"end":{"line":503,"column":null}},"150":{"start":{"line":480,"column":8},"end":{"line":480,"column":67}},"151":{"start":{"line":481,"column":59},"end":{"line":482,"column":null}},"152":{"start":{"line":482,"column":15},"end":{"line":482,"column":51}},"153":{"start":{"line":485,"column":55},"end":{"line":489,"column":8}},"154":{"start":{"line":490,"column":20},"end":{"line":495,"column":12}},"155":{"start":{"line":497,"column":29},"end":{"line":499,"column":null}},"156":{"start":{"line":501,"column":6},"end":{"line":501,"column":44}},"157":{"start":{"line":502,"column":6},"end":{"line":502,"column":25}},"158":{"start":{"line":504,"column":4},"end":{"line":504,"column":18}},"159":{"start":{"line":509,"column":6},"end":{"line":509,"column":65}},"160":{"start":{"line":510,"column":57},"end":{"line":511,"column":null}},"161":{"start":{"line":511,"column":13},"end":{"line":511,"column":49}},"162":{"start":{"line":514,"column":53},"end":{"line":518,"column":6}},"163":{"start":{"line":519,"column":18},"end":{"line":524,"column":10}},"164":{"start":{"line":525,"column":4},"end":{"line":525,"column":17}},"165":{"start":{"line":531,"column":6},"end":{"line":531,"column":57}},"166":{"start":{"line":532,"column":57},"end":{"line":533,"column":null}},"167":{"start":{"line":533,"column":13},"end":{"line":533,"column":49}},"168":{"start":{"line":536,"column":53},"end":{"line":540,"column":6}},"169":{"start":{"line":541,"column":23},"end":{"line":546,"column":10}},"170":{"start":{"line":547,"column":4},"end":{"line":547,"column":22}},"171":{"start":{"line":559,"column":6},"end":{"line":559,"column":57}},"172":{"start":{"line":560,"column":57},"end":{"line":561,"column":null}},"173":{"start":{"line":561,"column":13},"end":{"line":561,"column":36}},"174":{"start":{"line":564,"column":53},"end":{"line":568,"column":6}},"175":{"start":{"line":569,"column":21},"end":{"line":574,"column":10}},"176":{"start":{"line":575,"column":4},"end":{"line":575,"column":20}},"177":{"start":{"line":582,"column":21},"end":{"line":584,"column":null}},"178":{"start":{"line":586,"column":4},"end":{"line":588,"column":null}},"179":{"start":{"line":587,"column":6},"end":{"line":587,"column":18}},"180":{"start":{"line":589,"column":4},"end":{"line":591,"column":null}},"181":{"start":{"line":590,"column":6},"end":{"line":590,"column":60}},"182":{"start":{"line":592,"column":4},"end":{"line":592,"column":33}},"183":{"start":{"line":611,"column":8},"end":{"line":621,"column":6}},"184":{"start":{"line":622,"column":20},"end":{"line":625,"column":null}},"185":{"start":{"line":627,"column":17},"end":{"line":627,"column":63}},"186":{"start":{"line":628,"column":19},"end":{"line":628,"column":77}},"187":{"start":{"line":630,"column":4},"end":{"line":630,"column":43}},"188":{"start":{"line":641,"column":8},"end":{"line":646,"column":6}},"189":{"start":{"line":648,"column":20},"end":{"line":651,"column":null}},"190":{"start":{"line":653,"column":17},"end":{"line":653,"column":63}},"191":{"start":{"line":654,"column":19},"end":{"line":654,"column":77}},"192":{"start":{"line":656,"column":4},"end":{"line":656,"column":43}},"193":{"start":{"line":671,"column":8},"end":{"line":676,"column":6}},"194":{"start":{"line":677,"column":20},"end":{"line":680,"column":null}},"195":{"start":{"line":682,"column":17},"end":{"line":682,"column":63}},"196":{"start":{"line":683,"column":19},"end":{"line":683,"column":77}},"197":{"start":{"line":685,"column":4},"end":{"line":685,"column":43}},"198":{"start":{"line":700,"column":8},"end":{"line":705,"column":6}},"199":{"start":{"line":706,"column":20},"end":{"line":709,"column":null}},"200":{"start":{"line":711,"column":17},"end":{"line":711,"column":63}},"201":{"start":{"line":712,"column":19},"end":{"line":712,"column":77}},"202":{"start":{"line":714,"column":4},"end":{"line":714,"column":43}},"203":{"start":{"line":718,"column":22},"end":{"line":720,"column":null}},"204":{"start":{"line":722,"column":4},"end":{"line":722,"column":21}},"205":{"start":{"line":730,"column":22},"end":{"line":732,"column":null}},"206":{"start":{"line":734,"column":4},"end":{"line":734,"column":54}},"207":{"start":{"line":38,"column":0},"end":{"line":38,"column":13}}},"fnMap":{"0":{"name":"(anonymous_7)","decl":{"start":{"line":43,"column":2},"end":{"line":43,"column":14}},"loc":{"start":{"line":43,"column":34},"end":{"line":47,"column":3}}},"1":{"name":"(anonymous_8)","decl":{"start":{"line":50,"column":2},"end":{"line":50,"column":7}},"loc":{"start":{"line":50,"column":33},"end":{"line":98,"column":3}}},"2":{"name":"(anonymous_9)","decl":{"start":{"line":100,"column":2},"end":{"line":100,"column":7}},"loc":{"start":{"line":100,"column":20},"end":{"line":104,"column":3}}},"3":{"name":"(anonymous_10)","decl":{"start":{"line":106,"column":2},"end":{"line":106,"column":7}},"loc":{"start":{"line":106,"column":37},"end":{"line":132,"column":3}}},"4":{"name":"(anonymous_11)","decl":{"start":{"line":134,"column":2},"end":{"line":134,"column":7}},"loc":{"start":{"line":134,"column":69},"end":{"line":136,"column":3}}},"5":{"name":"(anonymous_12)","decl":{"start":{"line":139,"column":2},"end":{"line":139,"column":7}},"loc":{"start":{"line":139,"column":43},"end":{"line":144,"column":3}}},"6":{"name":"(anonymous_13)","decl":{"start":{"line":146,"column":2},"end":{"line":146,"column":7}},"loc":{"start":{"line":146,"column":70},"end":{"line":151,"column":3}}},"7":{"name":"(anonymous_14)","decl":{"start":{"line":153,"column":2},"end":{"line":153,"column":7}},"loc":{"start":{"line":153,"column":47},"end":{"line":155,"column":3}}},"8":{"name":"(anonymous_15)","decl":{"start":{"line":157,"column":2},"end":{"line":157,"column":7}},"loc":{"start":{"line":157,"column":46},"end":{"line":167,"column":3}}},"9":{"name":"(anonymous_16)","decl":{"start":{"line":169,"column":2},"end":{"line":169,"column":7}},"loc":{"start":{"line":169,"column":58},"end":{"line":186,"column":3}}},"10":{"name":"(anonymous_17)","decl":{"start":{"line":171,"column":34},"end":{"line":171,"column":35}},"loc":{"start":{"line":171,"column":50},"end":{"line":184,"column":6}}},"11":{"name":"(anonymous_18)","decl":{"start":{"line":188,"column":2},"end":{"line":188,"column":7}},"loc":{"start":{"line":191,"column":18},"end":{"line":223,"column":3}}},"12":{"name":"(anonymous_19)","decl":{"start":{"line":225,"column":2},"end":{"line":225,"column":7}},"loc":{"start":{"line":225,"column":45},"end":{"line":227,"column":3}}},"13":{"name":"(anonymous_20)","decl":{"start":{"line":229,"column":2},"end":{"line":229,"column":7}},"loc":{"start":{"line":229,"column":41},"end":{"line":235,"column":3}}},"14":{"name":"(anonymous_21)","decl":{"start":{"line":237,"column":2},"end":{"line":237,"column":7}},"loc":{"start":{"line":241,"column":15},"end":{"line":249,"column":3}}},"15":{"name":"(anonymous_22)","decl":{"start":{"line":251,"column":2},"end":{"line":251,"column":7}},"loc":{"start":{"line":258,"column":42},"end":{"line":269,"column":3}}},"16":{"name":"(anonymous_23)","decl":{"start":{"line":271,"column":2},"end":{"line":271,"column":7}},"loc":{"start":{"line":277,"column":18},"end":{"line":287,"column":3}}},"17":{"name":"(anonymous_24)","decl":{"start":{"line":289,"column":2},"end":{"line":289,"column":7}},"loc":{"start":{"line":294,"column":22},"end":{"line":303,"column":3}}},"18":{"name":"(anonymous_25)","decl":{"start":{"line":305,"column":2},"end":{"line":305,"column":7}},"loc":{"start":{"line":310,"column":22},"end":{"line":319,"column":3}}},"19":{"name":"(anonymous_26)","decl":{"start":{"line":321,"column":2},"end":{"line":321,"column":7}},"loc":{"start":{"line":325,"column":23},"end":{"line":348,"column":3}}},"20":{"name":"(anonymous_27)","decl":{"start":{"line":350,"column":2},"end":{"line":350,"column":7}},"loc":{"start":{"line":350,"column":96},"end":{"line":355,"column":3}}},"21":{"name":"(anonymous_28)","decl":{"start":{"line":357,"column":2},"end":{"line":357,"column":7}},"loc":{"start":{"line":357,"column":87},"end":{"line":359,"column":3}}},"22":{"name":"(anonymous_29)","decl":{"start":{"line":361,"column":2},"end":{"line":361,"column":24}},"loc":{"start":{"line":361,"column":70},"end":{"line":365,"column":3}}},"23":{"name":"(anonymous_30)","decl":{"start":{"line":362,"column":23},"end":{"line":362,"column":24}},"loc":{"start":{"line":362,"column":35},"end":{"line":364,"column":5}}},"24":{"name":"(anonymous_31)","decl":{"start":{"line":366,"column":2},"end":{"line":366,"column":23}},"loc":{"start":{"line":366,"column":69},"end":{"line":370,"column":3}}},"25":{"name":"(anonymous_32)","decl":{"start":{"line":367,"column":23},"end":{"line":367,"column":24}},"loc":{"start":{"line":367,"column":35},"end":{"line":369,"column":5}}},"26":{"name":"(anonymous_33)","decl":{"start":{"line":372,"column":2},"end":{"line":372,"column":7}},"loc":{"start":{"line":372,"column":56},"end":{"line":374,"column":3}}},"27":{"name":"(anonymous_34)","decl":{"start":{"line":376,"column":2},"end":{"line":376,"column":7}},"loc":{"start":{"line":376,"column":47},"end":{"line":378,"column":3}}},"28":{"name":"(anonymous_35)","decl":{"start":{"line":380,"column":2},"end":{"line":380,"column":7}},"loc":{"start":{"line":380,"column":58},"end":{"line":382,"column":3}}},"29":{"name":"(anonymous_36)","decl":{"start":{"line":384,"column":2},"end":{"line":384,"column":7}},"loc":{"start":{"line":384,"column":61},"end":{"line":422,"column":3}}},"30":{"name":"(anonymous_37)","decl":{"start":{"line":424,"column":2},"end":{"line":424,"column":7}},"loc":{"start":{"line":427,"column":21},"end":{"line":441,"column":3}}},"31":{"name":"(anonymous_38)","decl":{"start":{"line":444,"column":2},"end":{"line":444,"column":7}},"loc":{"start":{"line":444,"column":35},"end":{"line":473,"column":3}}},"32":{"name":"isEventEqual","decl":{"start":{"line":455,"column":13},"end":{"line":455,"column":25}},"loc":{"start":{"line":455,"column":40},"end":{"line":461,"column":5}}},"33":{"name":"(anonymous_40)","decl":{"start":{"line":465,"column":29},"end":{"line":465,"column":39}},"loc":{"start":{"line":465,"column":43},"end":{"line":467,"column":9}}},"34":{"name":"(anonymous_41)","decl":{"start":{"line":475,"column":2},"end":{"line":475,"column":7}},"loc":{"start":{"line":475,"column":33},"end":{"line":505,"column":3}}},"35":{"name":"(anonymous_42)","decl":{"start":{"line":482,"column":8},"end":{"line":482,"column":9}},"loc":{"start":{"line":482,"column":15},"end":{"line":482,"column":51}}},"36":{"name":"(anonymous_43)","decl":{"start":{"line":507,"column":2},"end":{"line":507,"column":7}},"loc":{"start":{"line":507,"column":33},"end":{"line":526,"column":3}}},"37":{"name":"(anonymous_44)","decl":{"start":{"line":511,"column":6},"end":{"line":511,"column":7}},"loc":{"start":{"line":511,"column":13},"end":{"line":511,"column":49}}},"38":{"name":"(anonymous_45)","decl":{"start":{"line":529,"column":2},"end":{"line":529,"column":7}},"loc":{"start":{"line":529,"column":61},"end":{"line":548,"column":3}}},"39":{"name":"(anonymous_46)","decl":{"start":{"line":533,"column":6},"end":{"line":533,"column":7}},"loc":{"start":{"line":533,"column":13},"end":{"line":533,"column":49}}},"40":{"name":"(anonymous_47)","decl":{"start":{"line":550,"column":2},"end":{"line":550,"column":7}},"loc":{"start":{"line":556,"column":12},"end":{"line":576,"column":3}}},"41":{"name":"(anonymous_48)","decl":{"start":{"line":561,"column":6},"end":{"line":561,"column":7}},"loc":{"start":{"line":561,"column":13},"end":{"line":561,"column":36}}},"42":{"name":"(anonymous_49)","decl":{"start":{"line":578,"column":2},"end":{"line":578,"column":7}},"loc":{"start":{"line":580,"column":24},"end":{"line":593,"column":3}}},"43":{"name":"(anonymous_50)","decl":{"start":{"line":599,"column":2},"end":{"line":599,"column":7}},"loc":{"start":{"line":604,"column":26},"end":{"line":631,"column":3}}},"44":{"name":"(anonymous_51)","decl":{"start":{"line":634,"column":2},"end":{"line":634,"column":7}},"loc":{"start":{"line":634,"column":66},"end":{"line":657,"column":3}}},"45":{"name":"(anonymous_52)","decl":{"start":{"line":660,"column":2},"end":{"line":660,"column":7}},"loc":{"start":{"line":664,"column":18},"end":{"line":686,"column":3}}},"46":{"name":"(anonymous_53)","decl":{"start":{"line":689,"column":2},"end":{"line":689,"column":7}},"loc":{"start":{"line":693,"column":18},"end":{"line":715,"column":3}}},"47":{"name":"(anonymous_54)","decl":{"start":{"line":717,"column":2},"end":{"line":717,"column":7}},"loc":{"start":{"line":717,"column":42},"end":{"line":723,"column":3}}},"48":{"name":"(anonymous_55)","decl":{"start":{"line":725,"column":2},"end":{"line":725,"column":7}},"loc":{"start":{"line":727,"column":26},"end":{"line":735,"column":3}}}},"branchMap":{"0":{"loc":{"start":{"line":51,"column":4},"end":{"line":53,"column":null}},"type":"if","locations":[{"start":{"line":51,"column":4},"end":{"line":53,"column":null}}]},"1":{"loc":{"start":{"line":66,"column":8},"end":{"line":80,"column":null}},"type":"if","locations":[{"start":{"line":66,"column":8},"end":{"line":80,"column":null}}]},"2":{"loc":{"start":{"line":75,"column":10},"end":{"line":77,"column":null}},"type":"if","locations":[{"start":{"line":75,"column":10},"end":{"line":77,"column":null}}]},"3":{"loc":{"start":{"line":82,"column":8},"end":{"line":86,"column":null}},"type":"if","locations":[{"start":{"line":82,"column":8},"end":{"line":86,"column":null}}]},"4":{"loc":{"start":{"line":88,"column":6},"end":{"line":90,"column":null}},"type":"if","locations":[{"start":{"line":88,"column":6},"end":{"line":90,"column":null}}]},"5":{"loc":{"start":{"line":120,"column":6},"end":{"line":123,"column":null}},"type":"if","locations":[{"start":{"line":120,"column":6},"end":{"line":123,"column":null}}]},"6":{"loc":{"start":{"line":162,"column":6},"end":{"line":164,"column":null}},"type":"if","locations":[{"start":{"line":162,"column":6},"end":{"line":164,"column":null}}]},"7":{"loc":{"start":{"line":194,"column":6},"end":{"line":196,"column":null}},"type":"if","locations":[{"start":{"line":194,"column":6},"end":{"line":196,"column":null}}]},"8":{"loc":{"start":{"line":217,"column":6},"end":{"line":221,"column":null}},"type":"if","locations":[{"start":{"line":217,"column":6},"end":{"line":221,"column":null}},{"start":{"line":219,"column":13},"end":{"line":221,"column":null}}]},"9":{"loc":{"start":{"line":258,"column":4},"end":{"line":258,"column":42}},"type":"default-arg","locations":[{"start":{"line":258,"column":41},"end":{"line":258,"column":42}}]},"10":{"loc":{"start":{"line":391,"column":4},"end":{"line":393,"column":null}},"type":"if","locations":[{"start":{"line":391,"column":4},"end":{"line":393,"column":null}}]},"11":{"loc":{"start":{"line":409,"column":4},"end":{"line":415,"column":null}},"type":"if","locations":[{"start":{"line":409,"column":4},"end":{"line":415,"column":null}}]},"12":{"loc":{"start":{"line":436,"column":4},"end":{"line":438,"column":null}},"type":"if","locations":[{"start":{"line":436,"column":4},"end":{"line":438,"column":null}}]},"13":{"loc":{"start":{"line":457,"column":8},"end":{"line":459,"column":51}},"type":"binary-expr","locations":[{"start":{"line":457,"column":8},"end":{"line":457,"column":57}},{"start":{"line":458,"column":8},"end":{"line":458,"column":71}},{"start":{"line":459,"column":8},"end":{"line":459,"column":51}}]},"14":{"loc":{"start":{"line":464,"column":6},"end":{"line":470,"column":null}},"type":"if","locations":[{"start":{"line":464,"column":6},"end":{"line":470,"column":null}}]},"15":{"loc":{"start":{"line":586,"column":4},"end":{"line":588,"column":null}},"type":"if","locations":[{"start":{"line":586,"column":4},"end":{"line":588,"column":null}}]},"16":{"loc":{"start":{"line":589,"column":4},"end":{"line":591,"column":null}},"type":"if","locations":[{"start":{"line":589,"column":4},"end":{"line":591,"column":null}}]}},"s":{"0":1,"1":1,"2":1,"3":1,"4":1,"5":1,"6":1,"7":1,"8":1,"9":1,"10":1,"11":1,"12":1,"13":1,"14":1,"15":1,"16":1,"17":0,"18":0,"19":0,"20":0,"21":0,"22":0,"23":0,"24":0,"25":0,"26":0,"27":0,"28":0,"29":0,"30":0,"31":0,"32":0,"33":0,"34":0,"35":0,"36":0,"37":0,"38":0,"39":0,"40":0,"41":0,"42":0,"43":0,"44":0,"45":0,"46":0,"47":0,"48":0,"49":0,"50":1,"51":1,"52":1,"53":1,"54":1,"55":1,"56":1,"57":1,"58":1,"59":1,"60":1,"61":1,"62":1,"63":0,"64":0,"65":1,"66":1,"67":0,"68":0,"69":0,"70":0,"71":0,"72":0,"73":1,"74":1,"75":1,"76":1,"77":0,"78":0,"79":0,"80":0,"81":0,"82":0,"83":0,"84":0,"85":0,"86":0,"87":0,"88":0,"89":0,"90":0,"91":0,"92":0,"93":0,"94":0,"95":0,"96":0,"97":0,"98":0,"99":0,"100":0,"101":0,"102":0,"103":0,"104":0,"105":0,"106":0,"107":0,"108":0,"109":0,"110":0,"111":0,"112":0,"113":0,"114":0,"115":0,"116":0,"117":0,"118":0,"119":0,"120":0,"121":1,"122":0,"123":0,"124":0,"125":0,"126":0,"127":0,"128":0,"129":0,"130":0,"131":0,"132":0,"133":0,"134":0,"135":0,"136":0,"137":0,"138":0,"139":0,"140":0,"141":0,"142":0,"143":0,"144":0,"145":0,"146":0,"147":0,"148":0,"149":0,"150":0,"151":0,"152":0,"153":0,"154":0,"155":0,"156":0,"157":0,"158":0,"159":0,"160":0,"161":0,"162":0,"163":0,"164":0,"165":0,"166":0,"167":0,"168":0,"169":0,"170":0,"171":0,"172":0,"173":0,"174":0,"175":0,"176":0,"177":0,"178":0,"179":0,"180":0,"181":0,"182":0,"183":0,"184":0,"185":0,"186":0,"187":0,"188":0,"189":0,"190":0,"191":0,"192":0,"193":0,"194":0,"195":0,"196":0,"197":0,"198":0,"199":0,"200":0,"201":0,"202":0,"203":0,"204":0,"205":0,"206":0,"207":1},"f":{"0":1,"1":0,"2":1,"3":1,"4":0,"5":0,"6":1,"7":0,"8":0,"9":0,"10":0,"11":0,"12":0,"13":0,"14":0,"15":0,"16":0,"17":0,"18":0,"19":0,"20":0,"21":0,"22":0,"23":0,"24":0,"25":0,"26":0,"27":0,"28":1,"29":0,"30":0,"31":0,"32":0,"33":0,"34":0,"35":0,"36":0,"37":0,"38":0,"39":0,"40":0,"41":0,"42":0,"43":0,"44":0,"45":0,"46":0,"47":0,"48":0},"b":{"0":[0],"1":[0],"2":[0],"3":[0],"4":[0],"5":[0],"6":[0],"7":[0],"8":[0,0],"9":[0],"10":[0],"11":[0],"12":[0],"13":[0,0,0],"14":[0],"15":[0],"16":[0]}}
,"/Users/innodeed/Documents/learning/git/aptos-web3.js/src/transaction_builder/builder.ts": {"path":"/Users/innodeed/Documents/learning/git/aptos-web3.js/src/transaction_builder/builder.ts","statementMap":{"0":{"start":{"line":1,"column":0},"end":{"line":1,"column":32}},"1":{"start":{"line":2,"column":0},"end":{"line":2,"column":33}},"2":{"start":{"line":3,"column":0},"end":{"line":3,"column":null}},"3":{"start":{"line":15,"column":0},"end":{"line":15,"column":42}},"4":{"start":{"line":17,"column":29},"end":{"line":17,"column":52}},"5":{"start":{"line":18,"column":39},"end":{"line":18,"column":70}},"6":{"start":{"line":32,"column":4},"end":{"line":32,"column":43}},"7":{"start":{"line":37,"column":17},"end":{"line":37,"column":39}},"8":{"start":{"line":38,"column":4},"end":{"line":44,"column":null}},"9":{"start":{"line":39,"column":6},"end":{"line":39,"column":53}},"10":{"start":{"line":40,"column":11},"end":{"line":44,"column":null}},"11":{"start":{"line":41,"column":6},"end":{"line":41,"column":63}},"12":{"start":{"line":43,"column":6},"end":{"line":43,"column":51}},"13":{"start":{"line":46,"column":19},"end":{"line":46,"column":53}},"14":{"start":{"line":48,"column":4},"end":{"line":48,"column":59}},"15":{"start":{"line":28,"column":0},"end":{"line":28,"column":13}},"16":{"start":{"line":59,"column":4},"end":{"line":59,"column":27}},"17":{"start":{"line":60,"column":4},"end":{"line":60,"column":31}},"18":{"start":{"line":64,"column":27},"end":{"line":64,"column":71}},"19":{"start":{"line":65,"column":22},"end":{"line":65,"column":58}},"20":{"start":{"line":67,"column":26},"end":{"line":69,"column":null}},"21":{"start":{"line":72,"column":4},"end":{"line":72,"column":56}},"22":{"start":{"line":77,"column":4},"end":{"line":77,"column":49}},"23":{"start":{"line":55,"column":0},"end":{"line":55,"column":13}},"24":{"start":{"line":88,"column":4},"end":{"line":88,"column":27}},"25":{"start":{"line":89,"column":4},"end":{"line":89,"column":31}},"26":{"start":{"line":93,"column":27},"end":{"line":93,"column":71}},"27":{"start":{"line":94,"column":22},"end":{"line":94,"column":58}},"28":{"start":{"line":96,"column":26},"end":{"line":96,"column":118}},"29":{"start":{"line":98,"column":4},"end":{"line":98,"column":56}},"30":{"start":{"line":103,"column":4},"end":{"line":103,"column":49}},"31":{"start":{"line":84,"column":0},"end":{"line":84,"column":13}}},"fnMap":{"0":{"name":"(anonymous_6)","decl":{"start":{"line":31,"column":2},"end":{"line":31,"column":14}},"loc":{"start":{"line":31,"column":32},"end":{"line":33,"column":3}}},"1":{"name":"(anonymous_7)","decl":{"start":{"line":36,"column":2},"end":{"line":36,"column":8}},"loc":{"start":{"line":36,"column":52},"end":{"line":49,"column":3}}},"2":{"name":"(anonymous_8)","decl":{"start":{"line":58,"column":2},"end":{"line":58,"column":14}},"loc":{"start":{"line":58,"column":63},"end":{"line":61,"column":3}}},"3":{"name":"(anonymous_9)","decl":{"start":{"line":63,"column":10},"end":{"line":63,"column":22}},"loc":{"start":{"line":63,"column":45},"end":{"line":73,"column":3}}},"4":{"name":"(anonymous_10)","decl":{"start":{"line":76,"column":2},"end":{"line":76,"column":6}},"loc":{"start":{"line":76,"column":29},"end":{"line":78,"column":3}}},"5":{"name":"(anonymous_11)","decl":{"start":{"line":87,"column":2},"end":{"line":87,"column":14}},"loc":{"start":{"line":87,"column":74},"end":{"line":90,"column":3}}},"6":{"name":"(anonymous_12)","decl":{"start":{"line":92,"column":10},"end":{"line":92,"column":22}},"loc":{"start":{"line":92,"column":45},"end":{"line":99,"column":3}}},"7":{"name":"(anonymous_13)","decl":{"start":{"line":102,"column":2},"end":{"line":102,"column":6}},"loc":{"start":{"line":102,"column":29},"end":{"line":104,"column":3}}}},"branchMap":{"0":{"loc":{"start":{"line":38,"column":4},"end":{"line":44,"column":null}},"type":"if","locations":[{"start":{"line":38,"column":4},"end":{"line":44,"column":null}},{"start":{"line":40,"column":11},"end":{"line":44,"column":null}}]},"1":{"loc":{"start":{"line":40,"column":11},"end":{"line":44,"column":null}},"type":"if","locations":[{"start":{"line":40,"column":11},"end":{"line":44,"column":null}},{"start":{"line":42,"column":11},"end":{"line":44,"column":null}}]}},"s":{"0":1,"1":1,"2":1,"3":1,"4":1,"5":1,"6":0,"7":0,"8":0,"9":0,"10":0,"11":0,"12":0,"13":0,"14":0,"15":1,"16":0,"17":0,"18":0,"19":0,"20":0,"21":0,"22":0,"23":1,"24":0,"25":0,"26":0,"27":0,"28":0,"29":0,"30":0,"31":1},"f":{"0":0,"1":0,"2":0,"3":0,"4":0,"5":0,"6":0,"7":0},"b":{"0":[0,0],"1":[0,0]}}
,"/Users/innodeed/Documents/learning/git/aptos-web3.js/src/transaction_builder/index.ts": {"path":"/Users/innodeed/Documents/learning/git/aptos-web3.js/src/transaction_builder/index.ts","statementMap":{"0":{"start":{"line":1,"column":0},"end":{"line":1,"column":26}},"1":{"start":{"line":2,"column":0},"end":{"line":2,"column":29}},"2":{"start":{"line":3,"column":0},"end":{"line":3,"column":49}}},"fnMap":{},"branchMap":{},"s":{"0":1,"1":1,"2":1},"f":{},"b":{}}
,"/Users/innodeed/Documents/learning/git/aptos-web3.js/src/transaction_builder/aptos_types/account_address.js": {"path":"/Users/innodeed/Documents/learning/git/aptos-web3.js/src/transaction_builder/aptos_types/account_address.js","statementMap":{"0":{"start":{"line":2,"column":0},"end":{"line":2,"column":26}},"1":{"start":{"line":3,"column":0},"end":{"line":3,"column":32}},"2":{"start":{"line":4,"column":19},"end":{"line":4,"column":46}},"3":{"start":{"line":5,"column":36},"end":{"line":44,"column":3}},"4":{"start":{"line":7,"column":8},"end":{"line":9,"column":9}},"5":{"start":{"line":8,"column":12},"end":{"line":8,"column":61}},"6":{"start":{"line":10,"column":8},"end":{"line":10,"column":31}},"7":{"start":{"line":17,"column":4},"end":{"line":35,"column":6}},"8":{"start":{"line":18,"column":22},"end":{"line":18,"column":57}},"9":{"start":{"line":21,"column":8},"end":{"line":23,"column":9}},"10":{"start":{"line":22,"column":12},"end":{"line":22,"column":81}},"11":{"start":{"line":24,"column":27},"end":{"line":24,"column":49}},"12":{"start":{"line":25,"column":8},"end":{"line":31,"column":9}},"13":{"start":{"line":27,"column":12},"end":{"line":27,"column":85}},"14":{"start":{"line":29,"column":13},"end":{"line":31,"column":9}},"15":{"start":{"line":30,"column":12},"end":{"line":30,"column":52}},"16":{"start":{"line":32,"column":18},"end":{"line":32,"column":55}},"17":{"start":{"line":33,"column":8},"end":{"line":33,"column":75}},"18":{"start":{"line":34,"column":8},"end":{"line":34,"column":39}},"19":{"start":{"line":36,"column":4},"end":{"line":38,"column":6}},"20":{"start":{"line":37,"column":8},"end":{"line":37,"column":53}},"21":{"start":{"line":39,"column":4},"end":{"line":41,"column":6}},"22":{"start":{"line":40,"column":8},"end":{"line":40,"column":93}},"23":{"start":{"line":42,"column":4},"end":{"line":42,"column":31}},"24":{"start":{"line":43,"column":4},"end":{"line":43,"column":26}},"25":{"start":{"line":45,"column":0},"end":{"line":45,"column":40}}},"fnMap":{"0":{"name":"(anonymous_0)","decl":{"start":{"line":5,"column":36},"end":{"line":5,"column":37}},"loc":{"start":{"line":5,"column":48},"end":{"line":44,"column":1}},"line":5},"1":{"name":"AccountAddress","decl":{"start":{"line":6,"column":13},"end":{"line":6,"column":27}},"loc":{"start":{"line":6,"column":37},"end":{"line":11,"column":5}},"line":6},"2":{"name":"(anonymous_2)","decl":{"start":{"line":17,"column":29},"end":{"line":17,"column":30}},"loc":{"start":{"line":17,"column":45},"end":{"line":35,"column":5}},"line":17},"3":{"name":"(anonymous_3)","decl":{"start":{"line":36,"column":41},"end":{"line":36,"column":42}},"loc":{"start":{"line":36,"column":63},"end":{"line":38,"column":5}},"line":36},"4":{"name":"(anonymous_4)","decl":{"start":{"line":39,"column":33},"end":{"line":39,"column":34}},"loc":{"start":{"line":39,"column":57},"end":{"line":41,"column":5}},"line":39}},"branchMap":{"0":{"loc":{"start":{"line":7,"column":8},"end":{"line":9,"column":9}},"type":"if","locations":[{"start":{"line":7,"column":8},"end":{"line":9,"column":9}},{"start":{},"end":{}}],"line":7},"1":{"loc":{"start":{"line":21,"column":8},"end":{"line":23,"column":9}},"type":"if","locations":[{"start":{"line":21,"column":8},"end":{"line":23,"column":9}},{"start":{},"end":{}}],"line":21},"2":{"loc":{"start":{"line":25,"column":8},"end":{"line":31,"column":9}},"type":"if","locations":[{"start":{"line":25,"column":8},"end":{"line":31,"column":9}},{"start":{"line":29,"column":13},"end":{"line":31,"column":9}}],"line":25},"3":{"loc":{"start":{"line":29,"column":13},"end":{"line":31,"column":9}},"type":"if","locations":[{"start":{"line":29,"column":13},"end":{"line":31,"column":9}},{"start":{},"end":{}}],"line":29}},"s":{"0":1,"1":1,"2":1,"3":1,"4":0,"5":0,"6":0,"7":1,"8":0,"9":0,"10":0,"11":0,"12":0,"13":0,"14":0,"15":0,"16":0,"17":0,"18":0,"19":1,"20":0,"21":1,"22":0,"23":1,"24":1,"25":1},"f":{"0":1,"1":0,"2":0,"3":0,"4":0},"b":{"0":[0,0],"1":[0,0],"2":[0,0],"3":[0,0]},"inputSourceMap":null,"_coverageSchema":"1a1c01bbd47fc00a2c39e90264f33305004495a9","hash":"26ad2b1671088735108d48d1a692b355d800a75a"}
,"/Users/innodeed/Documents/learning/git/aptos-web3.js/src/transaction_builder/aptos_types/authentication_key.js": {"path":"/Users/innodeed/Documents/learning/git/aptos-web3.js/src/transaction_builder/aptos_types/authentication_key.js","statementMap":{"0":{"start":{"line":2,"column":20},"end":{"line":10,"column":1}},"1":{"start":{"line":3,"column":4},"end":{"line":8,"column":5}},"2":{"start":{"line":3,"column":40},"end":{"line":8,"column":5}},"3":{"start":{"line":3,"column":53},"end":{"line":3,"column":54}},"4":{"start":{"line":3,"column":60},"end":{"line":3,"column":71}},"5":{"start":{"line":4,"column":8},"end":{"line":7,"column":9}},"6":{"start":{"line":5,"column":12},"end":{"line":5,"column":65}},"7":{"start":{"line":5,"column":21},"end":{"line":5,"column":65}},"8":{"start":{"line":6,"column":12},"end":{"line":6,"column":28}},"9":{"start":{"line":9,"column":4},"end":{"line":9,"column":61}},"10":{"start":{"line":11,"column":0},"end":{"line":11,"column":26}},"11":{"start":{"line":12,"column":0},"end":{"line":12,"column":35}},"12":{"start":{"line":13,"column":11},"end":{"line":13,"column":29}},"13":{"start":{"line":14,"column":19},"end":{"line":14,"column":46}},"14":{"start":{"line":22,"column":39},"end":{"line":50,"column":3}},"15":{"start":{"line":24,"column":8},"end":{"line":26,"column":9}},"16":{"start":{"line":25,"column":12},"end":{"line":25,"column":66}},"17":{"start":{"line":27,"column":8},"end":{"line":27,"column":27}},"18":{"start":{"line":34,"column":4},"end":{"line":39,"column":6}},"19":{"start":{"line":35,"column":20},"end":{"line":35,"column":144}},"20":{"start":{"line":36,"column":19},"end":{"line":36,"column":41}},"21":{"start":{"line":37,"column":8},"end":{"line":37,"column":40}},"22":{"start":{"line":38,"column":8},"end":{"line":38,"column":73}},"23":{"start":{"line":44,"column":4},"end":{"line":46,"column":6}},"24":{"start":{"line":45,"column":8},"end":{"line":45,"column":65}},"25":{"start":{"line":47,"column":4},"end":{"line":47,"column":34}},"26":{"start":{"line":48,"column":4},"end":{"line":48,"column":47}},"27":{"start":{"line":49,"column":4},"end":{"line":49,"column":29}},"28":{"start":{"line":51,"column":0},"end":{"line":51,"column":46}}},"fnMap":{"0":{"name":"(anonymous_0)","decl":{"start":{"line":2,"column":52},"end":{"line":2,"column":53}},"loc":{"start":{"line":2,"column":78},"end":{"line":10,"column":1}},"line":2},"1":{"name":"(anonymous_1)","decl":{"start":{"line":22,"column":39},"end":{"line":22,"column":40}},"loc":{"start":{"line":22,"column":51},"end":{"line":50,"column":1}},"line":22},"2":{"name":"AuthenticationKey","decl":{"start":{"line":23,"column":13},"end":{"line":23,"column":30}},"loc":{"start":{"line":23,"column":38},"end":{"line":28,"column":5}},"line":23},"3":{"name":"(anonymous_3)","decl":{"start":{"line":34,"column":50},"end":{"line":34,"column":51}},"loc":{"start":{"line":34,"column":71},"end":{"line":39,"column":5}},"line":34},"4":{"name":"(anonymous_4)","decl":{"start":{"line":44,"column":49},"end":{"line":44,"column":50}},"loc":{"start":{"line":44,"column":61},"end":{"line":46,"column":5}},"line":44}},"branchMap":{"0":{"loc":{"start":{"line":2,"column":20},"end":{"line":10,"column":1}},"type":"binary-expr","locations":[{"start":{"line":2,"column":21},"end":{"line":2,"column":25}},{"start":{"line":2,"column":29},"end":{"line":2,"column":47}},{"start":{"line":2,"column":52},"end":{"line":10,"column":1}}],"line":2},"1":{"loc":{"start":{"line":3,"column":4},"end":{"line":8,"column":5}},"type":"if","locations":[{"start":{"line":3,"column":4},"end":{"line":8,"column":5}},{"start":{},"end":{}}],"line":3},"2":{"loc":{"start":{"line":3,"column":8},"end":{"line":3,"column":38}},"type":"binary-expr","locations":[{"start":{"line":3,"column":8},"end":{"line":3,"column":12}},{"start":{"line":3,"column":16},"end":{"line":3,"column":38}}],"line":3},"3":{"loc":{"start":{"line":4,"column":8},"end":{"line":7,"column":9}},"type":"if","locations":[{"start":{"line":4,"column":8},"end":{"line":7,"column":9}},{"start":{},"end":{}}],"line":4},"4":{"loc":{"start":{"line":4,"column":12},"end":{"line":4,"column":30}},"type":"binary-expr","locations":[{"start":{"line":4,"column":12},"end":{"line":4,"column":14}},{"start":{"line":4,"column":18},"end":{"line":4,"column":30}}],"line":4},"5":{"loc":{"start":{"line":5,"column":12},"end":{"line":5,"column":65}},"type":"if","locations":[{"start":{"line":5,"column":12},"end":{"line":5,"column":65}},{"start":{},"end":{}}],"line":5},"6":{"loc":{"start":{"line":9,"column":21},"end":{"line":9,"column":59}},"type":"binary-expr","locations":[{"start":{"line":9,"column":21},"end":{"line":9,"column":23}},{"start":{"line":9,"column":27},"end":{"line":9,"column":59}}],"line":9},"7":{"loc":{"start":{"line":24,"column":8},"end":{"line":26,"column":9}},"type":"if","locations":[{"start":{"line":24,"column":8},"end":{"line":26,"column":9}},{"start":{},"end":{}}],"line":24}},"s":{"0":1,"1":0,"2":0,"3":0,"4":0,"5":0,"6":0,"7":0,"8":0,"9":0,"10":1,"11":1,"12":1,"13":1,"14":1,"15":0,"16":0,"17":0,"18":1,"19":0,"20":0,"21":0,"22":0,"23":1,"24":0,"25":1,"26":1,"27":1,"28":1},"f":{"0":0,"1":1,"2":0,"3":0,"4":0},"b":{"0":[1,1,1],"1":[0,0],"2":[0,0],"3":[0,0],"4":[0,0],"5":[0,0],"6":[0,0],"7":[0,0]},"inputSourceMap":null,"_coverageSchema":"1a1c01bbd47fc00a2c39e90264f33305004495a9","hash":"2d6f0707d5fa4a6d9dad197515d43ce6742cc9f0"}
,"/Users/innodeed/Documents/learning/git/aptos-web3.js/src/transaction_builder/aptos_types/authenticator.js": {"path":"/Users/innodeed/Documents/learning/git/aptos-web3.js/src/transaction_builder/aptos_types/authenticator.js","statementMap":{"0":{"start":{"line":2,"column":16},"end":{"line":16,"column":4}},"1":{"start":{"line":3,"column":24},"end":{"line":8,"column":5}},"2":{"start":{"line":4,"column":8},"end":{"line":6,"column":110}},"3":{"start":{"line":5,"column":69},"end":{"line":5,"column":85}},"4":{"start":{"line":6,"column":30},"end":{"line":6,"column":107}},"5":{"start":{"line":6,"column":47},"end":{"line":6,"column":107}},"6":{"start":{"line":6,"column":95},"end":{"line":6,"column":107}},"7":{"start":{"line":7,"column":8},"end":{"line":7,"column":35}},"8":{"start":{"line":9,"column":4},"end":{"line":15,"column":6}},"9":{"start":{"line":10,"column":8},"end":{"line":11,"column":102}},"10":{"start":{"line":11,"column":12},"end":{"line":11,"column":102}},"11":{"start":{"line":12,"column":8},"end":{"line":12,"column":28}},"12":{"start":{"line":13,"column":24},"end":{"line":13,"column":45}},"13":{"start":{"line":14,"column":8},"end":{"line":14,"column":93}},"14":{"start":{"line":17,"column":0},"end":{"line":17,"column":26}},"15":{"start":{"line":18,"column":0},"end":{"line":18,"column":288}},"16":{"start":{"line":20,"column":12},"end":{"line":20,"column":29}},"17":{"start":{"line":21,"column":24},"end":{"line":21,"column":52}},"18":{"start":{"line":22,"column":16},"end":{"line":22,"column":36}},"19":{"start":{"line":23,"column":22},"end":{"line":23,"column":48}},"20":{"start":{"line":24,"column":46},"end":{"line":41,"column":3}},"21":{"start":{"line":27,"column":4},"end":{"line":39,"column":6}},"22":{"start":{"line":28,"column":20},"end":{"line":28,"column":58}},"23":{"start":{"line":29,"column":8},"end":{"line":38,"column":9}},"24":{"start":{"line":31,"column":16},"end":{"line":31,"column":74}},"25":{"start":{"line":33,"column":16},"end":{"line":33,"column":79}},"26":{"start":{"line":35,"column":16},"end":{"line":35,"column":77}},"27":{"start":{"line":37,"column":16},"end":{"line":37,"column":102}},"28":{"start":{"line":40,"column":4},"end":{"line":40,"column":36}},"29":{"start":{"line":42,"column":0},"end":{"line":42,"column":60}},"30":{"start":{"line":43,"column":53},"end":{"line":70,"column":27}},"31":{"start":{"line":44,"column":4},"end":{"line":44,"column":55}},"32":{"start":{"line":54,"column":20},"end":{"line":54,"column":45}},"33":{"start":{"line":55,"column":8},"end":{"line":55,"column":38}},"34":{"start":{"line":56,"column":8},"end":{"line":56,"column":36}},"35":{"start":{"line":57,"column":8},"end":{"line":57,"column":21}},"36":{"start":{"line":59,"column":4},"end":{"line":63,"column":6}},"37":{"start":{"line":60,"column":8},"end":{"line":60,"column":44}},"38":{"start":{"line":61,"column":8},"end":{"line":61,"column":46}},"39":{"start":{"line":62,"column":8},"end":{"line":62,"column":45}},"40":{"start":{"line":64,"column":4},"end":{"line":68,"column":6}},"41":{"start":{"line":65,"column":25},"end":{"line":65,"column":77}},"42":{"start":{"line":66,"column":24},"end":{"line":66,"column":76}},"43":{"start":{"line":67,"column":8},"end":{"line":67,"column":74}},"44":{"start":{"line":69,"column":4},"end":{"line":69,"column":43}},"45":{"start":{"line":71,"column":0},"end":{"line":71,"column":74}},"46":{"start":{"line":72,"column":58},"end":{"line":98,"column":27}},"47":{"start":{"line":73,"column":4},"end":{"line":73,"column":60}},"48":{"start":{"line":82,"column":20},"end":{"line":82,"column":45}},"49":{"start":{"line":83,"column":8},"end":{"line":83,"column":38}},"50":{"start":{"line":84,"column":8},"end":{"line":84,"column":36}},"51":{"start":{"line":85,"column":8},"end":{"line":85,"column":21}},"52":{"start":{"line":87,"column":4},"end":{"line":91,"column":6}},"53":{"start":{"line":88,"column":8},"end":{"line":88,"column":44}},"54":{"start":{"line":89,"column":8},"end":{"
[...]
,"/Users/innodeed/Documents/learning/git/aptos-web3.js/src/transaction_builder/bcs/consts.ts": {"path":"/Users/innodeed/Documents/learning/git/aptos-web3.js/src/transaction_builder/bcs/consts.ts","statementMap":{"0":{"start":{"line":4,"column":13},"end":{"line":4,"column":47}},"1":{"start":{"line":5,"column":13},"end":{"line":5,"column":50}},"2":{"start":{"line":6,"column":13},"end":{"line":6,"column":50}},"3":{"start":{"line":7,"column":13},"end":{"line":7,"column":60}},"4":{"start":{"line":8,"column":13},"end":{"line":8,"column":63}}},"fnMap":{},"branchMap":{},"s":{"0":1,"1":1,"2":1,"3":1,"4":1},"f":{},"b":{}}
,"/Users/innodeed/Documents/learning/git/aptos-web3.js/src/transaction_builder/bcs/deserializer.ts": {"path":"/Users/innodeed/Documents/learning/git/aptos-web3.js/src/transaction_builder/bcs/deserializer.ts","statementMap":{"0":{"start":{"line":2,"column":0},"end":{"line":2,"column":42}},"1":{"start":{"line":12,"column":4},"end":{"line":12,"column":47}},"2":{"start":{"line":13,"column":4},"end":{"line":13,"column":45}},"3":{"start":{"line":14,"column":4},"end":{"line":14,"column":20}},"4":{"start":{"line":18,"column":4},"end":{"line":20,"column":null}},"5":{"start":{"line":19,"column":6},"end":{"line":19,"column":54}},"6":{"start":{"line":22,"column":18},"end":{"line":22,"column":70}},"7":{"start":{"line":23,"column":4},"end":{"line":23,"column":26}},"8":{"start":{"line":24,"column":4},"end":{"line":24,"column":17}},"9":{"start":{"line":42,"column":18},"end":{"line":42,"column":41}},"10":{"start":{"line":43,"column":24},"end":{"line":43,"column":41}},"11":{"start":{"line":44,"column":4},"end":{"line":44,"column":37}},"12":{"start":{"line":54,"column":16},"end":{"line":54,"column":46}},"13":{"start":{"line":55,"column":4},"end":{"line":55,"column":42}},"14":{"start":{"line":63,"column":4},"end":{"line":63,"column":42}},"15":{"start":{"line":72,"column":17},"end":{"line":72,"column":48}},"16":{"start":{"line":73,"column":4},"end":{"line":75,"column":null}},"17":{"start":{"line":74,"column":6},"end":{"line":74,"column":47}},"18":{"start":{"line":76,"column":4},"end":{"line":76,"column":22}},"19":{"start":{"line":85,"column":4},"end":{"line":85,"column":50}},"20":{"start":{"line":99,"column":4},"end":{"line":99,"column":57}},"21":{"start":{"line":113,"column":4},"end":{"line":113,"column":57}},"22":{"start":{"line":127,"column":16},"end":{"line":127,"column":37}},"23":{"start":{"line":128,"column":17},"end":{"line":128,"column":38}},"24":{"start":{"line":131,"column":4},"end":{"line":131,"column":62}},"25":{"start":{"line":140,"column":16},"end":{"line":140,"column":37}},"26":{"start":{"line":141,"column":17},"end":{"line":141,"column":38}},"27":{"start":{"line":144,"column":4},"end":{"line":144,"column":46}},"28":{"start":{"line":153,"column":24},"end":{"line":153,"column":26}},"29":{"start":{"line":154,"column":16},"end":{"line":154,"column":17}},"30":{"start":{"line":156,"column":4},"end":{"line":164,"column":null}},"31":{"start":{"line":157,"column":19},"end":{"line":157,"column":39}},"32":{"start":{"line":158,"column":6},"end":{"line":158,"column":52}},"33":{"start":{"line":160,"column":6},"end":{"line":162,"column":null}},"34":{"start":{"line":161,"column":8},"end":{"line":161,"column":14}},"35":{"start":{"line":163,"column":6},"end":{"line":163,"column":17}},"36":{"start":{"line":166,"column":4},"end":{"line":168,"column":null}},"37":{"start":{"line":167,"column":6},"end":{"line":167,"column":77}},"38":{"start":{"line":170,"column":4},"end":{"line":170,"column":25}},"39":{"start":{"line":5,"column":0},"end":{"line":5,"column":13}}},"fnMap":{"0":{"name":"(anonymous_0)","decl":{"start":{"line":10,"column":2},"end":{"line":10,"column":14}},"loc":{"start":{"line":10,"column":25},"end":{"line":15,"column":3}}},"1":{"name":"(anonymous_1)","decl":{"start":{"line":17,"column":10},"end":{"line":17,"column":14}},"loc":{"start":{"line":17,"column":29},"end":{"line":25,"column":3}}},"2":{"name":"(anonymous_2)","decl":{"start":{"line":41,"column":2},"end":{"line":41,"column":16}},"loc":{"start":{"line":41,"column":16},"end":{"line":45,"column":3}}},"3":{"name":"(anonymous_3)","decl":{"start":{"line":53,"column":2},"end":{"line":53,"column":18}},"loc":{"start":{"line":53,"column":18},"end":{"line":56,"column":3}}},"4":{"name":"(anonymous_4)","decl":{"start":{"line":62,"column":2},"end":{"line":62,"column":23}},"loc":{"start":{"line":62,"column":35},"end":{"line":64,"column":3}}},"5":{"name":"(anonymous_5)","decl":{"start":{"line":71,"column":2},"end":{"line":71,"column":17}},"loc":{"start":{"line":71,"column":17},"end":{"line":77,"column":3}}},"6":{"name":"(anonymous_6)","decl":{"start":{"line":84,"column":2},"end":{"line":84,"column":15}},"loc":{"start":{"line":84,"column":15},"end":{"line":86,"column":3}}},"7":{"name":"(anonymous_7)","decl":{"start":{"line":98,"column":2},"end":{"line":98,"column":16}},"loc":{"start":{"line":98,"column":16},"end":{"line":100,"column":3}}},"8":{"name":"(anonymous_8)","decl":{"start":{"line":112,"column":2},"end":{"line":112,"column":16}},"loc":{"start":{"line":112,"column":16},"end":{"line":114,"column":3}}},"9":{"name":"(anonymous_9)","decl":{"start":{"line":126,"column":2},"end":{"line":126,"column":16}},"loc":{"start":{"line":126,"column":16},"end":{"line":132,"column":3}}},"10":{"name":"(anonymous_10)","decl":{"start":{"line":139,"column":2},"end":{"line":139,"column":17}},"loc":{"start":{"line":139,"column":17},"end":{"line":145,"column":3}}},"11":{"name":"(anonymous_11)","decl":{"start":{"line":152,"column":2},"end":{"line":152,"column":25}},"loc":{"start":{"line":152,"column":25},"end":{"line":171,"column":3}}}},"branchMap":{"0":{"loc":{"start":{"line":18,"column":4},"end":{"line":20,"column":null}},"type":"if","locations":[{"start":{"line":18,"column":4},"end":{"line":20,"column":null}}]},"1":{"loc":{"start":{"line":73,"column":4},"end":{"line":75,"column":null}},"type":"if","locations":[{"start":{"line":73,"column":4},"end":{"line":75,"column":null}}]},"2":{"loc":{"start":{"line":73,"column":8},"end":{"line":73,"column":32}},"type":"binary-expr","locations":[{"start":{"line":73,"column":8},"end":{"line":73,"column":18}},{"start":{"line":73,"column":22},"end":{"line":73,"column":32}}]},"3":{"loc":{"start":{"line":160,"column":6},"end":{"line":162,"column":null}},"type":"if","locations":[{"start":{"line":160,"column":6},"end":{"line":162,"column":null}}]},"4":{"loc":{"start":{"line":166,"column":4},"end":{"line":168,"column":null}},"type":"if","locations":[{"start":{"line":166,"column":4},"end":{"line":168,"column":null}}]}},"s":{"0":1,"1":0,"2":0,"3":0,"4":0,"5":0,"6":0,"7":0,"8":0,"9":0,"10":0,"11":0,"12":0,"13":0,"14":0,"15":0,"16":0,"17":0,"18":0,"19":0,"20":0,"21":0,"22":0,"23":0,"24":0,"25":0,"26":0,"27":0,"28":0,"29":0,"30":0,"31":0,"32":0,"33":0,"34":0,"35":0,"36":0,"37":0,"38":0,"39":1},"f":{"0":0,"1":0,"2":0,"3":0,"4":0,"5":0,"6":0,"7":0,"8":0,"9":0,"10":0,"11":0},"b":{"0":[0],"1":[0],"2":[0,0],"3":[0],"4":[0]}}
,"/Users/innodeed/Documents/learning/git/aptos-web3.js/src/transaction_builder/bcs/helper.ts": {"path":"/Users/innodeed/Documents/learning/git/aptos-web3.js/src/transaction_builder/bcs/helper.ts","statementMap":{"0":{"start":{"line":2,"column":0},"end":{"line":2,"column":42}},"1":{"start":{"line":13,"column":2},"end":{"line":13,"column":49}},"2":{"start":{"line":14,"column":2},"end":{"line":16,"column":5}},"3":{"start":{"line":15,"column":4},"end":{"line":15,"column":31}},"4":{"start":{"line":12,"column":0},"end":{"line":12,"column":16}},"5":{"start":{"line":23,"column":17},"end":{"line":23,"column":55}},"6":{"start":{"line":24,"column":32},"end":{"line":24,"column":34}},"7":{"start":{"line":25,"column":2},"end":{"line":27,"column":null}},"8":{"start":{"line":25,"column":15},"end":{"line":25,"column":16}},"9":{"start":{"line":26,"column":4},"end":{"line":26,"column":45}},"10":{"start":{"line":28,"column":2},"end":{"line":28,"column":14}},"11":{"start":{"line":22,"column":0},"end":{"line":22,"column":16}},"12":{"start":{"line":32,"column":21},"end":{"line":32,"column":37}},"13":{"start":{"line":33,"column":2},"end":{"line":33,"column":30}},"14":{"start":{"line":34,"column":2},"end":{"line":34,"column":31}},"15":{"start":{"line":31,"column":0},"end":{"line":31,"column":16}},"16":{"start":{"line":38,"column":21},"end":{"line":38,"column":37}},"17":{"start":{"line":39,"column":2},"end":{"line":39,"column":33}},"18":{"start":{"line":40,"column":2},"end":{"line":40,"column":31}},"19":{"start":{"line":37,"column":0},"end":{"line":37,"column":16}},"20":{"start":{"line":44,"column":21},"end":{"line":44,"column":37}},"21":{"start":{"line":45,"column":2},"end":{"line":45,"column":33}},"22":{"start":{"line":46,"column":2},"end":{"line":46,"column":31}},"23":{"start":{"line":43,"column":0},"end":{"line":43,"column":16}}},"fnMap":{"0":{"name":"serializeVector","decl":{"start":{"line":12,"column":16},"end":{"line":12,"column":31}},"loc":{"start":{"line":12,"column":93},"end":{"line":17,"column":1}}},"1":{"name":"(anonymous_1)","decl":{"start":{"line":14,"column":16},"end":{"line":14,"column":17}},"loc":{"start":{"line":14,"column":28},"end":{"line":16,"column":3}}},"2":{"name":"deserializeVector","decl":{"start":{"line":22,"column":16},"end":{"line":22,"column":33}},"loc":{"start":{"line":22,"column":70},"end":{"line":29,"column":1}}},"3":{"name":"bcsToBytes","decl":{"start":{"line":31,"column":16},"end":{"line":31,"column":26}},"loc":{"start":{"line":31,"column":59},"end":{"line":35,"column":1}}},"4":{"name":"bcsSerializeUint64","decl":{"start":{"line":37,"column":16},"end":{"line":37,"column":34}},"loc":{"start":{"line":37,"column":51},"end":{"line":41,"column":1}}},"5":{"name":"bcsSerializeStr","decl":{"start":{"line":43,"column":16},"end":{"line":43,"column":31}},"loc":{"start":{"line":43,"column":45},"end":{"line":47,"column":1}}}},"branchMap":{},"s":{"0":1,"1":0,"2":0,"3":0,"4":1,"5":0,"6":0,"7":0,"8":0,"9":0,"10":0,"11":1,"12":0,"13":0,"14":0,"15":1,"16":0,"17":0,"18":0,"19":1,"20":0,"21":0,"22":0,"23":1},"f":{"0":0,"1":0,"2":0,"3":0,"4":0,"5":0},"b":{}}
,"/Users/innodeed/Documents/learning/git/aptos-web3.js/src/transaction_builder/bcs/index.ts": {"path":"/Users/innodeed/Documents/learning/git/aptos-web3.js/src/transaction_builder/bcs/index.ts","statementMap":{"0":{"start":{"line":1,"column":0},"end":{"line":1,"column":24}},"1":{"start":{"line":2,"column":0},"end":{"line":2,"column":29}},"2":{"start":{"line":3,"column":0},"end":{"line":3,"column":31}},"3":{"start":{"line":4,"column":0},"end":{"line":4,"column":25}}},"fnMap":{},"branchMap":{},"s":{"0":1,"1":1,"2":1,"3":1},"f":{},"b":{}}
,"/Users/innodeed/Documents/learning/git/aptos-web3.js/src/transaction_builder/bcs/serializer.ts": {"path":"/Users/innodeed/Documents/learning/git/aptos-web3.js/src/transaction_builder/bcs/serializer.ts","statementMap":{"0":{"start":{"line":2,"column":0},"end":{"line":2,"column":108}},"1":{"start":{"line":11,"column":4},"end":{"line":11,"column":38}},"2":{"start":{"line":12,"column":4},"end":{"line":12,"column":20}},"3":{"start":{"line":16,"column":4},"end":{"line":20,"column":null}},"4":{"start":{"line":17,"column":24},"end":{"line":17,"column":67}},"5":{"start":{"line":18,"column":6},"end":{"line":18,"column":65}},"6":{"start":{"line":19,"column":6},"end":{"line":19,"column":30}},"7":{"start":{"line":24,"column":4},"end":{"line":24,"column":51}},"8":{"start":{"line":25,"column":4},"end":{"line":25,"column":57}},"9":{"start":{"line":26,"column":4},"end":{"line":26,"column":33}},"10":{"start":{"line":34,"column":4},"end":{"line":34,"column":49}},"11":{"start":{"line":35,"column":15},"end":{"line":35,"column":53}},"12":{"start":{"line":36,"column":4},"end":{"line":36,"column":35}},"13":{"start":{"line":37,"column":4},"end":{"line":37,"column":31}},"14":{"start":{"line":56,"column":24},"end":{"line":56,"column":41}},"15":{"start":{"line":57,"column":4},"end":{"line":57,"column":51}},"16":{"start":{"line":67,"column":4},"end":{"line":67,"column":45}},"17":{"start":{"line":68,"column":4},"end":{"line":68,"column":26}},"18":{"start":{"line":77,"column":4},"end":{"line":77,"column":26}},"19":{"start":{"line":86,"column":4},"end":{"line":88,"column":null}},"20":{"start":{"line":87,"column":6},"end":{"line":87,"column":53}},"21":{"start":{"line":89,"column":22},"end":{"line":89,"column":35}},"22":{"start":{"line":90,"column":4},"end":{"line":90,"column":48}},"23":{"start":{"line":100,"column":4},"end":{"line":100,"column":44}},"24":{"start":{"line":116,"column":4},"end":{"line":116,"column":71}},"25":{"start":{"line":132,"column":4},"end":{"line":132,"column":71}},"26":{"start":{"line":148,"column":16},"end":{"line":148,"column":65}},"27":{"start":{"line":149,"column":17},"end":{"line":149,"column":55}},"28":{"start":{"line":152,"column":4},"end":{"line":152,"column":35}},"29":{"start":{"line":153,"column":4},"end":{"line":153,"column":36}},"30":{"start":{"line":163,"column":16},"end":{"line":163,"column":58}},"31":{"start":{"line":164,"column":17},"end":{"line":164,"column":55}},"32":{"start":{"line":167,"column":4},"end":{"line":167,"column":27}},"33":{"start":{"line":168,"column":4},"end":{"line":168,"column":28}},"34":{"start":{"line":178,"column":16},"end":{"line":178,"column":19}},"35":{"start":{"line":179,"column":23},"end":{"line":179,"column":25}},"36":{"start":{"line":180,"column":4},"end":{"line":183,"column":null}},"37":{"start":{"line":181,"column":6},"end":{"line":181,"column":45}},"38":{"start":{"line":182,"column":6},"end":{"line":182,"column":19}},"39":{"start":{"line":184,"column":4},"end":{"line":184,"column":27}},"40":{"start":{"line":185,"column":4},"end":{"line":185,"column":47}},"41":{"start":{"line":192,"column":4},"end":{"line":192,"column":61}},"42":{"start":{"line":99,"column":2},"end":{"line":101,"column":null}},"43":{"start":{"line":115,"column":2},"end":{"line":117,"column":null}},"44":{"start":{"line":131,"column":2},"end":{"line":133,"column":null}},"45":{"start":{"line":147,"column":2},"end":{"line":154,"column":null}},"46":{"start":{"line":162,"column":2},"end":{"line":169,"column":null}},"47":{"start":{"line":177,"column":2},"end":{"line":186,"column":null}},"48":{"start":{"line":5,"column":0},"end":{"line":5,"column":13}},"49":{"start":{"line":203,"column":2},"end":{"line":214,"column":4}},"50":{"start":{"line":204,"column":26},"end":{"line":204,"column":42}},"51":{"start":{"line":206,"column":4},"end":{"line":212,"column":6}},"52":{"start":{"line":207,"column":26},"end":{"line":207,"column":50}},"53":{"start":{"line":208,"column":6},"end":{"line":210,"column":null}},"54":{"start":{"line":209,"column":8},"end":{"line":209,"column":60}},"55":{"start":{"line":211,"column":6},"end":{"line":211,"column":41}},"56":{"start":{"line":213,"column":4},"end":{"line":213,"column":22}}},"fnMap":{"0":{"name":"(anonymous_1)","decl":{"start":{"line":10,"column":2},"end":{"line":10,"column":null}},"loc":{"start":{"line":10,"column":2},"end":{"line":13,"column":3}}},"1":{"name":"(anonymous_2)","decl":{"start":{"line":15,"column":10},"end":{"line":15,"column":36}},"loc":{"start":{"line":15,"column":50},"end":{"line":21,"column":3}}},"2":{"name":"(anonymous_3)","decl":{"start":{"line":23,"column":12},"end":{"line":23,"column":21}},"loc":{"start":{"line":23,"column":35},"end":{"line":27,"column":3}}},"3":{"name":"(anonymous_4)","decl":{"start":{"line":29,"column":10},"end":{"line":29,"column":31}},"loc":{"start":{"line":32,"column":17},"end":{"line":38,"column":3}}},"4":{"name":"(anonymous_5)","decl":{"start":{"line":55,"column":2},"end":{"line":55,"column":14}},"loc":{"start":{"line":55,"column":28},"end":{"line":58,"column":3}}},"5":{"name":"(anonymous_6)","decl":{"start":{"line":66,"column":2},"end":{"line":66,"column":16}},"loc":{"start":{"line":66,"column":29},"end":{"line":69,"column":3}}},"6":{"name":"(anonymous_7)","decl":{"start":{"line":76,"column":2},"end":{"line":76,"column":21}},"loc":{"start":{"line":76,"column":34},"end":{"line":78,"column":3}}},"7":{"name":"(anonymous_8)","decl":{"start":{"line":85,"column":2},"end":{"line":85,"column":15}},"loc":{"start":{"line":85,"column":30},"end":{"line":91,"column":3}}},"8":{"name":"(anonymous_9)","decl":{"start":{"line":99,"column":2},"end":{"line":99,"column":13}},"loc":{"start":{"line":99,"column":26},"end":{"line":101,"column":3}}},"9":{"name":"(anonymous_10)","decl":{"start":{"line":115,"column":2},"end":{"line":115,"column":14}},"loc":{"start":{"line":115,"column":28},"end":{"line":117,"column":3}}},"10":{"name":"(anonymous_11)","decl":{"start":{"line":131,"column":2},"end":{"line":131,"column":14}},"loc":{"start":{"line":131,"column":28},"end":{"line":133,"column":3}}},"11":{"name":"(anonymous_12)","decl":{"start":{"line":147,"column":2},"end":{"line":147,"column":14}},"loc":{"start":{"line":147,"column":31},"end":{"line":154,"column":3}}},"12":{"name":"(anonymous_13)","decl":{"start":{"line":162,"column":2},"end":{"line":162,"column":15}},"loc":{"start":{"line":162,"column":32},"end":{"line":169,"column":3}}},"13":{"name":"(anonymous_14)","decl":{"start":{"line":177,"column":2},"end":{"line":177,"column":23}},"loc":{"start":{"line":177,"column":35},"end":{"line":186,"column":3}}},"14":{"name":"(anonymous_15)","decl":{"start":{"line":191,"column":2},"end":{"line":191,"column":10}},"loc":{"start":{"line":191,"column":10},"end":{"line":193,"column":3}}},"15":{"name":"checkNumberRange","decl":{"start":{"line":202,"column":9},"end":{"line":202,"column":25}},"loc":{"start":{"line":202,"column":89},"end":{"line":215,"column":1}}},"16":{"name":"(anonymous_17)","decl":{"start":{"line":203,"column":9},"end":{"line":203,"column":10}},"loc":{"start":{"line":203,"column":82},"end":{"line":214,"column":3}}},"17":{"name":"deco","decl":{"start":{"line":206,"column":32},"end":{"line":206,"column":36}},"loc":{"start":{"line":206,"column":53},"end":{"line":212,"column":5}}}},"branchMap":{"0":{"loc":{"start":{"line":86,"column":4},"end":{"line":88,"column":null}},"type":"if","locations":[{"start":{"line":86,"column":4},"end":{"line":88,"column":null}}]},"1":{"loc":{"start":{"line":89,"column":22},"end":{"line":89,"column":35}},"type":"cond-expr","locations":[{"start":{"line":89,"column":30},"end":{"line":89,"column":31}},{"start":{"line":89,"column":34},"end":{"line":89,"column":35}}]},"2":{"loc":{"start":{"line":208,"column":6},"end":{"line":210,"column":null}},"type":"if","locations":[{"start":{"line":208,"column":6},"end":{"line":210,"column":null}}]},"3":{"loc":{"start":{"line":208,"column":10},"end":{"line":208,"column":96}},"type":"binary-expr","locations":[{"start":{"line":208,"column":10},"end":{"line":208,"column":51}},{"start":{"line":208,"column":55},"end":{"line":208,"column":96}}]},"4":{"loc":{"start":{"line":209,"column":24},"end":{"line":209,"column":58}},"type":"binary-expr","locations":[{"start":{"line":209,"column":24},"end":{"line":209,"column":31}},{"start":{"line":209,"column":35},"end":{"line":209,"column":58}}]}},"s":{"0":1,"1":0,"2":0,"3":0,"4":0,"5":0,"6":0,"7":0,"8":0,"9":0,"10":0,"11":0,"12":0,"13":0,"14":0,"15":0,"16":0,"17":0,"18":0,"19":0,"20":0,"21":0,"22":0,"23":0,"24":0,"25":0,"26":0,"27":0,"28":0,"29":0,"30":0,"31":0,"32":0,"33":0,"34":0,"35":0,"36":0,"37":0,"38":0,"39":0,"40":0,"41":0,"42":1,"43":1,"44":1,"45":1,"46":1,"47":1,"48":1,"49":6,"50":6,"51":6,"52":0,"53":0,"54":0,"55":0,"56":6},"f":{"0":0,"1":0,"2":0,"3":0,"4":0,"5":0,"6":0,"7":0,"8":0,"9":0,"10":0,"11":0,"12":0,"13":0,"14":0,"15":6,"16":6,"17":0},"b":{"0":[0],"1":[0,0],"2":[0],"3":[0,0],"4":[0,0]}}
}
