{"/Users/innodeed/Documents/learning/git/aptos-web3.js/src/aptos_account.ts": {"path":"/Users/innodeed/Documents/learning/git/aptos-web3.js/src/aptos_account.ts","statementMap":{"0":{"start":{"line":1,"column":0},"end":{"line":1,"column":34}},"1":{"start":{"line":2,"column":0},"end":{"line":2,"column":32}},"2":{"start":{"line":3,"column":0},"end":{"line":3,"column":33}},"3":{"start":{"line":4,"column":0},"end":{"line":4,"column":57}},"4":{"start":{"line":26,"column":4},"end":{"line":30,"column":null}},"5":{"start":{"line":27,"column":6},"end":{"line":27,"column":81}},"6":{"start":{"line":29,"column":6},"end":{"line":29,"column":44}},"7":{"start":{"line":31,"column":4},"end":{"line":31,"column":76}},"8":{"start":{"line":21,"column":4},"end":{"line":21,"column":93}},"9":{"start":{"line":36,"column":4},"end":{"line":36,"column":31}},"10":{"start":{"line":42,"column":4},"end":{"line":47,"column":null}},"11":{"start":{"line":43,"column":19},"end":{"line":43,"column":41}},"12":{"start":{"line":44,"column":6},"end":{"line":44,"column":58}},"13":{"start":{"line":45,"column":6},"end":{"line":45,"column":26}},"14":{"start":{"line":46,"column":6},"end":{"line":46,"column":53}},"15":{"start":{"line":48,"column":4},"end":{"line":48,"column":30}},"16":{"start":{"line":53,"column":4},"end":{"line":53,"column":84}},"17":{"start":{"line":57,"column":22},"end":{"line":57,"column":66}},"18":{"start":{"line":58,"column":4},"end":{"line":58,"column":82}},"19":{"start":{"line":62,"column":19},"end":{"line":62,"column":57}},"20":{"start":{"line":63,"column":4},"end":{"line":63,"column":35}},"21":{"start":{"line":67,"column":4},"end":{"line":71,"column":6}},"22":{"start":{"line":13,"column":0},"end":{"line":13,"column":13}}},"fnMap":{"0":{"name":"(anonymous_6)","decl":{"start":{"line":25,"column":2},"end":{"line":25,"column":14}},"loc":{"start":{"line":25,"column":80},"end":{"line":32,"column":3}}},"1":{"name":"(anonymous_7)","decl":{"start":{"line":20,"column":2},"end":{"line":20,"column":8}},"loc":{"start":{"line":20,"column":55},"end":{"line":22,"column":3}}},"2":{"name":"(anonymous_8)","decl":{"start":{"line":35,"column":2},"end":{"line":35,"column":9}},"loc":{"start":{"line":35,"column":9},"end":{"line":37,"column":3}}},"3":{"name":"(anonymous_9)","decl":{"start":{"line":41,"column":2},"end":{"line":41,"column":9}},"loc":{"start":{"line":41,"column":9},"end":{"line":49,"column":3}}},"4":{"name":"(anonymous_10)","decl":{"start":{"line":52,"column":2},"end":{"line":52,"column":8}},"loc":{"start":{"line":52,"column":8},"end":{"line":54,"column":3}}},"5":{"name":"(anonymous_11)","decl":{"start":{"line":56,"column":2},"end":{"line":56,"column":12}},"loc":{"start":{"line":56,"column":27},"end":{"line":59,"column":3}}},"6":{"name":"(anonymous_12)","decl":{"start":{"line":61,"column":2},"end":{"line":61,"column":15}},"loc":{"start":{"line":61,"column":41},"end":{"line":64,"column":3}}},"7":{"name":"(anonymous_13)","decl":{"start":{"line":66,"column":2},"end":{"line":66,"column":20}},"loc":{"start":{"line":66,"column":20},"end":{"line":72,"column":3}}}},"branchMap":{"0":{"loc":{"start":{"line":26,"column":4},"end":{"line":30,"column":null}},"type":"if","locations":[{"start":{"line":26,"column":4},"end":{"line":30,"column":null}},{"start":{"line":28,"column":11},"end":{"line":30,"column":null}}]},"1":{"loc":{"start":{"line":31,"column":43},"end":{"line":31,"column":74}},"type":"binary-expr","locations":[{"start":{"line":31,"column":43},"end":{"line":31,"column":50}},{"start":{"line":31,"column":54},"end":{"line":31,"column":74}}]},"2":{"loc":{"start":{"line":42,"column":4},"end":{"line":47,"column":null}},"type":"if","locations":[{"start":{"line":42,"column":4},"end":{"line":47,"column":null}}]}},"s":{"0":4,"1":4,"2":4,"3":4,"4":16,"5":8,"6":8,"7":16,"8":4,"9":42,"10":18,"11":11,"12":11,"13":11,"14":11,"15":18,"16":10,"17":8,"18":8,"19":8,"20":8,"21":1,"22":4},"f":{"0":16,"1":4,"2":42,"3":18,"4":10,"5":8,"6":8,"7":1},"b":{"0":[8,8],"1":[16,10],"2":[11]}}
,"/Users/innodeed/Documents/learning/git/aptos-web3.js/src/aptos_client.ts": {"path":"/Users/innodeed/Documents/learning/git/aptos-web3.js/src/aptos_client.ts","statementMap":{"0":{"start":{"line":2,"column":0},"end":{"line":2,"column":42}},"1":{"start":{"line":3,"column":0},"end":{"line":3,"column":38}},"2":{"start":{"line":4,"column":0},"end":{"line":4,"column":50}},"3":{"start":{"line":5,"column":0},"end":{"line":5,"column":47}},"4":{"start":{"line":6,"column":0},"end":{"line":6,"column":57}},"5":{"start":{"line":7,"column":0},"end":{"line":7,"column":31}},"6":{"start":{"line":17,"column":17},"end":{"line":17,"column":46}},"7":{"start":{"line":18,"column":24},"end":{"line":18,"column":100}},"8":{"start":{"line":18,"column":87},"end":{"line":18,"column":90}},"9":{"start":{"line":19,"column":4},"end":{"line":19,"column":116}},"10":{"start":{"line":20,"column":4},"end":{"line":20,"column":29}},"11":{"start":{"line":21,"column":4},"end":{"line":21,"column":35}},"12":{"start":{"line":22,"column":4},"end":{"line":22,"column":54}},"13":{"start":{"line":11,"column":0},"end":{"line":11,"column":13}},"14":{"start":{"line":33,"column":2},"end":{"line":38,"column":null}},"15":{"start":{"line":34,"column":4},"end":{"line":36,"column":null}},"16":{"start":{"line":35,"column":6},"end":{"line":35,"column":92}},"17":{"start":{"line":37,"column":4},"end":{"line":37,"column":58}},"18":{"start":{"line":28,"column":0},"end":{"line":28,"column":16}},"19":{"start":{"line":54,"column":4},"end":{"line":54,"column":27}},"20":{"start":{"line":57,"column":4},"end":{"line":62,"column":7}},"21":{"start":{"line":60,"column":28},"end":{"line":60,"column":32}},"22":{"start":{"line":65,"column":4},"end":{"line":65,"column":46}},"23":{"start":{"line":66,"column":4},"end":{"line":66,"column":42}},"24":{"start":{"line":67,"column":4},"end":{"line":67,"column":54}},"25":{"start":{"line":72,"column":21},"end":{"line":72,"column":91}},"26":{"start":{"line":73,"column":4},"end":{"line":73,"column":34}},"27":{"start":{"line":74,"column":4},"end":{"line":74,"column":25}},"28":{"start":{"line":82,"column":21},"end":{"line":82,"column":110}},"29":{"start":{"line":83,"column":4},"end":{"line":83,"column":34}},"30":{"start":{"line":84,"column":4},"end":{"line":84,"column":25}},"31":{"start":{"line":92,"column":21},"end":{"line":92,"column":105}},"32":{"start":{"line":93,"column":4},"end":{"line":93,"column":34}},"33":{"start":{"line":94,"column":4},"end":{"line":94,"column":25}},"34":{"start":{"line":103,"column":21},"end":{"line":103,"column":116}},"35":{"start":{"line":104,"column":4},"end":{"line":104,"column":34}},"36":{"start":{"line":105,"column":4},"end":{"line":105,"column":25}},"37":{"start":{"line":113,"column":21},"end":{"line":113,"column":107}},"38":{"start":{"line":114,"column":4},"end":{"line":114,"column":34}},"39":{"start":{"line":115,"column":4},"end":{"line":115,"column":25}},"40":{"start":{"line":124,"column":21},"end":{"line":127,"column":null}},"41":{"start":{"line":129,"column":4},"end":{"line":129,"column":34}},"42":{"start":{"line":130,"column":4},"end":{"line":130,"column":25}},"43":{"start":{"line":140,"column":26},"end":{"line":140,"column":50}},"44":{"start":{"line":141,"column":20},"end":{"line":141,"column":56}},"45":{"start":{"line":142,"column":4},"end":{"line":151,"column":null}},"46":{"start":{"line":159,"column":21},"end":{"line":159,"column":77}},"47":{"start":{"line":160,"column":4},"end":{"line":160,"column":46}},"48":{"start":{"line":162,"column":24},"end":{"line":162,"column":37}},"49":{"start":{"line":163,"column":4},"end":{"line":163,"column":19}},"50":{"start":{"line":172,"column":20},"end":{"line":172,"column":63}},"51":{"start":{"line":173,"column":25},"end":{"line":173,"column":72}},"52":{"start":{"line":175,"column":61},"end":{"line":179,"column":6}},"53":{"start":{"line":181,"column":4},"end":{"line":181,"column":62}},"54":{"start":{"line":185,"column":21},"end":{"line":185,"column":68}},"55":{"start":{"line":186,"column":4},"end":{"line":186,"column":59}},"56":{"start":{"line":187,"column":4},"end":{"line":187,"column":25}},"57":{"start":{"line":196,"column":21},"end":{"line":200,"column":null}},"58":{"start":{"line":202,"column":4},"end":{"line":202,"column":77}},"59":{"start":{"line":203,"column":4},"end":{"line":203,"column":25}},"60":{"start":{"line":211,"column":21},"end":{"line":211,"column":80}},"61":{"start":{"line":212,"column":4},"end":{"line":212,"column":52}},"62":{"start":{"line":213,"column":4},"end":{"line":213,"column":25}},"63":{"start":{"line":217,"column":21},"end":{"line":217,"column":67}},"64":{"start":{"line":218,"column":4},"end":{"line":218,"column":34}},"65":{"start":{"line":219,"column":4},"end":{"line":219,"column":25}},"66":{"start":{"line":223,"column":21},"end":{"line":223,"column":77}},"67":{"start":{"line":224,"column":4},"end":{"line":224,"column":56}},"68":{"start":{"line":225,"column":4},"end":{"line":225,"column":25}},"69":{"start":{"line":229,"column":21},"end":{"line":229,"column":68}},"70":{"start":{"line":231,"column":4},"end":{"line":233,"column":null}},"71":{"start":{"line":232,"column":6},"end":{"line":232,"column":18}},"72":{"start":{"line":234,"column":4},"end":{"line":234,"column":43}},"73":{"start":{"line":235,"column":4},"end":{"line":235,"column":56}},"74":{"start":{"line":240,"column":16},"end":{"line":240,"column":17}},"75":{"start":{"line":242,"column":4},"end":{"line":249,"column":null}},"76":{"start":{"line":244,"column":6},"end":{"line":244,"column":24}},"77":{"start":{"line":245,"column":6},"end":{"line":245,"column":17}},"78":{"start":{"line":246,"column":6},"end":{"line":248,"column":null}},"79":{"start":{"line":247,"column":8},"end":{"line":247,"column":73}},"80":{"start":{"line":41,"column":0},"end":{"line":41,"column":13}}},"fnMap":{"0":{"name":"(anonymous_7)","decl":{"start":{"line":16,"column":2},"end":{"line":16,"column":14}},"loc":{"start":{"line":16,"column":101},"end":{"line":23,"column":3}}},"1":{"name":"(anonymous_8)","decl":{"start":{"line":18,"column":80},"end":{"line":18,"column":81}},"loc":{"start":{"line":18,"column":87},"end":{"line":18,"column":90}}},"2":{"name":"raiseForStatus","decl":{"start":{"line":28,"column":16},"end":{"line":28,"column":30}},"loc":{"start":{"line":31,"column":22},"end":{"line":39,"column":1}}},"3":{"name":"(anonymous_10)","decl":{"start":{"line":53,"column":2},"end":{"line":53,"column":14}},"loc":{"start":{"line":53,"column":57},"end":{"line":68,"column":3}}},"4":{"name":"(anonymous_11)","decl":{"start":{"line":60,"column":22},"end":{"line":60,"column":25}},"loc":{"start":{"line":60,"column":28},"end":{"line":60,"column":32}}},"5":{"name":"(anonymous_12)","decl":{"start":{"line":71,"column":8},"end":{"line":71,"column":18}},"loc":{"start":{"line":71,"column":49},"end":{"line":75,"column":null}}},"6":{"name":"(anonymous_14)","decl":{"start":{"line":78,"column":8},"end":{"line":78,"column":30}},"loc":{"start":{"line":80,"column":46},"end":{"line":85,"column":null}}},"7":{"name":"(anonymous_16)","decl":{"start":{"line":88,"column":8},"end":{"line":88,"column":25}},"loc":{"start":{"line":90,"column":45},"end":{"line":95,"column":null}}},"8":{"name":"(anonymous_18)","decl":{"start":{"line":98,"column":8},"end":{"line":98,"column":24}},"loc":{"start":{"line":101,"column":45},"end":{"line":106,"column":null}}},"9":{"name":"(anonymous_20)","decl":{"start":{"line":109,"column":8},"end":{"line":109,"column":27}},"loc":{"start":{"line":111,"column":45},"end":{"line":116,"column":null}}},"10":{"name":"(anonymous_22)","decl":{"start":{"line":119,"column":8},"end":{"line":119,"column":26}},"loc":{"start":{"line":122,"column":45},"end":{"line":131,"column":null}}},"11":{"name":"(anonymous_24)","decl":{"start":{"line":135,"column":8},"end":{"line":135,"column":27}},"loc":{"start":{"line":138,"column":51},"end":{"line":153,"column":null}}},"12":{"name":"(anonymous_26)","decl":{"start":{"line":158,"column":8},"end":{"line":158,"column":28}},"loc":{"start":{"line":158,"column":69},"end":{"line":164,"column":null}}},"13":{"name":"(anonymous_28)","decl":{"start":{"line":168,"column":8},"end":{"line":168,"column":23}},"loc":{"start":{"line":170,"column":44},"end":{"line":182,"column":null}}},"14":{"name":"(anonymous_30)","decl":{"start":{"line":184,"column":8},"end":{"line":184,"column":27}},"loc":{"start":{"line":184,"column":59},"end":{"line":188,"column":null}}},"15":{"name":"(anonymous_32)","decl":{"start":{"line":190,"column":8},"end":{"line":190,"column":30}},"loc":{"start":{"line":194,"column":46},"end":{"line":204,"column":null}}},"16":{"name":"(anonymous_34)","decl":{"start":{"line":207,"column":8},"end":{"line":207,"column":25}},"loc":{"start":{"line":209,"column":52},"end":{"line":214,"column":null}}},"17":{"name":"(anonymous_36)","decl":{"start":{"line":216,"column":8},"end":{"line":216,"column":23}},"loc":{"start":{"line":216,"column":66},"end":{"line":220,"column":null}}},"18":{"name":"(anonymous_38)","decl":{"start":{"line":222,"column":8},"end":{"line":222,"column":22}},"loc":{"start":{"line":222,"column":47},"end":{"line":226,"column":null}}},"19":{"name":"(anonymous_40)","decl":{"start":{"line":228,"column":8},"end":{"line":228,"column":26}},"loc":{"start":{"line":228,"column":57},"end":{"line":236,"column":null}}},"20":{"name":"(anonymous_42)","decl":{"start":{"line":239,"column":8},"end":{"line":239,"column":26}},"loc":{"start":{"line":239,"column":57},"end":{"line":250,"column":null}}}},"branchMap":{"0":{"loc":{"start":{"line":18,"column":25},"end":{"line":18,"column":47}},"type":"cond-expr","locations":[{"start":{"line":18,"column":41},"end":{"line":18,"column":43}},{"start":{"line":18,"column":41},"end":{"line":18,"column":47}}]},"1":{"loc":{"start":{"line":18,"column":25},"end":{"line":18,"column":43}},"type":"binary-expr","locations":[{"start":{"line":18,"column":25},"end":{"line":18,"column":43}},{"start":{"line":18,"column":41},"end":{"line":18,"column":43}}]},"2":{"loc":{"start":{"line":18,"column":49},"end":{"line":18,"column":71}},"type":"cond-expr","locations":[{"start":{"line":18,"column":65},"end":{"line":18,"column":67}},{"start":{"line":18,"column":65},"end":{"line":18,"column":71}}]},"3":{"loc":{"start":{"line":18,"column":49},"end":{"line":18,"column":67}},"type":"binary-expr","locations":[{"start":{"line":18,"column":49},"end":{"line":18,"column":67}},{"start":{"line":18,"column":65},"end":{"line":18,"column":67}}]},"4":{"loc":{"start":{"line":19,"column":33},"end":{"line":19,"column":71}},"type":"cond-expr","locations":[{"start":{"line":19,"column":47},"end":{"line":19,"column":66}},{"start":{"line":19,"column":69},"end":{"line":19,"column":71}}]},"5":{"loc":{"start":{"line":19,"column":74},"end":{"line":19,"column":112}},"type":"cond-expr","locations":[{"start":{"line":19,"column":88},"end":{"line":19,"column":107}},{"start":{"line":19,"column":110},"end":{"line":19,"column":112}}]},"6":{"loc":{"start":{"line":33,"column":2},"end":{"line":38,"column":null}},"type":"if","locations":[{"start":{"line":33,"column":2},"end":{"line":38,"column":null}}]},"7":{"loc":{"start":{"line":34,"column":4},"end":{"line":36,"column":null}},"type":"if","locations":[{"start":{"line":34,"column":4},"end":{"line":36,"column":null}}]},"8":{"loc":{"start":{"line":61,"column":10},"end":{"line":61,"column":22}},"type":"binary-expr","locations":[{"start":{"line":61,"column":10},"end":{"line":61,"column":16}},{"start":{"line":61,"column":20},"end":{"line":61,"column":22}}]},"9":{"loc":{"start":{"line":151,"column":10},"end":{"line":151,"column":23}},"type":"binary-expr","locations":[{"start":{"line":151,"column":10},"end":{"line":151,"column":17}},{"start":{"line":151,"column":21},"end":{"line":151,"column":23}}]},"10":{"loc":{"start":{"line":231,"column":4},"end":{"line":233,"column":null}},"type":"if","locations":[{"start":{"line":231,"column":4},"end":{"line":233,"column":null}}]},"11":{"loc":{"start":{"line":246,"column":6},"end":{"line":248,"column":null}},"type":"if","locations":[{"start":{"line":246,"column":6},"end":{"line":248,"column":null}}]}},"s":{"0":4,"1":4,"2":4,"3":4,"4":4,"5":4,"6":4,"7":4,"8":8,"9":4,"10":4,"11":4,"12":4,"13":4,"14":74,"15":4,"16":2,"17":2,"18":4,"19":13,"20":13,"21":61,"22":13,"23":13,"24":13,"25":8,"26":8,"27":8,"28":2,"29":2,"30":2,"31":1,"32":1,"33":1,"34":1,"35":1,"36":1,"37":9,"38":9,"39":9,"40":1,"41":1,"42":1,"43":7,"44":7,"45":7,"46":7,"47":7,"48":7,"49":7,"50":7,"51":7,"52":7,"53":7,"54":1,"55":1,"56":1,"57":2,"58":2,"59":2,"60":7,"61":7,"62":7,"63":1,"64":1,"65":1,"66":5,"67":4,"68":4,"69":17,"70":17,"71":0,"72":17,"73":17,"74":17,"75":17,"76":0,"77":0,"78":0,"79":0,"80":4},"f":{"0":4,"1":8,"2":74,"3":13,"4":61,"5":8,"6":2,"7":1,"8":1,"9":9,"10":1,"11":7,"12":7,"13":7,"14":1,"15":2,"16":7,"17":1,"18":5,"19":17,"20":17},"b":{"0":[2,2],"1":[4,4],"2":[2,2],"3":[4,4],"4":[2,2],"5":[2,2],"6":[4],"7":[2],"8":[13,13],"9":[7,3],"10":[0],"11":[0]}}
,"/Users/innodeed/Documents/learning/git/aptos-web3.js/src/faucet_client.ts": {"path":"/Users/innodeed/Documents/learning/git/aptos-web3.js/src/faucet_client.ts","statementMap":{"0":{"start":{"line":2,"column":0},"end":{"line":2,"column":26}},"1":{"start":{"line":3,"column":0},"end":{"line":3,"column":80}},"2":{"start":{"line":5,"column":0},"end":{"line":5,"column":57}},"3":{"start":{"line":11,"column":4},"end":{"line":11,"column":27}},"4":{"start":{"line":12,"column":4},"end":{"line":12,"column":31}},"5":{"start":{"line":18,"column":16},"end":{"line":18,"column":105}},"6":{"start":{"line":19,"column":21},"end":{"line":19,"column":93}},"7":{"start":{"line":19,"column":86},"end":{"line":19,"column":90}},"8":{"start":{"line":20,"column":4},"end":{"line":20,"column":34}},"9":{"start":{"line":22,"column":22},"end":{"line":22,"column":35}},"10":{"start":{"line":23,"column":21},"end":{"line":23,"column":23}},"11":{"start":{"line":24,"column":4},"end":{"line":27,"column":null}},"12":{"start":{"line":24,"column":17},"end":{"line":24,"column":18}},"13":{"start":{"line":25,"column":22},"end":{"line":25,"column":34}},"14":{"start":{"line":26,"column":6},"end":{"line":26,"column":54}},"15":{"start":{"line":28,"column":4},"end":{"line":28,"column":32}},"16":{"start":{"line":29,"column":4},"end":{"line":29,"column":21}},"17":{"start":{"line":7,"column":0},"end":{"line":7,"column":13}}},"fnMap":{"0":{"name":"(anonymous_8)","decl":{"start":{"line":10,"column":2},"end":{"line":10,"column":14}},"loc":{"start":{"line":10,"column":76},"end":{"line":13,"column":3}}},"1":{"name":"(anonymous_9)","decl":{"start":{"line":17,"column":8},"end":{"line":17,"column":19}},"loc":{"start":{"line":17,"column":59},"end":{"line":30,"column":null}}},"2":{"name":"(anonymous_11)","decl":{"start":{"line":19,"column":80},"end":{"line":19,"column":83}},"loc":{"start":{"line":19,"column":86},"end":{"line":19,"column":90}}}},"branchMap":{},"s":{"0":3,"1":3,"2":3,"3":3,"4":3,"5":7,"6":7,"7":7,"8":7,"9":7,"10":7,"11":7,"12":7,"13":10,"14":10,"15":7,"16":7,"17":3},"f":{"0":3,"1":7,"2":7},"b":{}}
,"/Users/innodeed/Documents/learning/git/aptos-web3.js/src/hex_string.ts": {"path":"/Users/innodeed/Documents/learning/git/aptos-web3.js/src/hex_string.ts","statementMap":{"0":{"start":{"line":1,"column":0},"end":{"line":1,"column":33}},"1":{"start":{"line":27,"column":4},"end":{"line":31,"column":null}},"2":{"start":{"line":28,"column":6},"end":{"line":28,"column":33}},"3":{"start":{"line":30,"column":6},"end":{"line":30,"column":40}},"4":{"start":{"line":12,"column":4},"end":{"line":12,"column":49}},"5":{"start":{"line":16,"column":4},"end":{"line":16,"column":50}},"6":{"start":{"line":20,"column":4},"end":{"line":22,"column":null}},"7":{"start":{"line":21,"column":6},"end":{"line":21,"column":38}},"8":{"start":{"line":23,"column":4},"end":{"line":23,"column":21}},"9":{"start":{"line":35,"column":4},"end":{"line":35,"column":26}},"10":{"start":{"line":39,"column":4},"end":{"line":39,"column":35}},"11":{"start":{"line":43,"column":4},"end":{"line":43,"column":22}},"12":{"start":{"line":47,"column":20},"end":{"line":47,"column":55}},"13":{"start":{"line":48,"column":4},"end":{"line":48,"column":26}},"14":{"start":{"line":52,"column":4},"end":{"line":52,"column":47}},"15":{"start":{"line":56,"column":4},"end":{"line":56,"column":44}},"16":{"start":{"line":7,"column":0},"end":{"line":7,"column":13}}},"fnMap":{"0":{"name":"(anonymous_0)","decl":{"start":{"line":26,"column":2},"end":{"line":26,"column":14}},"loc":{"start":{"line":26,"column":55},"end":{"line":32,"column":3}}},"1":{"name":"(anonymous_1)","decl":{"start":{"line":11,"column":2},"end":{"line":11,"column":8}},"loc":{"start":{"line":11,"column":34},"end":{"line":13,"column":3}}},"2":{"name":"(anonymous_2)","decl":{"start":{"line":15,"column":2},"end":{"line":15,"column":8}},"loc":{"start":{"line":15,"column":39},"end":{"line":17,"column":3}}},"3":{"name":"(anonymous_3)","decl":{"start":{"line":19,"column":2},"end":{"line":19,"column":8}},"loc":{"start":{"line":19,"column":41},"end":{"line":24,"column":3}}},"4":{"name":"(anonymous_4)","decl":{"start":{"line":34,"column":2},"end":{"line":34,"column":5}},"loc":{"start":{"line":34,"column":5},"end":{"line":36,"column":3}}},"5":{"name":"(anonymous_5)","decl":{"start":{"line":38,"column":2},"end":{"line":38,"column":10}},"loc":{"start":{"line":38,"column":10},"end":{"line":40,"column":3}}},"6":{"name":"(anonymous_6)","decl":{"start":{"line":42,"column":2},"end":{"line":42,"column":10}},"loc":{"start":{"line":42,"column":10},"end":{"line":44,"column":3}}},"7":{"name":"(anonymous_7)","decl":{"start":{"line":46,"column":2},"end":{"line":46,"column":15}},"loc":{"start":{"line":46,"column":15},"end":{"line":49,"column":3}}},"8":{"name":"(anonymous_8)","decl":{"start":{"line":51,"column":2},"end":{"line":51,"column":10}},"loc":{"start":{"line":51,"column":10},"end":{"line":53,"column":3}}},"9":{"name":"(anonymous_9)","decl":{"start":{"line":55,"column":2},"end":{"line":55,"column":14}},"loc":{"start":{"line":55,"column":14},"end":{"line":57,"column":3}}}},"branchMap":{"0":{"loc":{"start":{"line":27,"column":4},"end":{"line":31,"column":null}},"type":"if","locations":[{"start":{"line":27,"column":4},"end":{"line":31,"column":null}},{"start":{"line":29,"column":11},"end":{"line":31,"column":null}}]},"1":{"loc":{"start":{"line":20,"column":4},"end":{"line":22,"column":null}},"type":"if","locations":[{"start":{"line":20,"column":4},"end":{"line":22,"column":null}}]}},"s":{"0":6,"1":77,"2":34,"3":43,"4":3,"5":2,"6":88,"7":55,"8":33,"9":98,"10":26,"11":17,"12":4,"13":4,"14":15,"15":5,"16":6},"f":{"0":77,"1":3,"2":2,"3":88,"4":98,"5":26,"6":17,"7":4,"8":15,"9":5},"b":{"0":[34,43],"1":[55]}}
,"/Users/innodeed/Documents/learning/git/aptos-web3.js/src/token_client.ts": {"path":"/Users/innodeed/Documents/learning/git/aptos-web3.js/src/token_client.ts","statementMap":{"0":{"start":{"line":6,"column":0},"end":{"line":6,"column":28}},"1":{"start":{"line":7,"column":0},"end":{"line":7,"column":32}},"2":{"start":{"line":19,"column":4},"end":{"line":19,"column":35}},"3":{"start":{"line":23,"column":23},"end":{"line":25,"column":6}},"4":{"start":{"line":26,"column":22},"end":{"line":26,"column":81}},"5":{"start":{"line":27,"column":16},"end":{"line":27,"column":76}},"6":{"start":{"line":28,"column":4},"end":{"line":28,"column":56}},"7":{"start":{"line":29,"column":4},"end":{"line":29,"column":37}},"8":{"start":{"line":33,"column":17},"end":{"line":33,"column":63}},"9":{"start":{"line":34,"column":4},"end":{"line":34,"column":null}},"10":{"start":{"line":44,"column":46},"end":{"line":53,"column":6}},"11":{"start":{"line":54,"column":28},"end":{"line":54,"column":80}},"12":{"start":{"line":55,"column":20},"end":{"line":55,"column":68}},"13":{"start":{"line":56,"column":4},"end":{"line":56,"column":56}},"14":{"start":{"line":68,"column":46},"end":{"line":81,"column":6}},"15":{"start":{"line":82,"column":28},"end":{"line":82,"column":80}},"16":{"start":{"line":83,"column":20},"end":{"line":83,"column":68}},"17":{"start":{"line":84,"column":4},"end":{"line":84,"column":56}},"18":{"start":{"line":96,"column":46},"end":{"line":107,"column":6}},"19":{"start":{"line":108,"column":28},"end":{"line":108,"column":80}},"20":{"start":{"line":109,"column":20},"end":{"line":109,"column":68}},"21":{"start":{"line":110,"column":4},"end":{"line":110,"column":56}},"22":{"start":{"line":121,"column":46},"end":{"line":131,"column":6}},"23":{"start":{"line":132,"column":28},"end":{"line":132,"column":80}},"24":{"start":{"line":133,"column":20},"end":{"line":133,"column":68}},"25":{"start":{"line":134,"column":4},"end":{"line":134,"column":56}},"26":{"start":{"line":144,"column":46},"end":{"line":149,"column":6}},"27":{"start":{"line":150,"column":28},"end":{"line":150,"column":80}},"28":{"start":{"line":151,"column":4},"end":{"line":151,"column":null}},"29":{"start":{"line":152,"column":4},"end":{"line":152,"column":null}},"30":{"start":{"line":153,"column":4},"end":{"line":153,"column":27}},"31":{"start":{"line":157,"column":21},"end":{"line":165,"column":6}},"32":{"start":{"line":167,"column":4},"end":{"line":173,"column":null}},"33":{"start":{"line":168,"column":8},"end":{"line":168,"column":null}},"34":{"start":{"line":169,"column":11},"end":{"line":173,"column":null}},"35":{"start":{"line":170,"column":8},"end":{"line":170,"column":62}},"36":{"start":{"line":172,"column":8},"end":{"line":172,"column":37}},"37":{"start":{"line":178,"column":47},"end":{"line":178,"column":98}},"38":{"start":{"line":179,"column":57},"end":{"line":179,"column":116}},"39":{"start":{"line":179,"column":79},"end":{"line":179,"column":115}},"40":{"start":{"line":180,"column":21},"end":{"line":184,"column":null}},"41":{"start":{"line":186,"column":20},"end":{"line":190,"column":null}},"42":{"start":{"line":192,"column":4},"end":{"line":192,"column":null}},"43":{"start":{"line":15,"column":0},"end":{"line":15,"column":13}}},"fnMap":{"0":{"name":"(anonymous_8)","decl":{"start":{"line":18,"column":2},"end":{"line":18,"column":14}},"loc":{"start":{"line":18,"column":38},"end":{"line":20,"column":3}}},"1":{"name":"(anonymous_9)","decl":{"start":{"line":22,"column":8},"end":{"line":22,"column":31}},"loc":{"start":{"line":22,"column":88},"end":{"line":30,"column":null}}},"2":{"name":"(anonymous_11)","decl":{"start":{"line":32,"column":8},"end":{"line":32,"column":28}},"loc":{"start":{"line":32,"column":44},"end":{"line":35,"column":null}}},"3":{"name":"(anonymous_13)","decl":{"start":{"line":38,"column":8},"end":{"line":38,"column":24}},"loc":{"start":{"line":42,"column":15},"end":{"line":57,"column":null}}},"4":{"name":"(anonymous_15)","decl":{"start":{"line":60,"column":8},"end":{"line":60,"column":19}},"loc":{"start":{"line":66,"column":15},"end":{"line":85,"column":null}}},"5":{"name":"(anonymous_17)","decl":{"start":{"line":88,"column":8},"end":{"line":88,"column":18}},"loc":{"start":{"line":94,"column":18},"end":{"line":111,"column":null}}},"6":{"name":"(anonymous_19)","decl":{"start":{"line":114,"column":8},"end":{"line":114,"column":18}},"loc":{"start":{"line":119,"column":16},"end":{"line":135,"column":null}}},"7":{"name":"(anonymous_21)","decl":{"start":{"line":138,"column":8},"end":{"line":138,"column":24}},"loc":{"start":{"line":142,"column":28},"end":{"line":154,"column":null}}},"8":{"name":"(anonymous_23)","decl":{"start":{"line":156,"column":8},"end":{"line":156,"column":17}},"loc":{"start":{"line":156,"column":78},"end":{"line":174,"column":null}}},"9":{"name":"(anonymous_25)","decl":{"start":{"line":177,"column":8},"end":{"line":177,"column":18}},"loc":{"start":{"line":177,"column":79},"end":{"line":193,"column":null}}},"10":{"name":"(anonymous_27)","decl":{"start":{"line":179,"column":72},"end":{"line":179,"column":73}},"loc":{"start":{"line":179,"column":79},"end":{"line":179,"column":115}}}},"branchMap":{"0":{"loc":{"start":{"line":167,"column":4},"end":{"line":173,"column":null}},"type":"if","locations":[{"start":{"line":167,"column":4},"end":{"line":173,"column":null}},{"start":{"line":169,"column":11},"end":{"line":173,"column":null}}]},"1":{"loc":{"start":{"line":169,"column":11},"end":{"line":173,"column":null}},"type":"if","locations":[{"start":{"line":169,"column":11},"end":{"line":173,"column":null}},{"start":{"line":171,"column":11},"end":{"line":173,"column":null}}]}},"s":{"0":2,"1":2,"2":2,"3":4,"4":4,"5":4,"6":4,"7":4,"8":4,"9":3,"10":1,"11":1,"12":1,"13":1,"14":1,"15":1,"16":1,"17":1,"18":1,"19":1,"20":1,"21":1,"22":1,"23":1,"24":1,"25":0,"26":0,"27":0,"28":0,"29":0,"30":0,"31":0,"32":0,"33":0,"34":0,"35":0,"36":0,"37":0,"38":0,"39":0,"40":0,"41":0,"42":0,"43":2},"f":{"0":2,"1":4,"2":4,"3":1,"4":1,"5":1,"6":1,"7":0,"8":0,"9":0,"10":0},"b":{"0":[0,0],"1":[0,0]}}
,"/Users/innodeed/Documents/learning/git/aptos-web3.js/src/util.ts": {"path":"/Users/innodeed/Documents/learning/git/aptos-web3.js/src/util.ts","statementMap":{"0":{"start":{"line":6,"column":2},"end":{"line":8,"column":5}},"1":{"start":{"line":7,"column":4},"end":{"line":7,"column":32}},"2":{"start":{"line":5,"column":0},"end":{"line":5,"column":22}}},"fnMap":{"0":{"name":"sleep","decl":{"start":{"line":5,"column":22},"end":{"line":5,"column":27}},"loc":{"start":{"line":5,"column":42},"end":{"line":9,"column":null}}},"1":{"name":"(anonymous_9)","decl":{"start":{"line":6,"column":21},"end":{"line":6,"column":22}},"loc":{"start":{"line":6,"column":33},"end":{"line":8,"column":3}}}},"branchMap":{},"s":{"0":0,"1":0,"2":4},"f":{"0":0,"1":0},"b":{}}
,"/Users/innodeed/Documents/learning/git/aptos-web3.js/src/wallet_client.ts": {"path":"/Users/innodeed/Documents/learning/git/aptos-web3.js/src/wallet_client.ts","statementMap":{"0":{"start":{"line":1,"column":0},"end":{"line":1,"column":47}},"1":{"start":{"line":2,"column":0},"end":{"line":2,"column":45}},"2":{"start":{"line":3,"column":0},"end":{"line":3,"column":45}},"3":{"start":{"line":4,"column":0},"end":{"line":4,"column":47}},"4":{"start":{"line":5,"column":0},"end":{"line":5,"column":57}},"5":{"start":{"line":8,"column":0},"end":{"line":8,"column":38}},"6":{"start":{"line":9,"column":0},"end":{"line":9,"column":58}},"7":{"start":{"line":15,"column":18},"end":{"line":15,"column":41}},"8":{"start":{"line":17,"column":0},"end":{"line":17,"column":32}},"9":{"start":{"line":18,"column":0},"end":{"line":18,"column":28}},"10":{"start":{"line":22,"column":18},"end":{"line":22,"column":24}},"11":{"start":{"line":23,"column":21},"end":{"line":23,"column":22}},"12":{"start":{"line":24,"column":20},"end":{"line":24,"column":22}},"13":{"start":{"line":46,"column":4},"end":{"line":46,"column":39}},"14":{"start":{"line":50,"column":4},"end":{"line":54,"column":6}},"15":{"start":{"line":58,"column":4},"end":{"line":62,"column":6}},"16":{"start":{"line":66,"column":4},"end":{"line":66,"column":51}},"17":{"start":{"line":71,"column":4},"end":{"line":71,"column":51}},"18":{"start":{"line":75,"column":17},"end":{"line":75,"column":58}},"19":{"start":{"line":76,"column":4},"end":{"line":76,"column":null}},"20":{"start":{"line":83,"column":27},"end":{"line":84,"column":null}},"21":{"start":{"line":86,"column":4},"end":{"line":91,"column":null}},"22":{"start":{"line":87,"column":23},"end":{"line":87,"column":37}},"23":{"start":{"line":88,"column":6},"end":{"line":90,"column":null}},"24":{"start":{"line":89,"column":8},"end":{"line":89,"column":59}},"25":{"start":{"line":92,"column":4},"end":{"line":92,"column":16}},"26":{"start":{"line":107,"column":8},"end":{"line":113,"column":6}},"27":{"start":{"line":114,"column":23},"end":{"line":116,"column":null}},"28":{"start":{"line":118,"column":22},"end":{"line":120,"column":null}},"29":{"start":{"line":122,"column":16},"end":{"line":122,"column":75}},"30":{"start":{"line":123,"column":4},"end":{"line":123,"column":34}},"31":{"start":{"line":130,"column":21},"end":{"line":132,"column":null}},"32":{"start":{"line":134,"column":4},"end":{"line":136,"column":null}},"33":{"start":{"line":135,"column":6},"end":{"line":135,"column":18}},"34":{"start":{"line":137,"column":4},"end":{"line":139,"column":null}},"35":{"start":{"line":138,"column":6},"end":{"line":138,"column":60}},"36":{"start":{"line":140,"column":4},"end":{"line":140,"column":33}},"37":{"start":{"line":43,"column":0},"end":{"line":43,"column":13}},"38":{"start":{"line":151,"column":4},"end":{"line":151,"column":63}},"39":{"start":{"line":152,"column":4},"end":{"line":152,"column":49}},"40":{"start":{"line":153,"column":4},"end":{"line":153,"column":47}},"41":{"start":{"line":154,"column":4},"end":{"line":154,"column":57}},"42":{"start":{"line":159,"column":4},"end":{"line":161,"column":null}},"43":{"start":{"line":160,"column":6},"end":{"line":160,"column":57}},"44":{"start":{"line":162,"column":27},"end":{"line":162,"column":68}},"45":{"start":{"line":163,"column":17},"end":{"line":163,"column":56}},"46":{"start":{"line":164,"column":45},"end":{"line":164,"column":47}},"47":{"start":{"line":165,"column":4},"end":{"line":201,"column":null}},"48":{"start":{"line":165,"column":17},"end":{"line":165,"column":18}},"49":{"start":{"line":166,"column":17},"end":{"line":166,"column":22}},"50":{"start":{"line":167,"column":20},"end":{"line":167,"column":22}},"51":{"start":{"line":168,"column":27},"end":{"line":168,"column":29}},"52":{"start":{"line":169,"column":20},"end":{"line":169,"column":22}},"53":{"start":{"line":170,"column":6},"end":{"line":193,"column":null}},"54":{"start":{"line":170,"column":19},"end":{"line":170,"column":20}},"55":{"start":{"line":171,"column":22},"end":{"line":171,"column":69}},"56":{"start":{"line":172,"column":32},"end":{"line":172,"column":66}},"57":{"start":{"line":173,"column":8},"end":{"line":186,"column":null}},"58":{"start":{"line":174,"column":10},"end":{"line":174,"column":45}},"59":{"start":{"line":175,"column":27},"end":{"line":179,"column":null}},"60":{"start":{"line":181,"column":10},"end":{"line":183,"column":null}},"61":{"start":{"line":182,"column":12},"end":{"line":182,"column":18}},"62":{"start":{"line":184,"column":27},"end":{"line":184,"column":48}},"63":{"start":{"line":185,"column":10},"end":{"line":185,"column":48}},"64":{"start":{"line":187,"column":8},"end":{"line":187,"column":58}},"65":{"start":{"line":188,"column":8},"end":{"line":192,"column":null}},"66":{"start":{"line":189,"column":10},"end":{"line":189,"column":22}},"67":{"start":{"line":190,"column":10},"end":{"line":190,"column":62}},"68":{"start":{"line":191,"column":10},"end":{"line":191,"column":16}},"69":{"start":{"line":194,"column":6},"end":{"line":196,"column":null}},"70":{"start":{"line":195,"column":8},"end":{"line":195,"column":14}},"71":{"start":{"line":197,"column":6},"end":{"line":200,"column":9}},"72":{"start":{"line":202,"column":4},"end":{"line":202,"column":53}},"73":{"start":{"line":206,"column":15},"end":{"line":206,"column":55}},"74":{"start":{"line":207,"column":26},"end":{"line":207,"column":59}},"75":{"start":{"line":208,"column":4},"end":{"line":208,"column":55}},"76":{"start":{"line":212,"column":27},"end":{"line":212,"column":68}},"77":{"start":{"line":213,"column":17},"end":{"line":213,"column":56}},"78":{"start":{"line":214,"column":4},"end":{"line":233,"column":null}},"79":{"start":{"line":214,"column":17},"end":{"line":214,"column":18}},"80":{"start":{"line":215,"column":29},"end":{"line":215,"column":60}},"81":{"start":{"line":216,"column":20},"end":{"line":216,"column":47}},"82":{"start":{"line":217,"column":30},"end":{"line":217,"column":64}},"83":{"start":{"line":218,"column":22},"end":{"line":218,"column":46}},"84":{"start":{"line":219,"column":23},"end":{"line":223,"column":null}},"85":{"start":{"line":225,"column":6},"end":{"line":230,"column":null}},"86":{"start":{"line":226,"column":25},"end":{"line":226,"column":46}},"87":{"start":{"line":227,"column":8},"end":{"line":227,"column":23}},"88":{"start":{"line":228,"column":8},"end":{"line":228,"column":49}},"89":{"start":{"line":229,"column":8},"end":{"line":229,"column":17}},"90":{"start":{"line":231,"column":6},"end":{"line":231,"column":60}},"91":{"start":{"line":232,"column":6},"end":{"line":232,"column":66}},"92":{"start":{"line":234,"column":4},"end":{"line":234,"column":51}},"93":{"start":{"line":238,"column":4},"end":{"line":238,"column":49}},"94":{"start":{"line":243,"column":27},"end":{"line":243,"column":68}},"95":{"start":{"line":244,"column":17},"end":{"line":244,"column":56}},"96":{"start":{"line":245,"column":18},"end":{"line":245,"column":59}},"97":{"start":{"line":246,"column":4},"end":{"line":246,"column":46}},"98":{"start":{"line":250,"column":27},"end":{"line":250,"column":68}},"99":{"start":{"line":251,"column":17},"end":{"line":251,"column":56}},"100":{"start":{"line":252,"column":18},"end":{"line":252,"column":54}},"101":{"start":{"line":253,"column":4},"end":{"line":253,"column":64}},"102":{"start":{"line":257,"column":4},"end":{"line":257,"column":64}},"103":{"start":{"line":261,"column":18},"end":{"line":261,"column":63}},"104":{"start":{"line":262,"column":4},"end":{"line":262,"column":36}},"105":{"start":{"line":266,"column":17},"end":{"line":266,"column":84}},"106":{"start":{"line":267,"column":25},"end":{"line":280,"column":7}},"107":{"start":{"line":267,"column":50},"end":{"line":280,"column":6}},"108":{"start":{"line":281,"column":4},"end":{"line":281,"column":null}},"109":{"start":{"line":289,"column":4},"end":{"line":319,"column":null}},"110":{"start":{"line":290,"column":6},"end":{"line":292,"column":null}},"111":{"start":{"line":291,"column":8},"end":{"line":291,"column":56}},"112":{"start":{"line":294,"column":22},"end":{"line":294,"column":62}},"113":{"start":{"line":297,"column":6},"end":{"line":299,"column":null}},"114":{"start":{"line":298,"column":8},"end":{"line":298,"column":68}},"115":{"start":{"line":301,"column":21},"end":{"line":304,"column":null}},"116":{"start":{"line":306,"column":6},"end":{"line":311,"column":11}},"117":{"start":{"line":308,"column":20},"end":{"line":308,"column":41}},"118":{"start":{"line":310,"column":10},"end":{"line":310,"column":30}},"119":{"start":{"line":313,"column":22},"end":{"line":313,"column":47}},"120":{"start":{"line":314,"column":6},"end":{"line":318,"column":null}},"121":{"start":{"line":315,"column":8},"end":{"line":315,"column":71}},"122":{"start":{"line":317,"column":8},"end":{"line":317,"column":32}},"123":{"start":{"line":323,"column":4},"end":{"line":323,"column":60}},"124":{"start":{"line":327,"column":4},"end":{"line":327,"column":64}},"125":{"start":{"line":344,"column":4},"end":{"line":349,"column":6}},"126":{"start":{"line":360,"column":4},"end":{"line":367,"column":6}},"127":{"start":{"line":378,"column":4},"end":{"line":385,"column":6}},"128":{"start":{"line":395,"column":21},"end":{"line":398,"column":null}},"129":{"start":{"line":400,"column":4},"end":{"line":405,"column":6}},"130":{"start":{"line":415,"column":4},"end":{"line":421,"column":6}},"131":{"start":{"line":434,"column":8},"end":{"line":439,"column":6}},"132":{"start":{"line":440,"column":28},"end":{"line":440,"column":92}},"133":{"start":{"line":441,"column":20},"end":{"line":441,"column":79}},"134":{"start":{"line":442,"column":4},"end":{"line":442,"column":56}},"135":{"start":{"line":447,"column":34},"end":{"line":449,"column":null}},"136":{"start":{"line":451,"column":22},"end":{"line":451,"column":56}},"137":{"start":{"line":452,"column":26},"end":{"line":452,"column":67}},"138":{"start":{"line":453,"column":4},"end":{"line":455,"column":null}},"139":{"start":{"line":454,"column":6},"end":{"line":454,"column":54}},"140":{"start":{"line":456,"column":30},"end":{"line":458,"column":39}},"141":{"start":{"line":459,"column":23},"end":{"line":462,"column":6}},"142":{"start":{"line":463,"column":21},"end":{"line":463,"column":67}},"143":{"start":{"line":464,"column":4},"end":{"line":464,"column":28}},"144":{"start":{"line":465,"column":4},"end":{"line":469,"column":6}},"145":{"start":{"line":477,"column":21},"end":{"line":481,"column":null}},"146":{"start":{"line":484,"column":4},"end":{"line":486,"column":null}},"147":{"start":{"line":485,"column":6},"end":{"line":485,"column":16}},"148":{"start":{"line":488,"column":4},"end":{"line":488,"column":33}},"149":{"start":{"line":493,"column":26},"end":{"line":496,"column":null}},"150":{"start":{"line":498,"column":27},"end":{"line":501,"column":null}},"151":{"start":{"line":504,"column":6},"end":{"line":508,"column":8}},"152":{"start":{"line":510,"column":19},"end":{"line":510,"column":21}},"153":{"start":{"line":511,"column":4},"end":{"line":519,"column":null}},"154":{"start":{"line":512,"column":6},"end":{"line":518,"column":null}},"155":{"start":{"line":514,"column":10},"end":{"line":514,"column":42}},"156":{"start":{"line":517,"column":8},"end":{"line":517,"column":36}},"157":{"start":{"line":520,"column":4},"end":{"line":520,"column":20}},"158":{"start":{"line":524,"column":21},"end":{"line":524,"column":52}},"159":{"start":{"line":525,"column":17},"end":{"line":525,"column":19}},"160":{"start":{"line":526,"column":4},"end":{"line":539,"column":null}},"161":{"start":{"line":528,"column":8},"end":{"line":528,"column":67}},"162":{"start":{"line":529,"column":59},"end":{"line":530,"column":null}},"163":{"start":{"line":530,"column":15},"end":{"line":530,"column":51}},"164":{"start":{"line":532,"column":18},"end":{"line":536,"column":null}},"165":{"start":{"line":538,"column":6},"end":{"line":538,"column":25}},"166":{"start":{"line":540,"column":4},"end":{"line":540,"column":18}},"167":{"start":{"line":545,"column":6},"end":{"line":545,"column":65}},"168":{"start":{"line":546,"column":57},"end":{"line":547,"column":null}},"169":{"start":{"line":547,"column":13},"end":{"line":547,"column":49}},"170":{"start":{"line":549,"column":16},"end":{"line":553,"column":null}},"171":{"start":{"line":555,"column":4},"end":{"line":555,"column":17}},"172":{"start":{"line":561,"column":6},"end":{"line":561,"column":57}},"173":{"start":{"line":562,"column":57},"end":{"line":563,"column":null}},"174":{"start":{"line":563,"column":13},"end":{"line":563,"column":49}},"175":{"start":{"line":565,"column":21},"end":{"line":569,"column":null}},"176":{"start":{"line":571,"column":4},"end":{"line":571,"column":22}},"177":{"start":{"line":583,"column":6},"end":{"line":583,"column":57}},"178":{"start":{"line":584,"column":57},"end":{"line":585,"column":null}},"179":{"start":{"line":585,"column":13},"end":{"line":585,"column":36}},"180":{"start":{"line":587,"column":19},"end":{"line":591,"column":null}},"181":{"start":{"line":593,"column":4},"end":{"line":593,"column":20}},"182":{"start":{"line":609,"column":8},"end":{"line":618,"column":6}},"183":{"start":{"line":619,"column":4},"end":{"line":619,"column":69}},"184":{"start":{"line":629,"column":8},"end":{"line":634,"column":6}},"185":{"start":{"line":635,"column":4},"end":{"line":635,"column":69}},"186":{"start":{"line":650,"column":8},"end":{"line":655,"column":6}},"187":{"start":{"line":656,"column":4},"end":{"line":656,"column":69}},"188":{"start":{"line":671,"column":8},"end":{"line":676,"column":6}},"189":{"start":{"line":677,"column":4},"end":{"line":677,"column":69}},"190":{"start":{"line":681,"column":22},"end":{"line":683,"column":null}},"191":{"start":{"line":685,"column":4},"end":{"line":685,"column":46}},"192":{"start":{"line":144,"column":0},"end":{"line":144,"column":13}}},"fnMap":{"0":{"name":"(anonymous_14)","decl":{"start":{"line":45,"column":2},"end":{"line":45,"column":14}},"loc":{"start":{"line":45,"column":25},"end":{"line":47,"column":3}}},"1":{"name":"(anonymous_15)","decl":{"start":{"line":49,"column":8},"end":{"line":49,"column":25}},"loc":{"start":{"line":49,"column":48},"end":{"line":55,"column":null}}},"2":{"name":"(anonymous_17)","decl":{"start":{"line":57,"column":8},"end":{"line":57,"column":29}},"loc":{"start":{"line":57,"column":52},"end":{"line":63,"column":null}}},"3":{"name":"(anonymous_19)","decl":{"start":{"line":65,"column":8},"end":{"line":65,"column":26}},"loc":{"start":{"line":65,"column":42},"end":{"line":67,"column":null}}},"4":{"name":"(anonymous_21)","decl":{"start":{"line":70,"column":8},"end":{"line":70,"column":26}},"loc":{"start":{"line":70,"column":42},"end":{"line":72,"column":null}}},"5":{"name":"(anonymous_23)","decl":{"start":{"line":74,"column":8},"end":{"line":74,"column":28}},"loc":{"start":{"line":74,"column":44},"end":{"line":77,"column":null}}},"6":{"name":"(anonymous_25)","decl":{"start":{"line":80,"column":8},"end":{"line":80,"column":22}},"loc":{"start":{"line":81,"column":38},"end":{"line":93,"column":null}}},"7":{"name":"(anonymous_27)","decl":{"start":{"line":97,"column":8},"end":{"line":97,"column":16}},"loc":{"start":{"line":100,"column":18},"end":{"line":124,"column":null}}},"8":{"name":"(anonymous_29)","decl":{"start":{"line":126,"column":8},"end":{"line":126,"column":23}},"loc":{"start":{"line":128,"column":24},"end":{"line":141,"column":null}}},"9":{"name":"(anonymous_31)","decl":{"start":{"line":150,"column":2},"end":{"line":150,"column":14}},"loc":{"start":{"line":150,"column":34},"end":{"line":155,"column":3}}},"10":{"name":"(anonymous_32)","decl":{"start":{"line":158,"column":8},"end":{"line":158,"column":20}},"loc":{"start":{"line":158,"column":33},"end":{"line":203,"column":null}}},"11":{"name":"(anonymous_34)","decl":{"start":{"line":205,"column":8},"end":{"line":205,"column":20}},"loc":{"start":{"line":205,"column":20},"end":{"line":209,"column":null}}},"12":{"name":"(anonymous_36)","decl":{"start":{"line":211,"column":8},"end":{"line":211,"column":24}},"loc":{"start":{"line":211,"column":37},"end":{"line":235,"column":null}}},"13":{"name":"(anonymous_38)","decl":{"start":{"line":237,"column":8},"end":{"line":237,"column":32}},"loc":{"start":{"line":237,"column":69},"end":{"line":239,"column":null}}},"14":{"name":"(anonymous_40)","decl":{"start":{"line":242,"column":8},"end":{"line":242,"column":30}},"loc":{"start":{"line":242,"column":43},"end":{"line":247,"column":null}}},"15":{"name":"(anonymous_42)","decl":{"start":{"line":249,"column":8},"end":{"line":249,"column":30}},"loc":{"start":{"line":249,"column":70},"end":{"line":254,"column":null}}},"16":{"name":"(anonymous_44)","decl":{"start":{"line":256,"column":8},"end":{"line":256,"column":15}},"loc":{"start":{"line":256,"column":47},"end":{"line":258,"column":null}}},"17":{"name":"(anonymous_46)","decl":{"start":{"line":260,"column":8},"end":{"line":260,"column":18}},"loc":{"start":{"line":260,"column":46},"end":{"line":263,"column":null}}},"18":{"name":"(anonymous_48)","decl":{"start":{"line":265,"column":8},"end":{"line":265,"column":27}},"loc":{"start":{"line":265,"column":58},"end":{"line":282,"column":null}}},"19":{"name":"(anonymous_50)","decl":{"start":{"line":267,"column":34},"end":{"line":267,"column":35}},"loc":{"start":{"line":267,"column":50},"end":{"line":280,"column":6}}},"20":{"name":"(anonymous_51)","decl":{"start":{"line":284,"column":8},"end":{"line":284,"column":16}},"loc":{"start":{"line":287,"column":18},"end":{"line":320,"column":null}}},"21":{"name":"(anonymous_53)","decl":{"start":{"line":308,"column":14},"end":{"line":308,"column":17}},"loc":{"start":{"line":308,"column":20},"end":{"line":308,"column":41}}},"22":{"name":"(anonymous_54)","decl":{"start":{"line":309,"column":15},"end":{"line":309,"column":16}},"loc":{"start":{"line":309,"column":23},"end":{"line":311,"column":9}}},"23":{"name":"(anonymous_55)","decl":{"start":{"line":322,"column":8},"end":{"line":322,"column":21}},"loc":{"start":{"line":322,"column":37},"end":{"line":324,"column":null}}},"24":{"name":"(anonymous_57)","decl":{"start":{"line":326,"column":8},"end":{"line":326,"column":25}},"loc":{"start":{"line":326,"column":41},"end":{"line":328,"column":null}}},"25":{"name":"(anonymous_59)","decl":{"start":{"line":330,"column":8},"end":{"line":330,"column":24}},"loc":{"start":{"line":334,"column":15},"end":{"line":350,"column":null}}},"26":{"name":"(anonymous_61)","decl":{"start":{"line":352,"column":8},"end":{"line":352,"column":19}},"loc":{"start":{"line":358,"column":15},"end":{"line":368,"column":null}}},"27":{"name":"(anonymous_63)","decl":{"start":{"line":370,"column":8},"end":{"line":370,"column":18}},"loc":{"start":{"line":376,"column":18},"end":{"line":386,"column":null}}},"28":{"name":"(anonymous_65)","decl":{"start":{"line":388,"column":8},"end":{"line":388,"column":24}},"loc":{"start":{"line":393,"column":22},"end":{"line":406,"column":null}}},"29":{"name":"(anonymous_67)","decl":{"start":{"line":408,"column":8},"end":{"line":408,"column":16}},"loc":{"start":{"line":413,"column":22},"end":{"line":422,"column":null}}},"30":{"name":"(anonymous_69)","decl":{"start":{"line":424,"column":8},"end":{"line":424,"column":30}},"loc":{"start":{"line":427,"column":21},"end":{"line":444,"column":null}}},"31":{"name":"(anonymous_71)","decl":{"start":{"line":446,"column":8},"end":{"line":446,"column":21}},"loc":{"start":{"line":446,"column":61},"end":{"line":470,"column":null}}},"32":{"name":"(anonymous_73)","decl":{"start":{"line":472,"column":8},"end":{"line":472,"column":22}},"loc":{"start":{"line":475,"column":21},"end":{"line":489,"column":null}}},"33":{"name":"(anonymous_75)","decl":{"start":{"line":492,"column":8},"end":{"line":492,"column":19}},"loc":{"start":{"line":492,"column":35},"end":{"line":521,"column":null}}},"34":{"name":"isEventEqual","decl":{"start":{"line":503,"column":13},"end":{"line":503,"column":25}},"loc":{"start":{"line":503,"column":40},"end":{"line":509,"column":5}}},"35":{"name":"(anonymous_78)","decl":{"start":{"line":513,"column":29},"end":{"line":513,"column":39}},"loc":{"start":{"line":513,"column":43},"end":{"line":515,"column":9}}},"36":{"name":"(anonymous_79)","decl":{"start":{"line":523,"column":8},"end":{"line":523,"column":17}},"loc":{"start":{"line":523,"column":33},"end":{"line":541,"column":null}}},"37":{"name":"(anonymous_81)","decl":{"start":{"line":530,"column":8},"end":{"line":530,"column":9}},"loc":{"start":{"line":530,"column":15},"end":{"line":530,"column":51}}},"38":{"name":"(anonymous_82)","decl":{"start":{"line":543,"column":8},"end":{"line":543,"column":16}},"loc":{"start":{"line":543,"column":33},"end":{"line":556,"column":null}}},"39":{"name":"(anonymous_84)","decl":{"start":{"line":547,"column":6},"end":{"line":547,"column":7}},"loc":{"start":{"line":547,"column":13},"end":{"line":547,"column":49}}},"40":{"name":"(anonymous_85)","decl":{"start":{"line":559,"column":8},"end":{"line":559,"column":21}},"loc":{"start":{"line":559,"column":61},"end":{"line":572,"column":null}}},"41":{"name":"(anonymous_87)","decl":{"start":{"line":563,"column":6},"end":{"line":563,"column":7}},"loc":{"start":{"line":563,"column":13},"end":{"line":563,"column":49}}},"42":{"name":"(anonymous_88)","decl":{"start":{"line":574,"column":8},"end":{"line":574,"column":25}},"loc":{"start":{"line":580,"column":12},"end":{"line":594,"column":null}}},"43":{"name":"(anonymous_90)","decl":{"start":{"line":585,"column":6},"end":{"line":585,"column":7}},"loc":{"start":{"line":585,"column":13},"end":{"line":585,"column":36}}},"44":{"name":"(anonymous_91)","decl":{"start":{"line":598,"column":8},"end":{"line":598,"column":20}},"loc":{"start":{"line":602,"column":26},"end":{"line":620,"column":null}}},"45":{"name":"(anonymous_93)","decl":{"start":{"line":623,"column":8},"end":{"line":623,"column":20}},"loc":{"start":{"line":623,"column":66},"end":{"line":636,"column":null}}},"46":{"name":"(anonymous_95)","decl":{"start":{"line":639,"column":8},"end":{"line":639,"column":16}},"loc":{"start":{"line":643,"column":18},"end":{"line":657,"column":null}}},"47":{"name":"(anonymous_97)","decl":{"start":{"line":660,"column":8},"end":{"line":660,"column":20}},"loc":{"start":{"line":664,"column":18},"end":{"line":678,"column":null}}},"48":{"name":"(anonymous_99)","decl":{"start":{"line":680,"column":8},"end":{"line":680,"column":22}},"loc":{"start":{"line":680,"column":60},"end":{"line":686,"column":null}}}},"branchMap":{"0":{"loc":{"start":{"line":88,"column":6},"end":{"line":90,"column":null}},"type":"if","locations":[{"start":{"line":88,"column":6},"end":{"line":90,"column":null}}]},"1":{"loc":{"start":{"line":134,"column":4},"end":{"line":136,"column":null}},"type":"if","locations":[{"start":{"line":134,"column":4},"end":{"line":136,"column":null}}]},"2":{"loc":{"start":{"line":137,"column":4},"end":{"line":139,"column":null}},"type":"if","locations":[{"start":{"line":137,"column":4},"end":{"line":139,"column":null}}]},"3":{"loc":{"start":{"line":159,"column":4},"end":{"line":161,"column":null}},"type":"if","locations":[{"start":{"line":159,"column":4},"end":{"line":161,"column":null}}]},"4":{"loc":{"start":{"line":173,"column":8},"end":{"line":186,"column":null}},"type":"if","locations":[{"start":{"line":173,"column":8},"end":{"line":186,"column":null}}]},"5":{"loc":{"start":{"line":181,"column":10},"end":{"line":183,"column":null}},"type":"if","locations":[{"start":{"line":181,"column":10},"end":{"line":183,"column":null}}]},"6":{"loc":{"start":{"line":188,"column":8},"end":{"line":192,"column":null}},"type":"if","locations":[{"start":{"line":188,"column":8},"end":{"line":192,"column":null}}]},"7":{"loc":{"start":{"line":194,"column":6},"end":{"line":196,"column":null}},"type":"if","locations":[{"start":{"line":194,"column":6},"end":{"line":196,"column":null}}]},"8":{"loc":{"start":{"line":225,"column":6},"end":{"line":230,"column":null}},"type":"if","locations":[{"start":{"line":225,"column":6},"end":{"line":230,"column":null}}]},"9":{"loc":{"start":{"line":290,"column":6},"end":{"line":292,"column":null}},"type":"if","locations":[{"start":{"line":290,"column":6},"end":{"line":292,"column":null}}]},"10":{"loc":{"start":{"line":297,"column":6},"end":{"line":299,"column":null}},"type":"if","locations":[{"start":{"line":297,"column":6},"end":{"line":299,"column":null}}]},"11":{"loc":{"start":{"line":314,"column":6},"end":{"line":318,"column":null}},"type":"if","locations":[{"start":{"line":314,"column":6},"end":{"line":318,"column":null}},{"start":{"line":316,"column":13},"end":{"line":318,"column":null}}]},"12":{"loc":{"start":{"line":453,"column":4},"end":{"line":455,"column":null}},"type":"if","locations":[{"start":{"line":453,"column":4},"end":{"line":455,"column":null}}]},"13":{"loc":{"start":{"line":484,"column":4},"end":{"line":486,"column":null}},"type":"if","locations":[{"start":{"line":484,"column":4},"end":{"line":486,"column":null}}]},"14":{"loc":{"start":{"line":505,"column":8},"end":{"line":507,"column":51}},"type":"binary-expr","locations":[{"start":{"line":505,"column":8},"end":{"line":505,"column":57}},{"start":{"line":506,"column":8},"end":{"line":506,"column":71}},{"start":{"line":507,"column":8},"end":{"line":507,"column":51}}]},"15":{"loc":{"start":{"line":512,"column":6},"end":{"line":518,"column":null}},"type":"if","locations":[{"start":{"line":512,"column":6},"end":{"line":518,"column":null}}]}},"s":{"0":1,"1":1,"2":1,"3":1,"4":1,"5":1,"6":1,"7":1,"8":1,"9":1,"10":1,"11":1,"12":1,"13":1,"14":0,"15":0,"16":0,"17":2,"18":0,"19":0,"20":5,"21":5,"22":5,"23":5,"24":5,"25":0,"26":2,"27":2,"28":2,"29":2,"30":2,"31":0,"32":0,"33":0,"34":0,"35":0,"36":0,"37":1,"38":1,"39":1,"40":1,"41":1,"42":0,"43":0,"44":0,"45":0,"46":0,"47":0,"48":0,"49":0,"50":0,"51":0,"52":0,"53":0,"54":0,"55":0,"56":0,"57":0,"58":0,"59":0,"60":0,"61":0,"62":0,"63":0,"64":0,"65":0,"66":0,"67":0,"68":0,"69":0,"70":0,"71":0,"72":0,"73":2,"74":2,"75":2,"76":2,"77":2,"78":2,"79":2,"80":2,"81":2,"82":2,"83":2,"84":2,"85":2,"86":0,"87":0,"88":0,"89":0,"90":2,"91":2,"92":0,"93":0,"94":0,"95":0,"96":0,"97":0,"98":2,"99":2,"100":2,"101":2,"102":1,"103":5,"104":5,"105":1,"106":1,"107":1,"108":1,"109":2,"110":2,"111":0,"112":2,"113":2,"114":0,"115":2,"116":2,"117":2,"118":0,"119":0,"120":0,"121":0,"122":0,"123":0,"124":0,"125":0,"126":0,"127":0,"128":0,"129":0,"130":0,"131":0,"132":0,"133":0,"134":0,"135":0,"136":0,"137":0,"138":0,"139":0,"140":0,"141":0,"142":0,"143":0,"144":0,"145":0,"146":0,"147":0,"148":0,"149":0,"150":0,"151":0,"152":0,"153":0,"154":0,"155":0,"156":0,"157":0,"158":0,"159":0,"160":0,"161":0,"162":0,"163":0,"164":0,"165":0,"166":0,"167":0,"168":0,"169":0,"170":0,"171":0,"172":0,"173":0,"174":0,"175":0,"176":0,"177":0,"178":0,"179":0,"180":0,"181":0,"182":0,"183":0,"184":0,"185":0,"186":0,"187":0,"188":0,"189":0,"190":0,"191":0,"192":1},"f":{"0":1,"1":0,"2":0,"3":0,"4":2,"5":0,"6":5,"7":2,"8":0,"9":1,"10":0,"11":2,"12":2,"13":0,"14":0,"15":2,"16":1,"17":5,"18":1,"19":1,"20":2,"21":2,"22":0,"23":0,"24":0,"25":0,"26":0,"27":0,"28":0,"29":0,"30":0,"31":0,"32":0,"33":0,"34":0,"35":0,"36":0,"37":0,"38":0,"39":0,"40":0,"41":0,"42":0,"43":0,"44":0,"45":0,"46":0,"47":0,"48":0},"b":{"0":[5],"1":[0],"2":[0],"3":[0],"4":[0],"5":[0],"6":[0],"7":[0],"8":[0],"9":[0],"10":[0],"11":[0,0],"12":[0],"13":[0],"14":[0,0,0],"15":[0]}}
}
