TN:
SF:src/aptos_account.ts
FN:25,(anonymous_6)
FN:20,(anonymous_7)
FN:35,(anonymous_8)
FN:41,(anonymous_9)
FN:52,(anonymous_10)
FN:56,(anonymous_11)
FN:61,(anonymous_12)
FN:66,(anonymous_13)
FNF:8
FNH:8
FNDA:37,(anonymous_6)
FNDA:4,(anonymous_7)
FNDA:54,(anonymous_8)
FNDA:50,(anonymous_9)
FNDA:20,(anonymous_10)
FNDA:18,(anonymous_11)
FNDA:18,(anonymous_12)
FNDA:1,(anonymous_13)
DA:1,4
DA:2,4
DA:3,4
DA:4,4
DA:13,4
DA:21,4
DA:26,37
DA:27,29
DA:29,8
DA:31,37
DA:36,54
DA:42,50
DA:43,34
DA:44,34
DA:45,34
DA:46,34
DA:48,50
DA:53,20
DA:57,18
DA:58,18
DA:62,18
DA:63,18
DA:67,1
LF:23
LH:23
BRDA:26,0,0,29
BRDA:26,0,1,8
BRDA:31,1,0,37
BRDA:31,1,1,33
BRDA:42,2,0,34
BRF:5
BRH:5
end_of_record
TN:
SF:src/aptos_client.ts
FN:16,(anonymous_7)
FN:18,(anonymous_8)
FN:28,raiseForStatus
FN:53,(anonymous_10)
FN:60,(anonymous_11)
FN:71,(anonymous_12)
FN:78,(anonymous_14)
FN:88,(anonymous_16)
FN:98,(anonymous_18)
FN:109,(anonymous_20)
FN:119,(anonymous_22)
FN:135,(anonymous_24)
FN:158,(anonymous_26)
FN:168,(anonymous_28)
FN:184,(anonymous_30)
FN:190,(anonymous_32)
FN:207,(anonymous_34)
FN:216,(anonymous_36)
FN:222,(anonymous_38)
FN:228,(anonymous_40)
FN:239,(anonymous_42)
FNF:21
FNH:21
FNDA:4,(anonymous_7)
FNDA:8,(anonymous_8)
FNDA:198,raiseForStatus
FNDA:13,(anonymous_10)
FNDA:184,(anonymous_11)
FNDA:18,(anonymous_12)
FNDA:1,(anonymous_14)
FNDA:1,(anonymous_16)
FNDA:1,(anonymous_18)
FNDA:11,(anonymous_20)
FNDA:1,(anonymous_22)
FNDA:17,(anonymous_24)
FNDA:17,(anonymous_26)
FNDA:17,(anonymous_28)
FNDA:1,(anonymous_30)
FNDA:2,(anonymous_32)
FNDA:17,(anonymous_34)
FNDA:1,(anonymous_36)
FNDA:1,(anonymous_38)
FNDA:112,(anonymous_40)
FNDA:56,(anonymous_42)
DA:2,4
DA:3,4
DA:4,4
DA:5,4
DA:6,4
DA:7,4
DA:11,4
DA:17,4
DA:18,8
DA:19,4
DA:20,4
DA:21,4
DA:22,4
DA:28,4
DA:33,198
DA:34,4
DA:35,2
DA:37,2
DA:41,4
DA:54,13
DA:57,13
DA:60,184
DA:65,13
DA:66,13
DA:67,13
DA:72,18
DA:73,18
DA:74,18
DA:82,1
DA:83,1
DA:84,1
DA:92,1
DA:93,1
DA:94,1
DA:103,1
DA:104,1
DA:105,1
DA:113,11
DA:114,11
DA:115,11
DA:124,1
DA:129,1
DA:130,1
DA:140,17
DA:141,17
DA:142,17
DA:159,17
DA:160,17
DA:162,17
DA:163,17
DA:172,17
DA:173,17
DA:175,17
DA:181,17
DA:185,1
DA:186,1
DA:187,1
DA:196,2
DA:202,2
DA:203,2
DA:211,17
DA:212,17
DA:213,17
DA:217,1
DA:218,1
DA:219,1
DA:223,1
DA:224,1
DA:225,1
DA:229,112
DA:231,112
DA:232,17
DA:234,95
DA:235,95
DA:240,56
DA:242,56
DA:244,56
DA:245,56
DA:246,56
DA:247,0
LF:80
LH:79
BRDA:18,0,0,2
BRDA:18,0,1,2
BRDA:18,1,0,4
BRDA:18,1,1,4
BRDA:18,2,0,2
BRDA:18,2,1,2
BRDA:18,3,0,4
BRDA:18,3,1,4
BRDA:19,4,0,2
BRDA:19,4,1,2
BRDA:19,5,0,2
BRDA:19,5,1,2
BRDA:33,6,0,4
BRDA:34,7,0,2
BRDA:61,8,0,13
BRDA:61,8,1,13
BRDA:151,9,0,17
BRDA:151,9,1,2
BRDA:231,10,0,17
BRDA:246,11,0,0
BRF:20
BRH:19
end_of_record
TN:
SF:src/faucet_client.ts
FN:10,(anonymous_8)
FN:17,(anonymous_9)
FN:19,(anonymous_11)
FNF:3
FNH:3
FNDA:3,(anonymous_8)
FNDA:25,(anonymous_9)
FNDA:25,(anonymous_11)
DA:2,3
DA:3,3
DA:5,3
DA:7,3
DA:11,3
DA:12,3
DA:18,25
DA:19,25
DA:20,25
DA:22,25
DA:23,25
DA:24,25
DA:25,39
DA:26,39
DA:28,25
DA:29,25
LF:16
LH:16
BRF:0
BRH:0
end_of_record
TN:
SF:src/hex_string.ts
FN:26,(anonymous_0)
FN:11,(anonymous_1)
FN:15,(anonymous_2)
FN:19,(anonymous_3)
FN:34,(anonymous_4)
FN:38,(anonymous_5)
FN:42,(anonymous_6)
FN:46,(anonymous_7)
FN:51,(anonymous_8)
FN:55,(anonymous_9)
FNF:10
FNH:10
FNDA:167,(anonymous_0)
FNDA:3,(anonymous_1)
FNDA:2,(anonymous_2)
FNDA:177,(anonymous_3)
FNDA:157,(anonymous_4)
FNDA:66,(anonymous_5)
FNDA:12,(anonymous_6)
FNDA:4,(anonymous_7)
FNDA:25,(anonymous_8)
FNDA:5,(anonymous_9)
DA:1,6
DA:7,6
DA:12,3
DA:16,2
DA:20,177
DA:21,122
DA:23,55
DA:27,167
DA:28,57
DA:30,110
DA:35,157
DA:39,66
DA:43,12
DA:47,4
DA:48,4
DA:52,25
DA:56,5
LF:17
LH:17
BRDA:27,0,0,57
BRDA:27,0,1,110
BRDA:20,1,0,122
BRF:3
BRH:3
end_of_record
TN:
SF:src/token_client.ts
FN:12,(anonymous_8)
FN:16,(anonymous_9)
FN:27,(anonymous_11)
FN:48,(anonymous_13)
FN:75,(anonymous_15)
FN:100,(anonymous_17)
FN:123,(anonymous_19)
FN:139,(anonymous_21)
FN:160,(anonymous_23)
FN:162,(anonymous_25)
FNF:10
FNH:7
FNDA:2,(anonymous_8)
FNDA:15,(anonymous_9)
FNDA:4,(anonymous_11)
FNDA:3,(anonymous_13)
FNDA:2,(anonymous_15)
FNDA:2,(anonymous_17)
FNDA:0,(anonymous_19)
FNDA:3,(anonymous_21)
FNDA:0,(anonymous_23)
FNDA:0,(anonymous_25)
DA:6,2
DA:7,2
DA:9,2
DA:13,2
DA:17,15
DA:20,15
DA:21,15
DA:22,15
DA:23,15
DA:33,4
DA:43,4
DA:44,4
DA:56,3
DA:70,3
DA:71,3
DA:83,2
DA:95,2
DA:96,2
DA:107,2
DA:118,2
DA:119,2
DA:129,0
DA:135,0
DA:136,0
DA:140,3
DA:150,3
DA:151,0
DA:152,3
DA:153,0
DA:155,3
DA:161,0
DA:162,0
DA:163,0
DA:169,0
DA:175,0
LF:35
LH:25
BRDA:150,0,0,0
BRDA:150,0,1,3
BRDA:152,1,0,0
BRDA:152,1,1,3
BRF:4
BRH:2
end_of_record
TN:
SF:src/util.ts
FN:5,sleep
FN:6,(anonymous_9)
FNF:2
FNH:2
FNDA:56,sleep
FNDA:56,(anonymous_9)
DA:5,4
DA:6,56
DA:7,56
LF:3
LH:3
BRF:0
BRH:0
end_of_record
TN:
SF:src/wallet_client.ts
FN:22,(anonymous_14)
FN:26,(anonymous_15)
FN:30,(anonymous_17)
FN:34,(anonymous_19)
FN:39,(anonymous_21)
FN:44,(anonymous_23)
FN:55,(anonymous_25)
FN:68,(anonymous_27)
FN:91,(anonymous_29)
FN:98,(anonymous_30)
FN:109,(anonymous_32)
FN:112,(anonymous_34)
FN:123,(anonymous_35)
FN:126,(anonymous_37)
FN:137,(anonymous_38)
FN:139,(anonymous_40)
FN:151,(anonymous_41)
FN:155,(anonymous_43)
FN:160,(anonymous_45)
FN:161,(anonymous_47)
FN:166,(anonymous_48)
FN:166,(anonymous_49)
FN:169,(anonymous_50)
FN:173,(anonymous_52)
FN:177,(anonymous_54)
FN:179,(anonymous_56)
FN:186,(anonymous_57)
FN:189,(anonymous_59)
FN:196,(anonymous_60)
FN:199,(anonymous_62)
FN:206,(anonymous_63)
FN:209,(anonymous_65)
FN:218,(anonymous_66)
FN:221,(anonymous_68)
FN:228,(anonymous_69)
FN:230,(anonymous_71)
FN:242,(anonymous_72)
FN:309,(anonymous_74)
FN:322,(anonymous_76)
FN:325,isEventEqual
FN:330,(anonymous_79)
FN:339,(anonymous_80)
FN:344,(anonymous_82)
FN:356,(anonymous_83)
FN:358,(anonymous_85)
FN:369,(anonymous_86)
FN:371,(anonymous_88)
FN:381,(anonymous_89)
FN:383,(anonymous_91)
FN:395,(anonymous_92)
FN:396,(anonymous_94)
FN:414,(anonymous_95)
FN:415,(anonymous_97)
FN:429,(anonymous_98)
FN:430,(anonymous_100)
FN:446,(anonymous_101)
FN:447,(anonymous_103)
FN:463,(anonymous_104)
FNF:58
FNH:28
FNDA:1,(anonymous_14)
FNDA:0,(anonymous_15)
FNDA:0,(anonymous_17)
FNDA:0,(anonymous_19)
FNDA:1,(anonymous_21)
FNDA:4,(anonymous_23)
FNDA:1,(anonymous_25)
FNDA:1,(anonymous_27)
FNDA:1,(anonymous_29)
FNDA:25,(anonymous_30)
FNDA:11,(anonymous_32)
FNDA:0,(anonymous_34)
FNDA:0,(anonymous_35)
FNDA:0,(anonymous_37)
FNDA:1,(anonymous_38)
FNDA:0,(anonymous_40)
FNDA:9,(anonymous_41)
FNDA:4,(anonymous_43)
FNDA:1,(anonymous_45)
FNDA:0,(anonymous_47)
FNDA:1,(anonymous_48)
FNDA:0,(anonymous_49)
FNDA:0,(anonymous_50)
FNDA:0,(anonymous_52)
FNDA:3,(anonymous_54)
FNDA:0,(anonymous_56)
FNDA:2,(anonymous_57)
FNDA:0,(anonymous_59)
FNDA:1,(anonymous_60)
FNDA:0,(anonymous_62)
FNDA:0,(anonymous_63)
FNDA:0,(anonymous_65)
FNDA:1,(anonymous_66)
FNDA:0,(anonymous_68)
FNDA:1,(anonymous_69)
FNDA:0,(anonymous_71)
FNDA:0,(anonymous_72)
FNDA:4,(anonymous_74)
FNDA:2,(anonymous_76)
FNDA:0,isEventEqual
FNDA:0,(anonymous_79)
FNDA:2,(anonymous_80)
FNDA:6,(anonymous_82)
FNDA:0,(anonymous_83)
FNDA:0,(anonymous_85)
FNDA:1,(anonymous_86)
FNDA:2,(anonymous_88)
FNDA:0,(anonymous_89)
FNDA:0,(anonymous_91)
FNDA:0,(anonymous_92)
FNDA:0,(anonymous_94)
FNDA:1,(anonymous_95)
FNDA:0,(anonymous_97)
FNDA:1,(anonymous_98)
FNDA:0,(anonymous_100)
FNDA:1,(anonymous_101)
FNDA:0,(anonymous_103)
FNDA:1,(anonymous_104)
DA:1,1
DA:2,1
DA:3,1
DA:4,1
DA:5,1
DA:7,1
DA:8,1
DA:10,1
DA:11,1
DA:20,1
DA:23,1
DA:27,0
DA:31,0
DA:35,0
DA:40,1
DA:45,4
DA:46,4
DA:47,12
DA:48,12
DA:49,4
DA:52,0
DA:56,1
DA:57,1
DA:58,0
DA:60,1
DA:61,0
DA:63,1
DA:69,1
DA:78,1
DA:79,1
DA:80,1
DA:81,1
DA:85,1
DA:92,1
DA:93,1
DA:94,1
DA:95,1
DA:99,25
DA:100,0
DA:103,25
DA:105,25
DA:106,25
DA:111,11
DA:112,11
DA:113,0
DA:115,11
DA:117,11
DA:125,0
DA:126,0
DA:127,0
DA:130,0
DA:139,1
DA:140,0
DA:143,1
DA:145,1
DA:152,9
DA:156,4
DA:157,4
DA:161,1
DA:162,0
DA:165,1
DA:166,1
DA:170,0
DA:174,0
DA:179,3
DA:180,0
DA:183,3
DA:189,2
DA:190,0
DA:193,2
DA:199,1
DA:200,0
DA:203,1
DA:209,0
DA:210,0
DA:213,0
DA:215,0
DA:221,1
DA:222,0
DA:225,1
DA:230,1
DA:231,0
DA:233,1
DA:239,1
DA:243,0
DA:310,4
DA:314,4
DA:315,0
DA:318,4
DA:323,2
DA:324,2
DA:326,0
DA:328,2
DA:329,2
DA:330,2
DA:331,0
DA:333,2
DA:336,2
DA:340,2
DA:341,2
DA:342,2
DA:343,2
DA:344,6
DA:345,2
DA:351,2
DA:353,2
DA:357,0
DA:358,0
DA:359,0
DA:365,0
DA:370,1
DA:371,2
DA:372,1
DA:378,1
DA:382,0
DA:383,0
DA:384,0
DA:390,0
DA:396,0
DA:397,0
DA:400,0
DA:411,0
DA:415,1
DA:416,0
DA:419,1
DA:426,1
DA:430,1
DA:431,0
DA:434,1
DA:443,1
DA:447,1
DA:448,0
DA:451,1
DA:460,1
DA:464,1
DA:465,1
LF:136
LH:92
BRDA:48,0,0,4
BRDA:57,1,0,0
BRDA:60,2,0,0
BRDA:99,3,0,0
BRDA:314,4,0,0
BRDA:326,5,0,0
BRDA:326,5,1,0
BRDA:326,5,2,0
BRDA:330,6,0,2
BRF:9
BRH:2
end_of_record
