TN:
SF:src/aptos_account.ts
FN:25,(anonymous_6)
FN:20,(anonymous_7)
FN:35,(anonymous_8)
FN:41,(anonymous_9)
FN:52,(anonymous_10)
FN:56,(anonymous_11)
FN:61,(anonymous_12)
FN:66,(anonymous_13)
FNF:8
FNH:8
FNDA:96,(anonymous_6)
FNDA:4,(anonymous_7)
FNDA:32,(anonymous_8)
FNDA:129,(anonymous_9)
FNDA:14,(anonymous_10)
FNDA:12,(anonymous_11)
FNDA:12,(anonymous_12)
FNDA:1,(anonymous_13)
DA:1,3
DA:2,3
DA:3,3
DA:4,3
DA:13,3
DA:21,4
DA:26,96
DA:27,90
DA:29,6
DA:31,96
DA:36,32
DA:42,129
DA:43,84
DA:44,84
DA:45,84
DA:46,84
DA:48,129
DA:53,14
DA:57,12
DA:58,12
DA:62,12
DA:63,12
DA:67,1
LF:23
LH:23
BRDA:26,0,0,90
BRDA:26,0,1,6
BRDA:31,1,0,96
BRDA:31,1,1,52
BRDA:42,2,0,84
BRF:5
BRH:5
end_of_record
TN:
SF:src/aptos_client.ts
FN:16,(anonymous_7)
FN:18,(anonymous_8)
FN:28,raiseForStatus
FN:53,(anonymous_10)
FN:60,(anonymous_11)
FN:71,(anonymous_12)
FN:78,(anonymous_14)
FN:88,(anonymous_16)
FN:98,(anonymous_18)
FN:109,(anonymous_20)
FN:119,(anonymous_22)
FN:135,(anonymous_24)
FN:158,(anonymous_26)
FN:168,(anonymous_28)
FN:184,(anonymous_30)
FN:190,(anonymous_32)
FN:207,(anonymous_34)
FN:216,(anonymous_36)
FN:222,(anonymous_38)
FN:228,(anonymous_40)
FN:239,(anonymous_42)
FNF:21
FNH:17
FNDA:4,(anonymous_7)
FNDA:8,(anonymous_8)
FNDA:98,raiseForStatus
FNDA:11,(anonymous_10)
FNDA:87,(anonymous_11)
FNDA:12,(anonymous_12)
FNDA:0,(anonymous_14)
FNDA:1,(anonymous_16)
FNDA:1,(anonymous_18)
FNDA:3,(anonymous_20)
FNDA:1,(anonymous_22)
FNDA:11,(anonymous_24)
FNDA:11,(anonymous_26)
FNDA:11,(anonymous_28)
FNDA:0,(anonymous_30)
FNDA:0,(anonymous_32)
FNDA:11,(anonymous_34)
FNDA:1,(anonymous_36)
FNDA:0,(anonymous_38)
FNDA:46,(anonymous_40)
FNDA:24,(anonymous_42)
DA:2,3
DA:3,3
DA:4,3
DA:5,3
DA:6,3
DA:7,3
DA:11,3
DA:17,4
DA:18,8
DA:19,4
DA:20,4
DA:21,4
DA:22,4
DA:28,3
DA:33,98
DA:34,4
DA:35,2
DA:37,2
DA:41,3
DA:54,11
DA:57,11
DA:60,87
DA:65,11
DA:66,11
DA:67,11
DA:72,12
DA:73,12
DA:74,12
DA:82,0
DA:83,0
DA:84,0
DA:92,1
DA:93,1
DA:94,1
DA:103,1
DA:104,1
DA:105,1
DA:113,3
DA:114,3
DA:115,3
DA:124,1
DA:129,1
DA:130,1
DA:140,11
DA:141,11
DA:142,11
DA:159,11
DA:160,11
DA:162,11
DA:163,11
DA:172,11
DA:173,11
DA:175,11
DA:181,11
DA:185,0
DA:186,0
DA:187,0
DA:196,0
DA:202,0
DA:203,0
DA:211,11
DA:212,11
DA:213,11
DA:217,1
DA:218,1
DA:219,1
DA:223,0
DA:224,0
DA:225,0
DA:229,46
DA:231,46
DA:232,6
DA:234,40
DA:235,40
DA:240,24
DA:242,24
DA:244,22
DA:245,22
DA:246,22
DA:247,0
LF:80
LH:67
BRDA:18,0,0,2
BRDA:18,0,1,2
BRDA:18,1,0,4
BRDA:18,1,1,4
BRDA:18,2,0,2
BRDA:18,2,1,2
BRDA:18,3,0,4
BRDA:18,3,1,4
BRDA:19,4,0,2
BRDA:19,4,1,2
BRDA:19,5,0,2
BRDA:19,5,1,2
BRDA:33,6,0,4
BRDA:34,7,0,2
BRDA:61,8,0,11
BRDA:61,8,1,11
BRDA:151,9,0,11
BRDA:151,9,1,1
BRDA:231,10,0,6
BRDA:246,11,0,0
BRF:20
BRH:19
end_of_record
TN:
SF:src/faucet_client.ts
FN:10,(anonymous_8)
FN:17,(anonymous_9)
FN:19,(anonymous_11)
FNF:3
FNH:3
FNDA:2,(anonymous_8)
FNDA:11,(anonymous_9)
FNDA:11,(anonymous_11)
DA:2,2
DA:3,2
DA:5,2
DA:7,2
DA:11,2
DA:12,2
DA:18,11
DA:19,11
DA:20,11
DA:22,11
DA:23,11
DA:24,11
DA:25,13
DA:26,13
DA:28,11
DA:29,11
LF:16
LH:16
BRF:0
BRH:0
end_of_record
TN:
SF:src/hex_string.ts
FN:26,(anonymous_0)
FN:11,(anonymous_1)
FN:15,(anonymous_2)
FN:19,(anonymous_3)
FN:34,(anonymous_4)
FN:38,(anonymous_5)
FN:42,(anonymous_6)
FN:46,(anonymous_7)
FN:51,(anonymous_8)
FN:55,(anonymous_9)
FNF:10
FNH:10
FNDA:245,(anonymous_0)
FNDA:3,(anonymous_1)
FNDA:2,(anonymous_2)
FNDA:181,(anonymous_3)
FNDA:212,(anonymous_4)
FNDA:34,(anonymous_5)
FNDA:84,(anonymous_6)
FNDA:2,(anonymous_7)
FNDA:19,(anonymous_8)
FNDA:5,(anonymous_9)
DA:1,5
DA:7,5
DA:12,3
DA:16,2
DA:20,181
DA:21,151
DA:23,30
DA:27,245
DA:28,117
DA:30,128
DA:35,212
DA:39,34
DA:43,84
DA:47,2
DA:48,2
DA:52,19
DA:56,5
LF:17
LH:17
BRDA:27,0,0,117
BRDA:27,0,1,128
BRDA:20,1,0,151
BRF:3
BRH:3
end_of_record
TN:
SF:src/token_client.ts
FN:12,(anonymous_8)
FN:16,(anonymous_9)
FN:27,(anonymous_11)
FN:48,(anonymous_13)
FN:75,(anonymous_15)
FN:100,(anonymous_17)
FN:123,(anonymous_19)
FN:139,(anonymous_21)
FN:160,(anonymous_23)
FN:162,(anonymous_25)
FNF:10
FNH:6
FNDA:2,(anonymous_8)
FNDA:10,(anonymous_9)
FNDA:1,(anonymous_11)
FNDA:1,(anonymous_13)
FNDA:1,(anonymous_15)
FNDA:1,(anonymous_17)
FNDA:0,(anonymous_19)
FNDA:0,(anonymous_21)
FNDA:0,(anonymous_23)
FNDA:0,(anonymous_25)
DA:6,2
DA:7,2
DA:9,2
DA:13,2
DA:17,10
DA:20,10
DA:21,10
DA:22,10
DA:23,10
DA:33,1
DA:43,1
DA:44,1
DA:56,1
DA:70,1
DA:71,1
DA:83,1
DA:95,1
DA:96,1
DA:107,1
DA:118,1
DA:119,1
DA:129,0
DA:135,0
DA:136,0
DA:140,0
DA:150,0
DA:151,0
DA:152,0
DA:153,0
DA:155,0
DA:161,0
DA:162,0
DA:163,0
DA:169,0
DA:175,0
LF:35
LH:21
BRDA:150,0,0,0
BRDA:150,0,1,0
BRDA:152,1,0,0
BRDA:152,1,1,0
BRF:4
BRH:0
end_of_record
TN:
SF:src/util.ts
FN:5,sleep
FN:6,(anonymous_9)
FNF:2
FNH:2
FNDA:22,sleep
FNDA:22,(anonymous_9)
DA:5,3
DA:6,22
DA:7,22
LF:3
LH:3
BRF:0
BRH:0
end_of_record
TN:
SF:src/wallet_client.ts
FN:43,(anonymous_14)
FN:47,(anonymous_15)
FN:51,(anonymous_17)
FN:55,(anonymous_19)
FN:60,(anonymous_21)
FN:65,(anonymous_23)
FN:78,(anonymous_25)
FN:94,(anonymous_27)
FN:112,(anonymous_29)
FN:120,(anonymous_30)
FN:161,(anonymous_32)
FN:167,(anonymous_34)
FN:191,(anonymous_36)
FN:196,(anonymous_38)
FN:203,(anonymous_40)
FN:210,(anonymous_42)
FN:214,(anonymous_44)
FN:219,(anonymous_46)
FN:221,(anonymous_48)
FN:221,(anonymous_49)
FN:224,(anonymous_50)
FN:228,(anonymous_52)
FN:232,(anonymous_54)
FN:236,(anonymous_56)
FN:241,(anonymous_58)
FN:246,(anonymous_60)
FN:252,(anonymous_62)
FN:257,(anonymous_64)
FN:267,(anonymous_66)
FN:281,(anonymous_68)
FN:294,(anonymous_70)
FN:297,isEventEqual
FN:302,(anonymous_73)
FN:311,(anonymous_74)
FN:316,(anonymous_76)
FN:328,(anonymous_77)
FN:330,(anonymous_79)
FN:341,(anonymous_80)
FN:343,(anonymous_82)
FN:353,(anonymous_83)
FN:355,(anonymous_85)
FN:367,(anonymous_86)
FN:382,(anonymous_88)
FN:394,(anonymous_90)
FN:408,(anonymous_92)
FN:421,(anonymous_94)
FNF:46
FNH:20
FNDA:1,(anonymous_14)
FNDA:0,(anonymous_15)
FNDA:0,(anonymous_17)
FNDA:0,(anonymous_19)
FNDA:1,(anonymous_21)
FNDA:2,(anonymous_23)
FNDA:1,(anonymous_25)
FNDA:1,(anonymous_27)
FNDA:1,(anonymous_29)
FNDA:7,(anonymous_30)
FNDA:2,(anonymous_32)
FNDA:5,(anonymous_34)
FNDA:0,(anonymous_36)
FNDA:0,(anonymous_38)
FNDA:12,(anonymous_40)
FNDA:4,(anonymous_42)
FNDA:2,(anonymous_44)
FNDA:1,(anonymous_46)
FNDA:1,(anonymous_48)
FNDA:0,(anonymous_49)
FNDA:0,(anonymous_50)
FNDA:0,(anonymous_52)
FNDA:0,(anonymous_54)
FNDA:0,(anonymous_56)
FNDA:0,(anonymous_58)
FNDA:0,(anonymous_60)
FNDA:0,(anonymous_62)
FNDA:3,(anonymous_64)
FNDA:3,(anonymous_66)
FNDA:0,(anonymous_68)
FNDA:0,(anonymous_70)
FNDA:0,isEventEqual
FNDA:0,(anonymous_73)
FNDA:0,(anonymous_74)
FNDA:0,(anonymous_76)
FNDA:0,(anonymous_77)
FNDA:0,(anonymous_79)
FNDA:0,(anonymous_80)
FNDA:0,(anonymous_82)
FNDA:0,(anonymous_83)
FNDA:0,(anonymous_85)
FNDA:0,(anonymous_86)
FNDA:1,(anonymous_88)
FNDA:1,(anonymous_90)
FNDA:1,(anonymous_92)
FNDA:1,(anonymous_94)
DA:1,1
DA:2,1
DA:3,1
DA:4,1
DA:5,1
DA:8,1
DA:9,1
DA:11,1
DA:12,1
DA:15,1
DA:16,1
DA:18,1
DA:20,1
DA:21,1
DA:22,1
DA:41,1
DA:44,1
DA:48,0
DA:52,0
DA:56,0
DA:61,1
DA:66,2
DA:67,2
DA:68,6
DA:69,6
DA:70,2
DA:73,0
DA:79,1
DA:88,1
DA:89,1
DA:90,1
DA:91,1
DA:95,1
DA:96,1
DA:97,1
DA:99,0
DA:100,0
DA:102,0
DA:106,1
DA:113,1
DA:114,1
DA:115,1
DA:116,1
DA:121,7
DA:122,0
DA:124,7
DA:125,7
DA:126,7
DA:127,7
DA:128,26
DA:129,26
DA:130,26
DA:131,26
DA:132,26
DA:133,35
DA:134,35
DA:135,35
DA:136,26
DA:137,26
DA:140,26
DA:141,7
DA:143,19
DA:144,19
DA:146,28
DA:147,28
DA:148,19
DA:149,19
DA:150,19
DA:153,26
DA:154,7
DA:156,19
DA:158,7
DA:162,2
DA:163,2
DA:164,2
DA:168,5
DA:169,5
DA:170,5
DA:171,11
DA:172,11
DA:173,11
DA:174,11
DA:175,11
DA:178,11
DA:179,6
DA:180,6
DA:181,6
DA:182,6
DA:184,5
DA:185,5
DA:186,5
DA:188,0
DA:192,0
DA:197,0
DA:198,0
DA:199,0
DA:200,0
DA:204,12
DA:205,12
DA:206,12
DA:207,12
DA:211,4
DA:215,2
DA:216,2
DA:220,1
DA:221,1
DA:225,0
DA:229,0
DA:233,0
DA:238,0
DA:243,0
DA:248,0
DA:249,0
DA:254,0
DA:258,3
DA:264,3
DA:268,3
DA:269,3
DA:270,3
DA:271,3
DA:272,0
DA:274,3
DA:275,3
DA:276,3
DA:277,3
DA:278,3
DA:282,0
DA:286,0
DA:287,0
DA:290,0
DA:295,0
DA:296,0
DA:298,0
DA:300,0
DA:301,0
DA:302,0
DA:303,0
DA:305,0
DA:308,0
DA:312,0
DA:313,0
DA:314,0
DA:315,0
DA:316,0
DA:317,0
DA:323,0
DA:325,0
DA:329,0
DA:330,0
DA:331,0
DA:337,0
DA:342,0
DA:343,0
DA:344,0
DA:350,0
DA:354,0
DA:355,0
DA:356,0
DA:362,0
DA:368,0
DA:378,0
DA:383,1
DA:390,1
DA:395,1
DA:404,1
DA:409,1
DA:418,1
DA:422,1
DA:423,1
DA:424,1
LF:170
LH:112
BRDA:69,0,0,2
BRDA:96,1,0,1
BRDA:99,2,0,0
BRDA:121,3,0,0
BRDA:135,4,0,26
BRDA:140,5,0,7
BRDA:147,6,0,19
BRDA:153,7,0,7
BRDA:178,8,0,6
BRDA:271,9,0,0
BRDA:286,10,0,0
BRDA:298,11,0,0
BRDA:298,11,1,0
BRDA:298,11,2,0
BRDA:302,12,0,0
BRF:15
BRH:7
end_of_record
